{"/home/dumat/projects/news-portal_1.1/config/jest/jestEmptyComponent.tsx": {"path":"/home/dumat/projects/news-portal_1.1/config/jest/jestEmptyComponent.tsx","all":false,"statementMap":{"0":{"start":{"line":1,"column":0},"end":{"line":1,"column":25}},"1":{"start":{"line":2,"column":0},"end":{"line":2,"column":0}},"2":{"start":{"line":3,"column":0},"end":{"line":3,"column":40}},"3":{"start":{"line":4,"column":0},"end":{"line":4,"column":18}},"4":{"start":{"line":5,"column":0},"end":{"line":5,"column":1}},"5":{"start":{"line":6,"column":0},"end":{"line":6,"column":0}},"6":{"start":{"line":7,"column":0},"end":{"line":7,"column":33}}},"s":{"0":1,"1":1,"2":1,"3":11,"4":11,"5":1,"6":1},"branchMap":{"0":{"type":"branch","line":3,"loc":{"start":{"line":3,"column":27},"end":{"line":5,"column":1}},"locations":[{"start":{"line":3,"column":27},"end":{"line":5,"column":1}}]}},"b":{"0":[11]},"fnMap":{"0":{"name":"jestEmptyComponent","decl":{"start":{"line":3,"column":27},"end":{"line":5,"column":1}},"loc":{"start":{"line":3,"column":27},"end":{"line":5,"column":1}},"line":3}},"f":{"0":11}}
,"/home/dumat/projects/news-portal_1.1/src/Entities/Article/model/services/fetchArticleById/fetchArticleById.ts": {"path":"/home/dumat/projects/news-portal_1.1/src/Entities/Article/model/services/fetchArticleById/fetchArticleById.ts","all":false,"statementMap":{"0":{"start":{"line":1,"column":0},"end":{"line":1,"column":52}},"1":{"start":{"line":2,"column":0},"end":{"line":2,"column":58}},"2":{"start":{"line":3,"column":0},"end":{"line":3,"column":46}},"3":{"start":{"line":4,"column":0},"end":{"line":4,"column":0}},"4":{"start":{"line":5,"column":0},"end":{"line":5,"column":0}},"5":{"start":{"line":6,"column":0},"end":{"line":6,"column":0}},"6":{"start":{"line":7,"column":0},"end":{"line":7,"column":49}},"7":{"start":{"line":8,"column":0},"end":{"line":8,"column":11}},"8":{"start":{"line":9,"column":0},"end":{"line":9,"column":10}},"9":{"start":{"line":10,"column":0},"end":{"line":10,"column":22}},"10":{"start":{"line":11,"column":0},"end":{"line":11,"column":69}},"11":{"start":{"line":12,"column":0},"end":{"line":12,"column":47}},"12":{"start":{"line":13,"column":0},"end":{"line":13,"column":8}},"13":{"start":{"line":14,"column":0},"end":{"line":14,"column":78}},"14":{"start":{"line":15,"column":0},"end":{"line":15,"column":27}},"15":{"start":{"line":16,"column":0},"end":{"line":16,"column":27}},"16":{"start":{"line":17,"column":0},"end":{"line":17,"column":7}},"17":{"start":{"line":18,"column":0},"end":{"line":18,"column":27}},"18":{"start":{"line":19,"column":0},"end":{"line":19,"column":16}},"19":{"start":{"line":20,"column":0},"end":{"line":20,"column":21}},"20":{"start":{"line":21,"column":0},"end":{"line":21,"column":38}},"21":{"start":{"line":22,"column":0},"end":{"line":22,"column":4}},"22":{"start":{"line":23,"column":0},"end":{"line":23,"column":3}}},"s":{"0":1,"1":0,"2":1,"3":1,"4":1,"5":1,"6":1,"7":1,"8":1,"9":1,"10":1,"11":2,"12":2,"13":2,"14":2,"15":1,"16":1,"17":1,"18":1,"19":1,"20":1,"21":1,"22":1},"branchMap":{"0":{"type":"branch","line":2,"loc":{"start":{"line":2,"column":-1},"end":{"line":2,"column":58}},"locations":[{"start":{"line":2,"column":-1},"end":{"line":2,"column":58}}]},"1":{"type":"branch","line":2,"loc":{"start":{"line":2,"column":0},"end":{"line":2,"column":58}},"locations":[{"start":{"line":2,"column":0},"end":{"line":2,"column":58}}]},"2":{"type":"branch","line":2,"loc":{"start":{"line":2,"column":0},"end":{"line":2,"column":58}},"locations":[{"start":{"line":2,"column":0},"end":{"line":2,"column":58}}]},"3":{"type":"branch","line":2,"loc":{"start":{"line":2,"column":0},"end":{"line":2,"column":58}},"locations":[{"start":{"line":2,"column":0},"end":{"line":2,"column":58}}]},"4":{"type":"branch","line":2,"loc":{"start":{"line":2,"column":0},"end":{"line":2,"column":58}},"locations":[{"start":{"line":2,"column":0},"end":{"line":2,"column":58}}]},"5":{"type":"branch","line":2,"loc":{"start":{"line":2,"column":0},"end":{"line":2,"column":58}},"locations":[{"start":{"line":2,"column":0},"end":{"line":2,"column":58}}]},"6":{"type":"branch","line":2,"loc":{"start":{"line":2,"column":0},"end":{"line":2,"column":58}},"locations":[{"start":{"line":2,"column":0},"end":{"line":2,"column":58}}]},"7":{"type":"branch","line":2,"loc":{"start":{"line":2,"column":0},"end":{"line":2,"column":58}},"locations":[{"start":{"line":2,"column":0},"end":{"line":2,"column":58}}]},"8":{"type":"branch","line":2,"loc":{"start":{"line":2,"column":0},"end":{"line":2,"column":58}},"locations":[{"start":{"line":2,"column":0},"end":{"line":2,"column":58}}]},"9":{"type":"branch","line":2,"loc":{"start":{"line":2,"column":0},"end":{"line":2,"column":58}},"locations":[{"start":{"line":2,"column":0},"end":{"line":2,"column":58}}]},"10":{"type":"branch","line":2,"loc":{"start":{"line":2,"column":0},"end":{"line":2,"column":58}},"locations":[{"start":{"line":2,"column":0},"end":{"line":2,"column":58}}]},"11":{"type":"branch","line":2,"loc":{"start":{"line":2,"column":0},"end":{"line":2,"column":58}},"locations":[{"start":{"line":2,"column":0},"end":{"line":2,"column":58}}]},"12":{"type":"branch","line":2,"loc":{"start":{"line":2,"column":0},"end":{"line":2,"column":58}},"locations":[{"start":{"line":2,"column":0},"end":{"line":2,"column":58}}]},"13":{"type":"branch","line":2,"loc":{"start":{"line":2,"column":0},"end":{"line":2,"column":58}},"locations":[{"start":{"line":2,"column":0},"end":{"line":2,"column":58}}]},"14":{"type":"branch","line":2,"loc":{"start":{"line":2,"column":0},"end":{"line":2,"column":58}},"locations":[{"start":{"line":2,"column":0},"end":{"line":2,"column":58}}]},"15":{"type":"branch","line":2,"loc":{"start":{"line":2,"column":0},"end":{"line":2,"column":58}},"locations":[{"start":{"line":2,"column":0},"end":{"line":2,"column":58}}]},"16":{"type":"branch","line":2,"loc":{"start":{"line":2,"column":0},"end":{"line":2,"column":58}},"locations":[{"start":{"line":2,"column":0},"end":{"line":2,"column":58}}]},"17":{"type":"branch","line":2,"loc":{"start":{"line":2,"column":0},"end":{"line":2,"column":58}},"locations":[{"start":{"line":2,"column":0},"end":{"line":2,"column":58}}]},"18":{"type":"branch","line":2,"loc":{"start":{"line":2,"column":0},"end":{"line":2,"column":58}},"locations":[{"start":{"line":2,"column":0},"end":{"line":2,"column":58}}]},"19":{"type":"branch","line":2,"loc":{"start":{"line":2,"column":0},"end":{"line":2,"column":58}},"locations":[{"start":{"line":2,"column":0},"end":{"line":2,"column":58}}]},"20":{"type":"branch","line":2,"loc":{"start":{"line":2,"column":0},"end":{"line":2,"column":58}},"locations":[{"start":{"line":2,"column":0},"end":{"line":2,"column":58}}]},"21":{"type":"branch","line":2,"loc":{"start":{"line":2,"column":0},"end":{"line":2,"column":58}},"locations":[{"start":{"line":2,"column":0},"end":{"line":2,"column":58}}]},"22":{"type":"branch","line":2,"loc":{"start":{"line":2,"column":0},"end":{"line":2,"column":58}},"locations":[{"start":{"line":2,"column":0},"end":{"line":2,"column":58}}]},"23":{"type":"branch","line":2,"loc":{"start":{"line":2,"column":0},"end":{"line":2,"column":58}},"locations":[{"start":{"line":2,"column":0},"end":{"line":2,"column":58}}]},"24":{"type":"branch","line":2,"loc":{"start":{"line":2,"column":0},"end":{"line":2,"column":58}},"locations":[{"start":{"line":2,"column":0},"end":{"line":2,"column":58}}]},"25":{"type":"branch","line":2,"loc":{"start":{"line":2,"column":0},"end":{"line":2,"column":58}},"locations":[{"start":{"line":2,"column":0},"end":{"line":2,"column":58}}]},"26":{"type":"branch","line":2,"loc":{"start":{"line":2,"column":0},"end":{"line":2,"column":58}},"locations":[{"start":{"line":2,"column":0},"end":{"line":2,"column":58}}]},"27":{"type":"branch","line":2,"loc":{"start":{"line":2,"column":0},"end":{"line":2,"column":58}},"locations":[{"start":{"line":2,"column":0},"end":{"line":2,"column":58}}]},"28":{"type":"branch","line":2,"loc":{"start":{"line":2,"column":0},"end":{"line":2,"column":58}},"locations":[{"start":{"line":2,"column":0},"end":{"line":2,"column":58}}]},"29":{"type":"branch","line":2,"loc":{"start":{"line":2,"column":0},"end":{"line":2,"column":58}},"locations":[{"start":{"line":2,"column":0},"end":{"line":2,"column":58}}]},"30":{"type":"branch","line":2,"loc":{"start":{"line":2,"column":0},"end":{"line":2,"column":58}},"locations":[{"start":{"line":2,"column":0},"end":{"line":2,"column":58}}]},"31":{"type":"branch","line":2,"loc":{"start":{"line":2,"column":0},"end":{"line":2,"column":58}},"locations":[{"start":{"line":2,"column":0},"end":{"line":2,"column":58}}]},"32":{"type":"branch","line":2,"loc":{"start":{"line":2,"column":0},"end":{"line":2,"column":58}},"locations":[{"start":{"line":2,"column":0},"end":{"line":2,"column":58}}]},"33":{"type":"branch","line":2,"loc":{"start":{"line":2,"column":0},"end":{"line":2,"column":58}},"locations":[{"start":{"line":2,"column":0},"end":{"line":2,"column":58}}]},"34":{"type":"branch","line":2,"loc":{"start":{"line":2,"column":0},"end":{"line":2,"column":58}},"locations":[{"start":{"line":2,"column":0},"end":{"line":2,"column":58}}]},"35":{"type":"branch","line":2,"loc":{"start":{"line":2,"column":0},"end":{"line":2,"column":58}},"locations":[{"start":{"line":2,"column":0},"end":{"line":2,"column":58}}]},"36":{"type":"branch","line":2,"loc":{"start":{"line":2,"column":0},"end":{"line":2,"column":58}},"locations":[{"start":{"line":2,"column":0},"end":{"line":2,"column":58}}]},"37":{"type":"branch","line":2,"loc":{"start":{"line":2,"column":0},"end":{"line":2,"column":58}},"locations":[{"start":{"line":2,"column":0},"end":{"line":2,"column":58}}]},"38":{"type":"branch","line":2,"loc":{"start":{"line":2,"column":0},"end":{"line":2,"column":58}},"locations":[{"start":{"line":2,"column":0},"end":{"line":2,"column":58}}]},"39":{"type":"branch","line":2,"loc":{"start":{"line":2,"column":0},"end":{"line":2,"column":58}},"locations":[{"start":{"line":2,"column":0},"end":{"line":2,"column":58}}]},"40":{"type":"branch","line":2,"loc":{"start":{"line":2,"column":0},"end":{"line":2,"column":58}},"locations":[{"start":{"line":2,"column":0},"end":{"line":2,"column":58}}]},"41":{"type":"branch","line":2,"loc":{"start":{"line":2,"column":0},"end":{"line":2,"column":58}},"locations":[{"start":{"line":2,"column":0},"end":{"line":2,"column":58}}]},"42":{"type":"branch","line":2,"loc":{"start":{"line":2,"column":0},"end":{"line":2,"column":58}},"locations":[{"start":{"line":2,"column":0},"end":{"line":2,"column":58}}]},"43":{"type":"branch","line":2,"loc":{"start":{"line":2,"column":0},"end":{"line":2,"column":58}},"locations":[{"start":{"line":2,"column":0},"end":{"line":2,"column":58}}]},"44":{"type":"branch","line":2,"loc":{"start":{"line":2,"column":0},"end":{"line":2,"column":58}},"locations":[{"start":{"line":2,"column":0},"end":{"line":2,"column":58}}]},"45":{"type":"branch","line":2,"loc":{"start":{"line":2,"column":0},"end":{"line":2,"column":58}},"locations":[{"start":{"line":2,"column":0},"end":{"line":2,"column":58}}]},"46":{"type":"branch","line":2,"loc":{"start":{"line":2,"column":0},"end":{"line":2,"column":58}},"locations":[{"start":{"line":2,"column":0},"end":{"line":2,"column":58}}]},"47":{"type":"branch","line":2,"loc":{"start":{"line":2,"column":0},"end":{"line":2,"column":58}},"locations":[{"start":{"line":2,"column":0},"end":{"line":2,"column":58}}]},"48":{"type":"branch","line":2,"loc":{"start":{"line":2,"column":0},"end":{"line":2,"column":58}},"locations":[{"start":{"line":2,"column":0},"end":{"line":2,"column":58}}]},"49":{"type":"branch","line":2,"loc":{"start":{"line":2,"column":0},"end":{"line":2,"column":58}},"locations":[{"start":{"line":2,"column":0},"end":{"line":2,"column":58}}]},"50":{"type":"branch","line":2,"loc":{"start":{"line":2,"column":0},"end":{"line":2,"column":58}},"locations":[{"start":{"line":2,"column":0},"end":{"line":2,"column":58}}]},"51":{"type":"branch","line":2,"loc":{"start":{"line":2,"column":0},"end":{"line":2,"column":58}},"locations":[{"start":{"line":2,"column":0},"end":{"line":2,"column":58}}]},"52":{"type":"branch","line":2,"loc":{"start":{"line":2,"column":0},"end":{"line":2,"column":58}},"locations":[{"start":{"line":2,"column":0},"end":{"line":2,"column":58}}]},"53":{"type":"branch","line":2,"loc":{"start":{"line":2,"column":0},"end":{"line":2,"column":58}},"locations":[{"start":{"line":2,"column":0},"end":{"line":2,"column":58}}]},"54":{"type":"branch","line":2,"loc":{"start":{"line":2,"column":0},"end":{"line":2,"column":58}},"locations":[{"start":{"line":2,"column":0},"end":{"line":2,"column":58}}]},"55":{"type":"branch","line":2,"loc":{"start":{"line":2,"column":0},"end":{"line":2,"column":58}},"locations":[{"start":{"line":2,"column":0},"end":{"line":2,"column":58}}]},"56":{"type":"branch","line":2,"loc":{"start":{"line":2,"column":0},"end":{"line":2,"column":58}},"locations":[{"start":{"line":2,"column":0},"end":{"line":2,"column":58}}]},"57":{"type":"branch","line":2,"loc":{"start":{"line":2,"column":0},"end":{"line":2,"column":58}},"locations":[{"start":{"line":2,"column":0},"end":{"line":2,"column":58}}]},"58":{"type":"branch","line":2,"loc":{"start":{"line":2,"column":0},"end":{"line":2,"column":58}},"locations":[{"start":{"line":2,"column":0},"end":{"line":2,"column":58}}]},"59":{"type":"branch","line":2,"loc":{"start":{"line":2,"column":0},"end":{"line":2,"column":58}},"locations":[{"start":{"line":2,"column":0},"end":{"line":2,"column":58}}]},"60":{"type":"branch","line":2,"loc":{"start":{"line":2,"column":0},"end":{"line":2,"column":58}},"locations":[{"start":{"line":2,"column":0},"end":{"line":2,"column":58}}]},"61":{"type":"branch","line":2,"loc":{"start":{"line":2,"column":0},"end":{"line":2,"column":58}},"locations":[{"start":{"line":2,"column":0},"end":{"line":2,"column":58}}]},"62":{"type":"branch","line":2,"loc":{"start":{"line":2,"column":0},"end":{"line":2,"column":58}},"locations":[{"start":{"line":2,"column":0},"end":{"line":2,"column":58}}]},"63":{"type":"branch","line":2,"loc":{"start":{"line":2,"column":0},"end":{"line":2,"column":58}},"locations":[{"start":{"line":2,"column":0},"end":{"line":2,"column":58}}]},"64":{"type":"branch","line":2,"loc":{"start":{"line":2,"column":0},"end":{"line":2,"column":58}},"locations":[{"start":{"line":2,"column":0},"end":{"line":2,"column":58}}]},"65":{"type":"branch","line":2,"loc":{"start":{"line":2,"column":0},"end":{"line":2,"column":58}},"locations":[{"start":{"line":2,"column":0},"end":{"line":2,"column":58}}]},"66":{"type":"branch","line":2,"loc":{"start":{"line":2,"column":0},"end":{"line":2,"column":58}},"locations":[{"start":{"line":2,"column":0},"end":{"line":2,"column":58}}]},"67":{"type":"branch","line":2,"loc":{"start":{"line":2,"column":0},"end":{"line":2,"column":58}},"locations":[{"start":{"line":2,"column":0},"end":{"line":2,"column":58}}]},"68":{"type":"branch","line":2,"loc":{"start":{"line":2,"column":0},"end":{"line":2,"column":58}},"locations":[{"start":{"line":2,"column":0},"end":{"line":2,"column":58}}]},"69":{"type":"branch","line":2,"loc":{"start":{"line":2,"column":0},"end":{"line":2,"column":58}},"locations":[{"start":{"line":2,"column":0},"end":{"line":2,"column":58}}]},"70":{"type":"branch","line":2,"loc":{"start":{"line":2,"column":0},"end":{"line":2,"column":58}},"locations":[{"start":{"line":2,"column":0},"end":{"line":2,"column":58}}]},"71":{"type":"branch","line":2,"loc":{"start":{"line":2,"column":0},"end":{"line":2,"column":58}},"locations":[{"start":{"line":2,"column":0},"end":{"line":2,"column":58}}]},"72":{"type":"branch","line":2,"loc":{"start":{"line":2,"column":0},"end":{"line":2,"column":58}},"locations":[{"start":{"line":2,"column":0},"end":{"line":2,"column":58}}]},"73":{"type":"branch","line":2,"loc":{"start":{"line":2,"column":0},"end":{"line":2,"column":58}},"locations":[{"start":{"line":2,"column":0},"end":{"line":2,"column":58}}]},"74":{"type":"branch","line":2,"loc":{"start":{"line":2,"column":0},"end":{"line":2,"column":58}},"locations":[{"start":{"line":2,"column":0},"end":{"line":2,"column":58}}]},"75":{"type":"branch","line":2,"loc":{"start":{"line":2,"column":0},"end":{"line":2,"column":58}},"locations":[{"start":{"line":2,"column":0},"end":{"line":2,"column":58}}]},"76":{"type":"branch","line":2,"loc":{"start":{"line":2,"column":0},"end":{"line":2,"column":58}},"locations":[{"start":{"line":2,"column":0},"end":{"line":2,"column":58}}]},"77":{"type":"branch","line":2,"loc":{"start":{"line":2,"column":0},"end":{"line":2,"column":58}},"locations":[{"start":{"line":2,"column":0},"end":{"line":2,"column":58}}]},"78":{"type":"branch","line":2,"loc":{"start":{"line":2,"column":0},"end":{"line":2,"column":58}},"locations":[{"start":{"line":2,"column":0},"end":{"line":2,"column":58}}]},"79":{"type":"branch","line":11,"loc":{"start":{"line":11,"column":35},"end":{"line":23,"column":2}},"locations":[{"start":{"line":11,"column":35},"end":{"line":23,"column":2}}]},"80":{"type":"branch","line":11,"loc":{"start":{"line":11,"column":37},"end":{"line":21,"column":38}},"locations":[{"start":{"line":11,"column":37},"end":{"line":21,"column":38}}]},"81":{"type":"branch","line":11,"loc":{"start":{"line":11,"column":63},"end":{"line":21,"column":38}},"locations":[{"start":{"line":11,"column":63},"end":{"line":21,"column":38}}]},"82":{"type":"branch","line":11,"loc":{"start":{"line":11,"column":63},"end":{"line":21,"column":38}},"locations":[{"start":{"line":11,"column":63},"end":{"line":21,"column":38}}]},"83":{"type":"branch","line":11,"loc":{"start":{"line":11,"column":63},"end":{"line":14,"column":78}},"locations":[{"start":{"line":11,"column":63},"end":{"line":14,"column":78}}]},"84":{"type":"branch","line":14,"loc":{"start":{"line":14,"column":77},"end":{"line":16,"column":27}},"locations":[{"start":{"line":14,"column":77},"end":{"line":16,"column":27}}]},"85":{"type":"branch","line":15,"loc":{"start":{"line":15,"column":24},"end":{"line":16,"column":27}},"locations":[{"start":{"line":15,"column":24},"end":{"line":16,"column":27}}]},"86":{"type":"branch","line":16,"loc":{"start":{"line":16,"column":26},"end":{"line":18,"column":27}},"locations":[{"start":{"line":16,"column":26},"end":{"line":18,"column":27}}]},"87":{"type":"branch","line":18,"loc":{"start":{"line":18,"column":26},"end":{"line":21,"column":38}},"locations":[{"start":{"line":18,"column":26},"end":{"line":21,"column":38}}]},"88":{"type":"branch","line":21,"loc":{"start":{"line":21,"column":37},"end":{"line":21,"column":38}},"locations":[{"start":{"line":21,"column":37},"end":{"line":21,"column":38}}]},"89":{"type":"branch","line":21,"loc":{"start":{"line":21,"column":37},"end":{"line":21,"column":38}},"locations":[{"start":{"line":21,"column":37},"end":{"line":21,"column":38}}]},"90":{"type":"branch","line":23,"loc":{"start":{"line":23,"column":1},"end":{"line":23,"column":2}},"locations":[{"start":{"line":23,"column":1},"end":{"line":23,"column":2}}]}},"b":{"0":[1],"1":[0],"2":[0],"3":[0],"4":[0],"5":[0],"6":[0],"7":[2],"8":[13],"9":[2],"10":[0],"11":[0],"12":[7],"13":[1],"14":[2],"15":[6],"16":[4],"17":[2],"18":[4],"19":[0],"20":[0],"21":[7],"22":[0],"23":[4],"24":[3],"25":[1],"26":[0],"27":[2],"28":[6],"29":[2],"30":[4],"31":[2],"32":[4],"33":[1],"34":[2],"35":[0],"36":[5],"37":[4],"38":[2],"39":[1],"40":[0],"41":[0],"42":[0],"43":[1],"44":[0],"45":[2],"46":[0],"47":[2],"48":[0],"49":[1],"50":[0],"51":[0],"52":[0],"53":[0],"54":[1],"55":[4],"56":[8],"57":[4],"58":[0],"59":[0],"60":[0],"61":[0],"62":[0],"63":[0],"64":[0],"65":[0],"66":[4],"67":[0],"68":[0],"69":[0],"70":[1],"71":[0],"72":[4],"73":[0],"74":[2],"75":[1],"76":[2],"77":[2],"78":[4],"79":[1],"80":[2],"81":[7],"82":[8],"83":[2],"84":[2],"85":[1],"86":[1],"87":[1],"88":[0],"89":[2],"90":[2]},"fnMap":{"0":{"name":"_regeneratorRuntime","decl":{"start":{"line":2,"column":-1},"end":{"line":2,"column":58}},"loc":{"start":{"line":2,"column":-1},"end":{"line":2,"column":58}},"line":2},"1":{"name":"_regeneratorRuntime","decl":{"start":{"line":2,"column":0},"end":{"line":2,"column":58}},"loc":{"start":{"line":2,"column":0},"end":{"line":2,"column":58}},"line":2},"2":{"name":"o","decl":{"start":{"line":2,"column":0},"end":{"line":2,"column":58}},"loc":{"start":{"line":2,"column":0},"end":{"line":2,"column":58}},"line":2},"3":{"name":"define","decl":{"start":{"line":2,"column":0},"end":{"line":2,"column":58}},"loc":{"start":{"line":2,"column":0},"end":{"line":2,"column":58}},"line":2},"4":{"name":"define","decl":{"start":{"line":2,"column":0},"end":{"line":2,"column":58}},"loc":{"start":{"line":2,"column":0},"end":{"line":2,"column":58}},"line":2},"5":{"name":"wrap","decl":{"start":{"line":2,"column":0},"end":{"line":2,"column":58}},"loc":{"start":{"line":2,"column":0},"end":{"line":2,"column":58}},"line":2},"6":{"name":"tryCatch","decl":{"start":{"line":2,"column":0},"end":{"line":2,"column":58}},"loc":{"start":{"line":2,"column":0},"end":{"line":2,"column":58}},"line":2},"7":{"name":"Generator","decl":{"start":{"line":2,"column":0},"end":{"line":2,"column":58}},"loc":{"start":{"line":2,"column":0},"end":{"line":2,"column":58}},"line":2},"8":{"name":"GeneratorFunction","decl":{"start":{"line":2,"column":0},"end":{"line":2,"column":58}},"loc":{"start":{"line":2,"column":0},"end":{"line":2,"column":58}},"line":2},"9":{"name":"GeneratorFunctionPrototype","decl":{"start":{"line":2,"column":0},"end":{"line":2,"column":58}},"loc":{"start":{"line":2,"column":0},"end":{"line":2,"column":58}},"line":2},"10":{"name":"defineIteratorMethods","decl":{"start":{"line":2,"column":0},"end":{"line":2,"column":58}},"loc":{"start":{"line":2,"column":0},"end":{"line":2,"column":58}},"line":2},"11":{"name":"AsyncIterator","decl":{"start":{"line":2,"column":0},"end":{"line":2,"column":58}},"loc":{"start":{"line":2,"column":0},"end":{"line":2,"column":58}},"line":2},"12":{"name":"makeInvokeMethod","decl":{"start":{"line":2,"column":0},"end":{"line":2,"column":58}},"loc":{"start":{"line":2,"column":0},"end":{"line":2,"column":58}},"line":2},"13":{"name":"maybeInvokeDelegate","decl":{"start":{"line":2,"column":0},"end":{"line":2,"column":58}},"loc":{"start":{"line":2,"column":0},"end":{"line":2,"column":58}},"line":2},"14":{"name":"pushTryEntry","decl":{"start":{"line":2,"column":0},"end":{"line":2,"column":58}},"loc":{"start":{"line":2,"column":0},"end":{"line":2,"column":58}},"line":2},"15":{"name":"resetTryEntry","decl":{"start":{"line":2,"column":0},"end":{"line":2,"column":58}},"loc":{"start":{"line":2,"column":0},"end":{"line":2,"column":58}},"line":2},"16":{"name":"Context","decl":{"start":{"line":2,"column":0},"end":{"line":2,"column":58}},"loc":{"start":{"line":2,"column":0},"end":{"line":2,"column":58}},"line":2},"17":{"name":"values","decl":{"start":{"line":2,"column":0},"end":{"line":2,"column":58}},"loc":{"start":{"line":2,"column":0},"end":{"line":2,"column":58}},"line":2},"18":{"name":"next","decl":{"start":{"line":2,"column":0},"end":{"line":2,"column":58}},"loc":{"start":{"line":2,"column":0},"end":{"line":2,"column":58}},"line":2},"19":{"name":"e.isGeneratorFunction","decl":{"start":{"line":2,"column":0},"end":{"line":2,"column":58}},"loc":{"start":{"line":2,"column":0},"end":{"line":2,"column":58}},"line":2},"20":{"name":"e.mark","decl":{"start":{"line":2,"column":0},"end":{"line":2,"column":58}},"loc":{"start":{"line":2,"column":0},"end":{"line":2,"column":58}},"line":2},"21":{"name":"e.awrap","decl":{"start":{"line":2,"column":0},"end":{"line":2,"column":58}},"loc":{"start":{"line":2,"column":0},"end":{"line":2,"column":58}},"line":2},"22":{"name":"e.async","decl":{"start":{"line":2,"column":0},"end":{"line":2,"column":58}},"loc":{"start":{"line":2,"column":0},"end":{"line":2,"column":58}},"line":2},"23":{"name":"e.keys","decl":{"start":{"line":2,"column":0},"end":{"line":2,"column":58}},"loc":{"start":{"line":2,"column":0},"end":{"line":2,"column":58}},"line":2},"24":{"name":"reset","decl":{"start":{"line":2,"column":0},"end":{"line":2,"column":58}},"loc":{"start":{"line":2,"column":0},"end":{"line":2,"column":58}},"line":2},"25":{"name":"stop","decl":{"start":{"line":2,"column":0},"end":{"line":2,"column":58}},"loc":{"start":{"line":2,"column":0},"end":{"line":2,"column":58}},"line":2},"26":{"name":"dispatchException","decl":{"start":{"line":2,"column":0},"end":{"line":2,"column":58}},"loc":{"start":{"line":2,"column":0},"end":{"line":2,"column":58}},"line":2},"27":{"name":"handle","decl":{"start":{"line":2,"column":0},"end":{"line":2,"column":58}},"loc":{"start":{"line":2,"column":0},"end":{"line":2,"column":58}},"line":2},"28":{"name":"abrupt","decl":{"start":{"line":2,"column":0},"end":{"line":2,"column":58}},"loc":{"start":{"line":2,"column":0},"end":{"line":2,"column":58}},"line":2},"29":{"name":"complete","decl":{"start":{"line":2,"column":0},"end":{"line":2,"column":58}},"loc":{"start":{"line":2,"column":0},"end":{"line":2,"column":58}},"line":2},"30":{"name":"finish","decl":{"start":{"line":2,"column":0},"end":{"line":2,"column":58}},"loc":{"start":{"line":2,"column":0},"end":{"line":2,"column":58}},"line":2},"31":{"name":"_catch","decl":{"start":{"line":2,"column":0},"end":{"line":2,"column":58}},"loc":{"start":{"line":2,"column":0},"end":{"line":2,"column":58}},"line":2},"32":{"name":"delegateYield","decl":{"start":{"line":2,"column":0},"end":{"line":2,"column":58}},"loc":{"start":{"line":2,"column":0},"end":{"line":2,"column":58}},"line":2},"33":{"name":"asyncGeneratorStep","decl":{"start":{"line":2,"column":0},"end":{"line":2,"column":58}},"loc":{"start":{"line":2,"column":0},"end":{"line":2,"column":58}},"line":2},"34":{"name":"_asyncToGenerator","decl":{"start":{"line":2,"column":0},"end":{"line":2,"column":58}},"loc":{"start":{"line":2,"column":0},"end":{"line":2,"column":58}},"line":2},"35":{"name":"_next","decl":{"start":{"line":2,"column":0},"end":{"line":2,"column":58}},"loc":{"start":{"line":2,"column":0},"end":{"line":2,"column":58}},"line":2},"36":{"name":"_throw","decl":{"start":{"line":2,"column":0},"end":{"line":2,"column":58}},"loc":{"start":{"line":2,"column":0},"end":{"line":2,"column":58}},"line":2},"37":{"name":"_callee","decl":{"start":{"line":11,"column":37},"end":{"line":21,"column":38}},"loc":{"start":{"line":11,"column":37},"end":{"line":21,"column":38}},"line":11},"38":{"name":"_callee$","decl":{"start":{"line":11,"column":63},"end":{"line":21,"column":38}},"loc":{"start":{"line":11,"column":63},"end":{"line":21,"column":38}},"line":11}},"f":{"0":1,"1":2,"2":0,"3":13,"4":0,"5":2,"6":7,"7":0,"8":0,"9":0,"10":2,"11":0,"12":2,"13":0,"14":2,"15":5,"16":2,"17":1,"18":0,"19":0,"20":1,"21":0,"22":0,"23":0,"24":2,"25":2,"26":1,"27":1,"28":4,"29":4,"30":0,"31":1,"32":0,"33":4,"34":1,"35":4,"36":0,"37":2,"38":7}}
,"/home/dumat/projects/news-portal_1.1/src/Entities/Article/model/types/article.ts": {"path":"/home/dumat/projects/news-portal_1.1/src/Entities/Article/model/types/article.ts","all":false,"statementMap":{"0":{"start":{"line":1,"column":0},"end":{"line":1,"column":30}},"1":{"start":{"line":2,"column":0},"end":{"line":2,"column":17}},"2":{"start":{"line":3,"column":0},"end":{"line":3,"column":19}},"3":{"start":{"line":4,"column":0},"end":{"line":4,"column":17}},"4":{"start":{"line":5,"column":0},"end":{"line":5,"column":1}},"5":{"start":{"line":6,"column":0},"end":{"line":6,"column":0}},"6":{"start":{"line":7,"column":0},"end":{"line":7,"column":35}},"7":{"start":{"line":8,"column":0},"end":{"line":8,"column":14}},"8":{"start":{"line":9,"column":0},"end":{"line":9,"column":26}},"9":{"start":{"line":10,"column":0},"end":{"line":10,"column":1}},"10":{"start":{"line":11,"column":0},"end":{"line":11,"column":0}},"11":{"start":{"line":12,"column":0},"end":{"line":12,"column":60}},"12":{"start":{"line":13,"column":0},"end":{"line":13,"column":31}},"13":{"start":{"line":14,"column":0},"end":{"line":14,"column":16}},"14":{"start":{"line":15,"column":0},"end":{"line":15,"column":1}},"15":{"start":{"line":16,"column":0},"end":{"line":16,"column":0}},"16":{"start":{"line":17,"column":0},"end":{"line":17,"column":61}},"17":{"start":{"line":18,"column":0},"end":{"line":18,"column":32}},"18":{"start":{"line":19,"column":0},"end":{"line":19,"column":15}},"19":{"start":{"line":20,"column":0},"end":{"line":20,"column":17}},"20":{"start":{"line":21,"column":0},"end":{"line":21,"column":1}},"21":{"start":{"line":22,"column":0},"end":{"line":22,"column":0}},"22":{"start":{"line":23,"column":0},"end":{"line":23,"column":60}},"23":{"start":{"line":24,"column":0},"end":{"line":24,"column":31}},"24":{"start":{"line":25,"column":0},"end":{"line":25,"column":24}},"25":{"start":{"line":26,"column":0},"end":{"line":26,"column":18}},"26":{"start":{"line":27,"column":0},"end":{"line":27,"column":1}},"27":{"start":{"line":28,"column":0},"end":{"line":28,"column":0}},"28":{"start":{"line":29,"column":0},"end":{"line":29,"column":26}},"29":{"start":{"line":30,"column":0},"end":{"line":30,"column":21}},"30":{"start":{"line":31,"column":0},"end":{"line":31,"column":22}},"31":{"start":{"line":32,"column":0},"end":{"line":32,"column":22}},"32":{"start":{"line":33,"column":0},"end":{"line":33,"column":0}},"33":{"start":{"line":34,"column":0},"end":{"line":34,"column":25}},"34":{"start":{"line":35,"column":0},"end":{"line":35,"column":13}},"35":{"start":{"line":36,"column":0},"end":{"line":36,"column":23}},"36":{"start":{"line":37,"column":0},"end":{"line":37,"column":27}},"37":{"start":{"line":38,"column":0},"end":{"line":38,"column":1}},"38":{"start":{"line":39,"column":0},"end":{"line":39,"column":0}},"39":{"start":{"line":40,"column":0},"end":{"line":40,"column":26}},"40":{"start":{"line":41,"column":0},"end":{"line":41,"column":14}},"41":{"start":{"line":42,"column":0},"end":{"line":42,"column":17}},"42":{"start":{"line":43,"column":0},"end":{"line":43,"column":20}},"43":{"start":{"line":44,"column":0},"end":{"line":44,"column":17}},"44":{"start":{"line":45,"column":0},"end":{"line":45,"column":21}},"45":{"start":{"line":46,"column":0},"end":{"line":46,"column":14}},"46":{"start":{"line":47,"column":0},"end":{"line":47,"column":23}},"47":{"start":{"line":48,"column":0},"end":{"line":48,"column":26}},"48":{"start":{"line":49,"column":0},"end":{"line":49,"column":1}}},"s":{"0":1,"1":1,"2":1,"3":1,"4":1,"5":1,"6":1,"7":1,"8":1,"9":1,"10":1,"11":1,"12":1,"13":1,"14":1,"15":1,"16":1,"17":1,"18":1,"19":1,"20":1,"21":1,"22":1,"23":1,"24":1,"25":1,"26":1,"27":1,"28":1,"29":1,"30":1,"31":1,"32":1,"33":1,"34":1,"35":1,"36":1,"37":1,"38":1,"39":1,"40":1,"41":1,"42":1,"43":1,"44":1,"45":1,"46":1,"47":1,"48":1},"branchMap":{"0":{"type":"branch","line":1,"loc":{"start":{"line":1,"column":28},"end":{"line":1,"column":30}},"locations":[{"start":{"line":1,"column":28},"end":{"line":1,"column":30}}]},"1":{"type":"branch","line":34,"loc":{"start":{"line":34,"column":23},"end":{"line":34,"column":25}},"locations":[{"start":{"line":34,"column":23},"end":{"line":34,"column":25}}]}},"b":{"0":[1],"1":[1]},"fnMap":{},"f":{}}
,"/home/dumat/projects/news-portal_1.1/src/Entities/Country/index.ts": {"path":"/home/dumat/projects/news-portal_1.1/src/Entities/Country/index.ts","all":false,"statementMap":{"0":{"start":{"line":1,"column":0},"end":{"line":1,"column":47}},"1":{"start":{"line":2,"column":0},"end":{"line":2,"column":65}},"2":{"start":{"line":3,"column":0},"end":{"line":3,"column":0}},"3":{"start":{"line":4,"column":0},"end":{"line":4,"column":34}}},"s":{"0":1,"1":1,"2":1,"3":1},"branchMap":{},"b":{},"fnMap":{},"f":{}}
,"/home/dumat/projects/news-portal_1.1/src/Entities/Country/model/types/county.ts": {"path":"/home/dumat/projects/news-portal_1.1/src/Entities/Country/model/types/county.ts","all":false,"statementMap":{"0":{"start":{"line":1,"column":0},"end":{"line":1,"column":21}},"1":{"start":{"line":2,"column":0},"end":{"line":2,"column":15}},"2":{"start":{"line":3,"column":0},"end":{"line":3,"column":23}},"3":{"start":{"line":4,"column":0},"end":{"line":4,"column":31}},"4":{"start":{"line":5,"column":0},"end":{"line":5,"column":28}},"5":{"start":{"line":6,"column":0},"end":{"line":6,"column":1}}},"s":{"0":1,"1":1,"2":1,"3":1,"4":1,"5":1},"branchMap":{"0":{"type":"branch","line":1,"loc":{"start":{"line":1,"column":19},"end":{"line":1,"column":21}},"locations":[{"start":{"line":1,"column":19},"end":{"line":1,"column":21}}]}},"b":{"0":[5]},"fnMap":{},"f":{}}
,"/home/dumat/projects/news-portal_1.1/src/Entities/Country/ui/CountrySelect/CountrySelect.tsx": {"path":"/home/dumat/projects/news-portal_1.1/src/Entities/Country/ui/CountrySelect/CountrySelect.tsx","all":false,"statementMap":{"0":{"start":{"line":1,"column":0},"end":{"line":1,"column":62}},"1":{"start":{"line":2,"column":0},"end":{"line":2,"column":49}},"2":{"start":{"line":3,"column":0},"end":{"line":3,"column":47}},"3":{"start":{"line":4,"column":0},"end":{"line":4,"column":42}},"4":{"start":{"line":5,"column":0},"end":{"line":5,"column":51}},"5":{"start":{"line":6,"column":0},"end":{"line":6,"column":0}},"6":{"start":{"line":7,"column":0},"end":{"line":7,"column":30}},"7":{"start":{"line":8,"column":0},"end":{"line":8,"column":22}},"8":{"start":{"line":9,"column":0},"end":{"line":9,"column":19}},"9":{"start":{"line":10,"column":0},"end":{"line":10,"column":39}},"10":{"start":{"line":11,"column":0},"end":{"line":11,"column":22}},"11":{"start":{"line":12,"column":0},"end":{"line":12,"column":1}},"12":{"start":{"line":13,"column":0},"end":{"line":13,"column":0}},"13":{"start":{"line":14,"column":0},"end":{"line":14,"column":17}},"14":{"start":{"line":15,"column":0},"end":{"line":15,"column":48}},"15":{"start":{"line":16,"column":0},"end":{"line":16,"column":64}},"16":{"start":{"line":17,"column":0},"end":{"line":17,"column":56}},"17":{"start":{"line":18,"column":0},"end":{"line":18,"column":62}},"18":{"start":{"line":19,"column":0},"end":{"line":19,"column":2}},"19":{"start":{"line":20,"column":0},"end":{"line":20,"column":0}},"20":{"start":{"line":21,"column":0},"end":{"line":21,"column":66}},"21":{"start":{"line":22,"column":0},"end":{"line":22,"column":58}},"22":{"start":{"line":23,"column":0},"end":{"line":23,"column":43}},"23":{"start":{"line":24,"column":0},"end":{"line":24,"column":0}},"24":{"start":{"line":25,"column":0},"end":{"line":25,"column":59}},"25":{"start":{"line":26,"column":0},"end":{"line":26,"column":35}},"26":{"start":{"line":27,"column":0},"end":{"line":27,"column":18}},"27":{"start":{"line":28,"column":0},"end":{"line":28,"column":0}},"28":{"start":{"line":29,"column":0},"end":{"line":29,"column":11}},"29":{"start":{"line":30,"column":0},"end":{"line":30,"column":13}},"30":{"start":{"line":31,"column":0},"end":{"line":31,"column":52}},"31":{"start":{"line":32,"column":0},"end":{"line":32,"column":38}},"32":{"start":{"line":33,"column":0},"end":{"line":33,"column":26}},"33":{"start":{"line":34,"column":0},"end":{"line":34,"column":22}},"34":{"start":{"line":35,"column":0},"end":{"line":35,"column":35}},"35":{"start":{"line":36,"column":0},"end":{"line":36,"column":28}},"36":{"start":{"line":37,"column":0},"end":{"line":37,"column":8}},"37":{"start":{"line":38,"column":0},"end":{"line":38,"column":5}},"38":{"start":{"line":39,"column":0},"end":{"line":39,"column":3}}},"s":{"0":1,"1":1,"2":1,"3":1,"4":1,"5":1,"6":1,"7":1,"8":1,"9":1,"10":1,"11":1,"12":1,"13":1,"14":1,"15":1,"16":1,"17":1,"18":1,"19":1,"20":1,"21":0,"22":0,"23":0,"24":0,"25":0,"26":0,"27":0,"28":0,"29":0,"30":0,"31":0,"32":0,"33":0,"34":0,"35":0,"36":0,"37":0,"38":1},"branchMap":{},"b":{},"fnMap":{},"f":{}}
,"/home/dumat/projects/news-portal_1.1/src/Entities/Currency/index.ts": {"path":"/home/dumat/projects/news-portal_1.1/src/Entities/Currency/index.ts","all":false,"statementMap":{"0":{"start":{"line":1,"column":0},"end":{"line":1,"column":50}},"1":{"start":{"line":2,"column":0},"end":{"line":2,"column":68}},"2":{"start":{"line":3,"column":0},"end":{"line":3,"column":0}},"3":{"start":{"line":4,"column":0},"end":{"line":4,"column":36}}},"s":{"0":1,"1":1,"2":1,"3":1},"branchMap":{},"b":{},"fnMap":{},"f":{}}
,"/home/dumat/projects/news-portal_1.1/src/Entities/Currency/model/types/currency.ts": {"path":"/home/dumat/projects/news-portal_1.1/src/Entities/Currency/model/types/currency.ts","all":false,"statementMap":{"0":{"start":{"line":1,"column":0},"end":{"line":1,"column":22}},"1":{"start":{"line":2,"column":0},"end":{"line":2,"column":15}},"2":{"start":{"line":3,"column":0},"end":{"line":3,"column":15}},"3":{"start":{"line":4,"column":0},"end":{"line":4,"column":15}},"4":{"start":{"line":5,"column":0},"end":{"line":5,"column":1}}},"s":{"0":1,"1":1,"2":1,"3":1,"4":1},"branchMap":{"0":{"type":"branch","line":1,"loc":{"start":{"line":1,"column":20},"end":{"line":1,"column":22}},"locations":[{"start":{"line":1,"column":20},"end":{"line":1,"column":22}}]}},"b":{"0":[5]},"fnMap":{},"f":{}}
,"/home/dumat/projects/news-portal_1.1/src/Entities/Currency/ui/CurrensySelect/CurrencySelect.tsx": {"path":"/home/dumat/projects/news-portal_1.1/src/Entities/Currency/ui/CurrensySelect/CurrencySelect.tsx","all":false,"statementMap":{"0":{"start":{"line":1,"column":0},"end":{"line":1,"column":62}},"1":{"start":{"line":2,"column":0},"end":{"line":2,"column":49}},"2":{"start":{"line":3,"column":0},"end":{"line":3,"column":47}},"3":{"start":{"line":4,"column":0},"end":{"line":4,"column":42}},"4":{"start":{"line":5,"column":0},"end":{"line":5,"column":54}},"5":{"start":{"line":6,"column":0},"end":{"line":6,"column":0}},"6":{"start":{"line":7,"column":0},"end":{"line":7,"column":31}},"7":{"start":{"line":8,"column":0},"end":{"line":8,"column":22}},"8":{"start":{"line":9,"column":0},"end":{"line":9,"column":20}},"9":{"start":{"line":10,"column":0},"end":{"line":10,"column":40}},"10":{"start":{"line":11,"column":0},"end":{"line":11,"column":22}},"11":{"start":{"line":12,"column":0},"end":{"line":12,"column":1}},"12":{"start":{"line":13,"column":0},"end":{"line":13,"column":0}},"13":{"start":{"line":14,"column":0},"end":{"line":14,"column":17}},"14":{"start":{"line":15,"column":0},"end":{"line":15,"column":50}},"15":{"start":{"line":16,"column":0},"end":{"line":16,"column":50}},"16":{"start":{"line":17,"column":0},"end":{"line":17,"column":50}},"17":{"start":{"line":18,"column":0},"end":{"line":18,"column":2}},"18":{"start":{"line":19,"column":0},"end":{"line":19,"column":0}},"19":{"start":{"line":20,"column":0},"end":{"line":20,"column":68}},"20":{"start":{"line":21,"column":0},"end":{"line":21,"column":58}},"21":{"start":{"line":22,"column":0},"end":{"line":22,"column":43}},"22":{"start":{"line":23,"column":0},"end":{"line":23,"column":0}},"23":{"start":{"line":24,"column":0},"end":{"line":24,"column":59}},"24":{"start":{"line":25,"column":0},"end":{"line":25,"column":36}},"25":{"start":{"line":26,"column":0},"end":{"line":26,"column":18}},"26":{"start":{"line":27,"column":0},"end":{"line":27,"column":0}},"27":{"start":{"line":28,"column":0},"end":{"line":28,"column":11}},"28":{"start":{"line":29,"column":0},"end":{"line":29,"column":13}},"29":{"start":{"line":30,"column":0},"end":{"line":30,"column":52}},"30":{"start":{"line":31,"column":0},"end":{"line":31,"column":39}},"31":{"start":{"line":32,"column":0},"end":{"line":32,"column":26}},"32":{"start":{"line":33,"column":0},"end":{"line":33,"column":22}},"33":{"start":{"line":34,"column":0},"end":{"line":34,"column":35}},"34":{"start":{"line":35,"column":0},"end":{"line":35,"column":28}},"35":{"start":{"line":36,"column":0},"end":{"line":36,"column":8}},"36":{"start":{"line":37,"column":0},"end":{"line":37,"column":5}},"37":{"start":{"line":38,"column":0},"end":{"line":38,"column":3}}},"s":{"0":1,"1":1,"2":1,"3":1,"4":1,"5":1,"6":1,"7":1,"8":1,"9":1,"10":1,"11":1,"12":1,"13":1,"14":1,"15":1,"16":1,"17":1,"18":1,"19":1,"20":0,"21":0,"22":0,"23":0,"24":0,"25":0,"26":0,"27":0,"28":0,"29":0,"30":0,"31":0,"32":0,"33":0,"34":0,"35":0,"36":0,"37":1},"branchMap":{},"b":{},"fnMap":{},"f":{}}
,"/home/dumat/projects/news-portal_1.1/src/Entities/Profile/index.ts": {"path":"/home/dumat/projects/news-portal_1.1/src/Entities/Profile/index.ts","all":false,"statementMap":{"0":{"start":{"line":1,"column":0},"end":{"line":1,"column":8}},"1":{"start":{"line":2,"column":0},"end":{"line":2,"column":11}},"2":{"start":{"line":3,"column":0},"end":{"line":3,"column":17}},"3":{"start":{"line":4,"column":0},"end":{"line":4,"column":25}},"4":{"start":{"line":5,"column":0},"end":{"line":5,"column":31}},"5":{"start":{"line":6,"column":0},"end":{"line":6,"column":76}},"6":{"start":{"line":7,"column":0},"end":{"line":7,"column":86}},"7":{"start":{"line":8,"column":0},"end":{"line":8,"column":89}},"8":{"start":{"line":9,"column":0},"end":{"line":9,"column":59}},"9":{"start":{"line":10,"column":0},"end":{"line":10,"column":81}},"10":{"start":{"line":11,"column":0},"end":{"line":11,"column":96}},"11":{"start":{"line":12,"column":0},"end":{"line":12,"column":84}},"12":{"start":{"line":13,"column":0},"end":{"line":13,"column":93}},"13":{"start":{"line":14,"column":0},"end":{"line":14,"column":81}},"14":{"start":{"line":15,"column":0},"end":{"line":15,"column":111}},"15":{"start":{"line":16,"column":0},"end":{"line":16,"column":0}},"16":{"start":{"line":17,"column":0},"end":{"line":17,"column":8}},"17":{"start":{"line":18,"column":0},"end":{"line":18,"column":11}},"18":{"start":{"line":19,"column":0},"end":{"line":19,"column":17}},"19":{"start":{"line":20,"column":0},"end":{"line":20,"column":18}},"20":{"start":{"line":21,"column":0},"end":{"line":21,"column":18}},"21":{"start":{"line":22,"column":0},"end":{"line":22,"column":20}},"22":{"start":{"line":23,"column":0},"end":{"line":23,"column":15}},"23":{"start":{"line":24,"column":0},"end":{"line":24,"column":18}},"24":{"start":{"line":25,"column":0},"end":{"line":25,"column":23}},"25":{"start":{"line":26,"column":0},"end":{"line":26,"column":19}},"26":{"start":{"line":27,"column":0},"end":{"line":27,"column":22}},"27":{"start":{"line":28,"column":0},"end":{"line":28,"column":18}},"28":{"start":{"line":29,"column":0},"end":{"line":29,"column":21}},"29":{"start":{"line":30,"column":0},"end":{"line":30,"column":28}},"30":{"start":{"line":31,"column":0},"end":{"line":31,"column":25}},"31":{"start":{"line":32,"column":0},"end":{"line":32,"column":2}}},"s":{"0":1,"1":1,"2":1,"3":1,"4":1,"5":1,"6":1,"7":1,"8":1,"9":1,"10":1,"11":1,"12":1,"13":1,"14":1,"15":1,"16":1,"17":1,"18":1,"19":1,"20":1,"21":1,"22":1,"23":1,"24":1,"25":1,"26":1,"27":1,"28":1,"29":1,"30":1,"31":1},"branchMap":{},"b":{},"fnMap":{},"f":{}}
,"/home/dumat/projects/news-portal_1.1/src/Entities/Profile/model/selectors/getProfileData/getProfileData.ts": {"path":"/home/dumat/projects/news-portal_1.1/src/Entities/Profile/model/selectors/getProfileData/getProfileData.ts","all":false,"statementMap":{"0":{"start":{"line":1,"column":0},"end":{"line":1,"column":58}},"1":{"start":{"line":2,"column":0},"end":{"line":2,"column":0}},"2":{"start":{"line":3,"column":0},"end":{"line":3,"column":75}}},"s":{"0":1,"1":1,"2":1},"branchMap":{"0":{"type":"branch","line":3,"loc":{"start":{"line":3,"column":30},"end":{"line":3,"column":75}},"locations":[{"start":{"line":3,"column":30},"end":{"line":3,"column":75}}]},"1":{"type":"branch","line":3,"loc":{"start":{"line":3,"column":68},"end":{"line":3,"column":70}},"locations":[{"start":{"line":3,"column":68},"end":{"line":3,"column":70}}]},"2":{"type":"branch","line":3,"loc":{"start":{"line":3,"column":68},"end":{"line":3,"column":74}},"locations":[{"start":{"line":3,"column":68},"end":{"line":3,"column":74}}]}},"b":{"0":[2],"1":[1],"2":[1]},"fnMap":{"0":{"name":"getProfileData","decl":{"start":{"line":3,"column":30},"end":{"line":3,"column":75}},"loc":{"start":{"line":3,"column":30},"end":{"line":3,"column":75}},"line":3}},"f":{"0":2}}
,"/home/dumat/projects/news-portal_1.1/src/Entities/Profile/model/selectors/getProfileError/getProfileError.ts": {"path":"/home/dumat/projects/news-portal_1.1/src/Entities/Profile/model/selectors/getProfileError/getProfileError.ts","all":false,"statementMap":{"0":{"start":{"line":1,"column":0},"end":{"line":1,"column":58}},"1":{"start":{"line":2,"column":0},"end":{"line":2,"column":0}},"2":{"start":{"line":3,"column":0},"end":{"line":3,"column":77}}},"s":{"0":1,"1":1,"2":1},"branchMap":{"0":{"type":"branch","line":3,"loc":{"start":{"line":3,"column":31},"end":{"line":3,"column":77}},"locations":[{"start":{"line":3,"column":31},"end":{"line":3,"column":77}}]},"1":{"type":"branch","line":3,"loc":{"start":{"line":3,"column":69},"end":{"line":3,"column":71}},"locations":[{"start":{"line":3,"column":69},"end":{"line":3,"column":71}}]},"2":{"type":"branch","line":3,"loc":{"start":{"line":3,"column":69},"end":{"line":3,"column":76}},"locations":[{"start":{"line":3,"column":69},"end":{"line":3,"column":76}}]}},"b":{"0":[2],"1":[1],"2":[1]},"fnMap":{"0":{"name":"getProfileError","decl":{"start":{"line":3,"column":31},"end":{"line":3,"column":77}},"loc":{"start":{"line":3,"column":31},"end":{"line":3,"column":77}},"line":3}},"f":{"0":2}}
,"/home/dumat/projects/news-portal_1.1/src/Entities/Profile/model/selectors/getProfileForm/getProfileForm.ts": {"path":"/home/dumat/projects/news-portal_1.1/src/Entities/Profile/model/selectors/getProfileForm/getProfileForm.ts","all":false,"statementMap":{"0":{"start":{"line":1,"column":0},"end":{"line":1,"column":58}},"1":{"start":{"line":2,"column":0},"end":{"line":2,"column":0}},"2":{"start":{"line":3,"column":0},"end":{"line":3,"column":73}}},"s":{"0":1,"1":1,"2":1},"branchMap":{"0":{"type":"branch","line":3,"loc":{"start":{"line":3,"column":30},"end":{"line":3,"column":73}},"locations":[{"start":{"line":3,"column":30},"end":{"line":3,"column":73}}]},"1":{"type":"branch","line":3,"loc":{"start":{"line":3,"column":67},"end":{"line":3,"column":69}},"locations":[{"start":{"line":3,"column":67},"end":{"line":3,"column":69}}]},"2":{"type":"branch","line":3,"loc":{"start":{"line":3,"column":67},"end":{"line":3,"column":73}},"locations":[{"start":{"line":3,"column":67},"end":{"line":3,"column":73}}]}},"b":{"0":[5],"1":[1],"2":[4]},"fnMap":{"0":{"name":"getProfileForm","decl":{"start":{"line":3,"column":30},"end":{"line":3,"column":73}},"loc":{"start":{"line":3,"column":30},"end":{"line":3,"column":73}},"line":3}},"f":{"0":5}}
,"/home/dumat/projects/news-portal_1.1/src/Entities/Profile/model/selectors/getProfileIsLoading/getProfileIsLoading.ts": {"path":"/home/dumat/projects/news-portal_1.1/src/Entities/Profile/model/selectors/getProfileIsLoading/getProfileIsLoading.ts","all":false,"statementMap":{"0":{"start":{"line":1,"column":0},"end":{"line":1,"column":58}},"1":{"start":{"line":2,"column":0},"end":{"line":2,"column":0}},"2":{"start":{"line":3,"column":0},"end":{"line":3,"column":58}},"3":{"start":{"line":4,"column":0},"end":{"line":4,"column":29}}},"s":{"0":1,"1":1,"2":1,"3":3},"branchMap":{"0":{"type":"branch","line":3,"loc":{"start":{"line":3,"column":35},"end":{"line":4,"column":29}},"locations":[{"start":{"line":3,"column":35},"end":{"line":4,"column":29}}]},"1":{"type":"branch","line":4,"loc":{"start":{"line":4,"column":17},"end":{"line":4,"column":19}},"locations":[{"start":{"line":4,"column":17},"end":{"line":4,"column":19}}]},"2":{"type":"branch","line":4,"loc":{"start":{"line":4,"column":17},"end":{"line":4,"column":28}},"locations":[{"start":{"line":4,"column":17},"end":{"line":4,"column":28}}]}},"b":{"0":[3],"1":[1],"2":[2]},"fnMap":{"0":{"name":"getProfileIsLoading","decl":{"start":{"line":3,"column":35},"end":{"line":4,"column":29}},"loc":{"start":{"line":3,"column":35},"end":{"line":4,"column":29}},"line":3}},"f":{"0":3}}
,"/home/dumat/projects/news-portal_1.1/src/Entities/Profile/model/selectors/getProfileReadonly/getProfileReadonly.ts": {"path":"/home/dumat/projects/news-portal_1.1/src/Entities/Profile/model/selectors/getProfileReadonly/getProfileReadonly.ts","all":false,"statementMap":{"0":{"start":{"line":1,"column":0},"end":{"line":1,"column":58}},"1":{"start":{"line":2,"column":0},"end":{"line":2,"column":0}},"2":{"start":{"line":3,"column":0},"end":{"line":3,"column":57}},"3":{"start":{"line":4,"column":0},"end":{"line":4,"column":27}}},"s":{"0":1,"1":1,"2":1,"3":3},"branchMap":{"0":{"type":"branch","line":3,"loc":{"start":{"line":3,"column":34},"end":{"line":4,"column":27}},"locations":[{"start":{"line":3,"column":34},"end":{"line":4,"column":27}}]},"1":{"type":"branch","line":4,"loc":{"start":{"line":4,"column":16},"end":{"line":4,"column":18}},"locations":[{"start":{"line":4,"column":16},"end":{"line":4,"column":18}}]},"2":{"type":"branch","line":4,"loc":{"start":{"line":4,"column":16},"end":{"line":4,"column":26}},"locations":[{"start":{"line":4,"column":16},"end":{"line":4,"column":26}}]}},"b":{"0":[3],"1":[1],"2":[2]},"fnMap":{"0":{"name":"getProfileReadonly","decl":{"start":{"line":3,"column":34},"end":{"line":4,"column":27}},"loc":{"start":{"line":3,"column":34},"end":{"line":4,"column":27}},"line":3}},"f":{"0":3}}
,"/home/dumat/projects/news-portal_1.1/src/Entities/Profile/model/selectors/getProfileValidateErrors/getProfileValidateErrors.ts": {"path":"/home/dumat/projects/news-portal_1.1/src/Entities/Profile/model/selectors/getProfileValidateErrors/getProfileValidateErrors.ts","all":false,"statementMap":{"0":{"start":{"line":1,"column":0},"end":{"line":1,"column":58}},"1":{"start":{"line":2,"column":0},"end":{"line":2,"column":0}},"2":{"start":{"line":3,"column":0},"end":{"line":3,"column":93}}},"s":{"0":1,"1":1,"2":1},"branchMap":{"0":{"type":"branch","line":3,"loc":{"start":{"line":3,"column":40},"end":{"line":3,"column":93}},"locations":[{"start":{"line":3,"column":40},"end":{"line":3,"column":93}}]},"1":{"type":"branch","line":3,"loc":{"start":{"line":3,"column":77},"end":{"line":3,"column":79}},"locations":[{"start":{"line":3,"column":77},"end":{"line":3,"column":79}}]},"2":{"type":"branch","line":3,"loc":{"start":{"line":3,"column":77},"end":{"line":3,"column":93}},"locations":[{"start":{"line":3,"column":77},"end":{"line":3,"column":93}}]}},"b":{"0":[2],"1":[1],"2":[1]},"fnMap":{"0":{"name":"getProfileValidateErrors","decl":{"start":{"line":3,"column":40},"end":{"line":3,"column":93}},"loc":{"start":{"line":3,"column":40},"end":{"line":3,"column":93}},"line":3}},"f":{"0":2}}
,"/home/dumat/projects/news-portal_1.1/src/Entities/Profile/model/services/fetchProfileData/fetchProfileData.ts": {"path":"/home/dumat/projects/news-portal_1.1/src/Entities/Profile/model/services/fetchProfileData/fetchProfileData.ts","all":false,"statementMap":{"0":{"start":{"line":1,"column":0},"end":{"line":1,"column":52}},"1":{"start":{"line":2,"column":0},"end":{"line":2,"column":58}},"2":{"start":{"line":3,"column":0},"end":{"line":3,"column":0}},"3":{"start":{"line":4,"column":0},"end":{"line":4,"column":46}},"4":{"start":{"line":5,"column":0},"end":{"line":5,"column":0}},"5":{"start":{"line":6,"column":0},"end":{"line":6,"column":49}},"6":{"start":{"line":7,"column":0},"end":{"line":7,"column":11}},"7":{"start":{"line":8,"column":0},"end":{"line":8,"column":10}},"8":{"start":{"line":9,"column":0},"end":{"line":9,"column":22}},"9":{"start":{"line":10,"column":0},"end":{"line":10,"column":62}},"10":{"start":{"line":11,"column":0},"end":{"line":11,"column":47}},"11":{"start":{"line":12,"column":0},"end":{"line":12,"column":8}},"12":{"start":{"line":13,"column":0},"end":{"line":13,"column":77}},"13":{"start":{"line":14,"column":0},"end":{"line":14,"column":27}},"14":{"start":{"line":15,"column":0},"end":{"line":15,"column":27}},"15":{"start":{"line":16,"column":0},"end":{"line":16,"column":7}},"16":{"start":{"line":17,"column":0},"end":{"line":17,"column":27}},"17":{"start":{"line":18,"column":0},"end":{"line":18,"column":16}},"18":{"start":{"line":19,"column":0},"end":{"line":19,"column":38}},"19":{"start":{"line":20,"column":0},"end":{"line":20,"column":4}},"20":{"start":{"line":21,"column":0},"end":{"line":21,"column":3}}},"s":{"0":1,"1":0,"2":1,"3":1,"4":1,"5":1,"6":1,"7":1,"8":1,"9":1,"10":2,"11":2,"12":2,"13":2,"14":1,"15":1,"16":1,"17":1,"18":1,"19":3,"20":1},"branchMap":{"0":{"type":"branch","line":2,"loc":{"start":{"line":2,"column":-1},"end":{"line":2,"column":58}},"locations":[{"start":{"line":2,"column":-1},"end":{"line":2,"column":58}}]},"1":{"type":"branch","line":2,"loc":{"start":{"line":2,"column":0},"end":{"line":2,"column":58}},"locations":[{"start":{"line":2,"column":0},"end":{"line":2,"column":58}}]},"2":{"type":"branch","line":2,"loc":{"start":{"line":2,"column":0},"end":{"line":2,"column":58}},"locations":[{"start":{"line":2,"column":0},"end":{"line":2,"column":58}}]},"3":{"type":"branch","line":2,"loc":{"start":{"line":2,"column":0},"end":{"line":2,"column":58}},"locations":[{"start":{"line":2,"column":0},"end":{"line":2,"column":58}}]},"4":{"type":"branch","line":2,"loc":{"start":{"line":2,"column":0},"end":{"line":2,"column":58}},"locations":[{"start":{"line":2,"column":0},"end":{"line":2,"column":58}}]},"5":{"type":"branch","line":2,"loc":{"start":{"line":2,"column":0},"end":{"line":2,"column":58}},"locations":[{"start":{"line":2,"column":0},"end":{"line":2,"column":58}}]},"6":{"type":"branch","line":2,"loc":{"start":{"line":2,"column":0},"end":{"line":2,"column":58}},"locations":[{"start":{"line":2,"column":0},"end":{"line":2,"column":58}}]},"7":{"type":"branch","line":2,"loc":{"start":{"line":2,"column":0},"end":{"line":2,"column":58}},"locations":[{"start":{"line":2,"column":0},"end":{"line":2,"column":58}}]},"8":{"type":"branch","line":2,"loc":{"start":{"line":2,"column":0},"end":{"line":2,"column":58}},"locations":[{"start":{"line":2,"column":0},"end":{"line":2,"column":58}}]},"9":{"type":"branch","line":2,"loc":{"start":{"line":2,"column":0},"end":{"line":2,"column":58}},"locations":[{"start":{"line":2,"column":0},"end":{"line":2,"column":58}}]},"10":{"type":"branch","line":2,"loc":{"start":{"line":2,"column":0},"end":{"line":2,"column":58}},"locations":[{"start":{"line":2,"column":0},"end":{"line":2,"column":58}}]},"11":{"type":"branch","line":2,"loc":{"start":{"line":2,"column":0},"end":{"line":2,"column":58}},"locations":[{"start":{"line":2,"column":0},"end":{"line":2,"column":58}}]},"12":{"type":"branch","line":2,"loc":{"start":{"line":2,"column":0},"end":{"line":2,"column":58}},"locations":[{"start":{"line":2,"column":0},"end":{"line":2,"column":58}}]},"13":{"type":"branch","line":2,"loc":{"start":{"line":2,"column":0},"end":{"line":2,"column":58}},"locations":[{"start":{"line":2,"column":0},"end":{"line":2,"column":58}}]},"14":{"type":"branch","line":2,"loc":{"start":{"line":2,"column":0},"end":{"line":2,"column":58}},"locations":[{"start":{"line":2,"column":0},"end":{"line":2,"column":58}}]},"15":{"type":"branch","line":2,"loc":{"start":{"line":2,"column":0},"end":{"line":2,"column":58}},"locations":[{"start":{"line":2,"column":0},"end":{"line":2,"column":58}}]},"16":{"type":"branch","line":2,"loc":{"start":{"line":2,"column":0},"end":{"line":2,"column":58}},"locations":[{"start":{"line":2,"column":0},"end":{"line":2,"column":58}}]},"17":{"type":"branch","line":2,"loc":{"start":{"line":2,"column":0},"end":{"line":2,"column":58}},"locations":[{"start":{"line":2,"column":0},"end":{"line":2,"column":58}}]},"18":{"type":"branch","line":2,"loc":{"start":{"line":2,"column":0},"end":{"line":2,"column":58}},"locations":[{"start":{"line":2,"column":0},"end":{"line":2,"column":58}}]},"19":{"type":"branch","line":2,"loc":{"start":{"line":2,"column":0},"end":{"line":2,"column":58}},"locations":[{"start":{"line":2,"column":0},"end":{"line":2,"column":58}}]},"20":{"type":"branch","line":2,"loc":{"start":{"line":2,"column":0},"end":{"line":2,"column":58}},"locations":[{"start":{"line":2,"column":0},"end":{"line":2,"column":58}}]},"21":{"type":"branch","line":2,"loc":{"start":{"line":2,"column":0},"end":{"line":2,"column":58}},"locations":[{"start":{"line":2,"column":0},"end":{"line":2,"column":58}}]},"22":{"type":"branch","line":2,"loc":{"start":{"line":2,"column":0},"end":{"line":2,"column":58}},"locations":[{"start":{"line":2,"column":0},"end":{"line":2,"column":58}}]},"23":{"type":"branch","line":2,"loc":{"start":{"line":2,"column":0},"end":{"line":2,"column":58}},"locations":[{"start":{"line":2,"column":0},"end":{"line":2,"column":58}}]},"24":{"type":"branch","line":2,"loc":{"start":{"line":2,"column":0},"end":{"line":2,"column":58}},"locations":[{"start":{"line":2,"column":0},"end":{"line":2,"column":58}}]},"25":{"type":"branch","line":2,"loc":{"start":{"line":2,"column":0},"end":{"line":2,"column":58}},"locations":[{"start":{"line":2,"column":0},"end":{"line":2,"column":58}}]},"26":{"type":"branch","line":2,"loc":{"start":{"line":2,"column":0},"end":{"line":2,"column":58}},"locations":[{"start":{"line":2,"column":0},"end":{"line":2,"column":58}}]},"27":{"type":"branch","line":2,"loc":{"start":{"line":2,"column":0},"end":{"line":2,"column":58}},"locations":[{"start":{"line":2,"column":0},"end":{"line":2,"column":58}}]},"28":{"type":"branch","line":2,"loc":{"start":{"line":2,"column":0},"end":{"line":2,"column":58}},"locations":[{"start":{"line":2,"column":0},"end":{"line":2,"column":58}}]},"29":{"type":"branch","line":2,"loc":{"start":{"line":2,"column":0},"end":{"line":2,"column":58}},"locations":[{"start":{"line":2,"column":0},"end":{"line":2,"column":58}}]},"30":{"type":"branch","line":2,"loc":{"start":{"line":2,"column":0},"end":{"line":2,"column":58}},"locations":[{"start":{"line":2,"column":0},"end":{"line":2,"column":58}}]},"31":{"type":"branch","line":2,"loc":{"start":{"line":2,"column":0},"end":{"line":2,"column":58}},"locations":[{"start":{"line":2,"column":0},"end":{"line":2,"column":58}}]},"32":{"type":"branch","line":2,"loc":{"start":{"line":2,"column":0},"end":{"line":2,"column":58}},"locations":[{"start":{"line":2,"column":0},"end":{"line":2,"column":58}}]},"33":{"type":"branch","line":2,"loc":{"start":{"line":2,"column":0},"end":{"line":2,"column":58}},"locations":[{"start":{"line":2,"column":0},"end":{"line":2,"column":58}}]},"34":{"type":"branch","line":2,"loc":{"start":{"line":2,"column":0},"end":{"line":2,"column":58}},"locations":[{"start":{"line":2,"column":0},"end":{"line":2,"column":58}}]},"35":{"type":"branch","line":2,"loc":{"start":{"line":2,"column":0},"end":{"line":2,"column":58}},"locations":[{"start":{"line":2,"column":0},"end":{"line":2,"column":58}}]},"36":{"type":"branch","line":2,"loc":{"start":{"line":2,"column":0},"end":{"line":2,"column":58}},"locations":[{"start":{"line":2,"column":0},"end":{"line":2,"column":58}}]},"37":{"type":"branch","line":2,"loc":{"start":{"line":2,"column":0},"end":{"line":2,"column":58}},"locations":[{"start":{"line":2,"column":0},"end":{"line":2,"column":58}}]},"38":{"type":"branch","line":2,"loc":{"start":{"line":2,"column":0},"end":{"line":2,"column":58}},"locations":[{"start":{"line":2,"column":0},"end":{"line":2,"column":58}}]},"39":{"type":"branch","line":2,"loc":{"start":{"line":2,"column":0},"end":{"line":2,"column":58}},"locations":[{"start":{"line":2,"column":0},"end":{"line":2,"column":58}}]},"40":{"type":"branch","line":2,"loc":{"start":{"line":2,"column":0},"end":{"line":2,"column":58}},"locations":[{"start":{"line":2,"column":0},"end":{"line":2,"column":58}}]},"41":{"type":"branch","line":2,"loc":{"start":{"line":2,"column":0},"end":{"line":2,"column":58}},"locations":[{"start":{"line":2,"column":0},"end":{"line":2,"column":58}}]},"42":{"type":"branch","line":2,"loc":{"start":{"line":2,"column":0},"end":{"line":2,"column":58}},"locations":[{"start":{"line":2,"column":0},"end":{"line":2,"column":58}}]},"43":{"type":"branch","line":2,"loc":{"start":{"line":2,"column":0},"end":{"line":2,"column":58}},"locations":[{"start":{"line":2,"column":0},"end":{"line":2,"column":58}}]},"44":{"type":"branch","line":2,"loc":{"start":{"line":2,"column":0},"end":{"line":2,"column":58}},"locations":[{"start":{"line":2,"column":0},"end":{"line":2,"column":58}}]},"45":{"type":"branch","line":2,"loc":{"start":{"line":2,"column":0},"end":{"line":2,"column":58}},"locations":[{"start":{"line":2,"column":0},"end":{"line":2,"column":58}}]},"46":{"type":"branch","line":2,"loc":{"start":{"line":2,"column":0},"end":{"line":2,"column":58}},"locations":[{"start":{"line":2,"column":0},"end":{"line":2,"column":58}}]},"47":{"type":"branch","line":2,"loc":{"start":{"line":2,"column":0},"end":{"line":2,"column":58}},"locations":[{"start":{"line":2,"column":0},"end":{"line":2,"column":58}}]},"48":{"type":"branch","line":2,"loc":{"start":{"line":2,"column":0},"end":{"line":2,"column":58}},"locations":[{"start":{"line":2,"column":0},"end":{"line":2,"column":58}}]},"49":{"type":"branch","line":2,"loc":{"start":{"line":2,"column":0},"end":{"line":2,"column":58}},"locations":[{"start":{"line":2,"column":0},"end":{"line":2,"column":58}}]},"50":{"type":"branch","line":2,"loc":{"start":{"line":2,"column":0},"end":{"line":2,"column":58}},"locations":[{"start":{"line":2,"column":0},"end":{"line":2,"column":58}}]},"51":{"type":"branch","line":2,"loc":{"start":{"line":2,"column":0},"end":{"line":2,"column":58}},"locations":[{"start":{"line":2,"column":0},"end":{"line":2,"column":58}}]},"52":{"type":"branch","line":2,"loc":{"start":{"line":2,"column":0},"end":{"line":2,"column":58}},"locations":[{"start":{"line":2,"column":0},"end":{"line":2,"column":58}}]},"53":{"type":"branch","line":2,"loc":{"start":{"line":2,"column":0},"end":{"line":2,"column":58}},"locations":[{"start":{"line":2,"column":0},"end":{"line":2,"column":58}}]},"54":{"type":"branch","line":2,"loc":{"start":{"line":2,"column":0},"end":{"line":2,"column":58}},"locations":[{"start":{"line":2,"column":0},"end":{"line":2,"column":58}}]},"55":{"type":"branch","line":2,"loc":{"start":{"line":2,"column":0},"end":{"line":2,"column":58}},"locations":[{"start":{"line":2,"column":0},"end":{"line":2,"column":58}}]},"56":{"type":"branch","line":2,"loc":{"start":{"line":2,"column":0},"end":{"line":2,"column":58}},"locations":[{"start":{"line":2,"column":0},"end":{"line":2,"column":58}}]},"57":{"type":"branch","line":2,"loc":{"start":{"line":2,"column":0},"end":{"line":2,"column":58}},"locations":[{"start":{"line":2,"column":0},"end":{"line":2,"column":58}}]},"58":{"type":"branch","line":2,"loc":{"start":{"line":2,"column":0},"end":{"line":2,"column":58}},"locations":[{"start":{"line":2,"column":0},"end":{"line":2,"column":58}}]},"59":{"type":"branch","line":2,"loc":{"start":{"line":2,"column":0},"end":{"line":2,"column":58}},"locations":[{"start":{"line":2,"column":0},"end":{"line":2,"column":58}}]},"60":{"type":"branch","line":2,"loc":{"start":{"line":2,"column":0},"end":{"line":2,"column":58}},"locations":[{"start":{"line":2,"column":0},"end":{"line":2,"column":58}}]},"61":{"type":"branch","line":2,"loc":{"start":{"line":2,"column":0},"end":{"line":2,"column":58}},"locations":[{"start":{"line":2,"column":0},"end":{"line":2,"column":58}}]},"62":{"type":"branch","line":2,"loc":{"start":{"line":2,"column":0},"end":{"line":2,"column":58}},"locations":[{"start":{"line":2,"column":0},"end":{"line":2,"column":58}}]},"63":{"type":"branch","line":2,"loc":{"start":{"line":2,"column":0},"end":{"line":2,"column":58}},"locations":[{"start":{"line":2,"column":0},"end":{"line":2,"column":58}}]},"64":{"type":"branch","line":2,"loc":{"start":{"line":2,"column":0},"end":{"line":2,"column":58}},"locations":[{"start":{"line":2,"column":0},"end":{"line":2,"column":58}}]},"65":{"type":"branch","line":2,"loc":{"start":{"line":2,"column":0},"end":{"line":2,"column":58}},"locations":[{"start":{"line":2,"column":0},"end":{"line":2,"column":58}}]},"66":{"type":"branch","line":2,"loc":{"start":{"line":2,"column":0},"end":{"line":2,"column":58}},"locations":[{"start":{"line":2,"column":0},"end":{"line":2,"column":58}}]},"67":{"type":"branch","line":2,"loc":{"start":{"line":2,"column":0},"end":{"line":2,"column":58}},"locations":[{"start":{"line":2,"column":0},"end":{"line":2,"column":58}}]},"68":{"type":"branch","line":2,"loc":{"start":{"line":2,"column":0},"end":{"line":2,"column":58}},"locations":[{"start":{"line":2,"column":0},"end":{"line":2,"column":58}}]},"69":{"type":"branch","line":2,"loc":{"start":{"line":2,"column":0},"end":{"line":2,"column":58}},"locations":[{"start":{"line":2,"column":0},"end":{"line":2,"column":58}}]},"70":{"type":"branch","line":2,"loc":{"start":{"line":2,"column":0},"end":{"line":2,"column":58}},"locations":[{"start":{"line":2,"column":0},"end":{"line":2,"column":58}}]},"71":{"type":"branch","line":2,"loc":{"start":{"line":2,"column":0},"end":{"line":2,"column":58}},"locations":[{"start":{"line":2,"column":0},"end":{"line":2,"column":58}}]},"72":{"type":"branch","line":2,"loc":{"start":{"line":2,"column":0},"end":{"line":2,"column":58}},"locations":[{"start":{"line":2,"column":0},"end":{"line":2,"column":58}}]},"73":{"type":"branch","line":2,"loc":{"start":{"line":2,"column":0},"end":{"line":2,"column":58}},"locations":[{"start":{"line":2,"column":0},"end":{"line":2,"column":58}}]},"74":{"type":"branch","line":2,"loc":{"start":{"line":2,"column":0},"end":{"line":2,"column":58}},"locations":[{"start":{"line":2,"column":0},"end":{"line":2,"column":58}}]},"75":{"type":"branch","line":2,"loc":{"start":{"line":2,"column":0},"end":{"line":2,"column":58}},"locations":[{"start":{"line":2,"column":0},"end":{"line":2,"column":58}}]},"76":{"type":"branch","line":2,"loc":{"start":{"line":2,"column":0},"end":{"line":2,"column":58}},"locations":[{"start":{"line":2,"column":0},"end":{"line":2,"column":58}}]},"77":{"type":"branch","line":2,"loc":{"start":{"line":2,"column":0},"end":{"line":2,"column":58}},"locations":[{"start":{"line":2,"column":0},"end":{"line":2,"column":58}}]},"78":{"type":"branch","line":2,"loc":{"start":{"line":2,"column":0},"end":{"line":2,"column":58}},"locations":[{"start":{"line":2,"column":0},"end":{"line":2,"column":58}}]},"79":{"type":"branch","line":10,"loc":{"start":{"line":10,"column":28},"end":{"line":21,"column":2}},"locations":[{"start":{"line":10,"column":28},"end":{"line":21,"column":2}}]},"80":{"type":"branch","line":10,"loc":{"start":{"line":10,"column":30},"end":{"line":19,"column":38}},"locations":[{"start":{"line":10,"column":30},"end":{"line":19,"column":38}}]},"81":{"type":"branch","line":10,"loc":{"start":{"line":10,"column":56},"end":{"line":19,"column":38}},"locations":[{"start":{"line":10,"column":56},"end":{"line":19,"column":38}}]},"82":{"type":"branch","line":10,"loc":{"start":{"line":10,"column":56},"end":{"line":19,"column":38}},"locations":[{"start":{"line":10,"column":56},"end":{"line":19,"column":38}}]},"83":{"type":"branch","line":10,"loc":{"start":{"line":10,"column":56},"end":{"line":13,"column":77}},"locations":[{"start":{"line":10,"column":56},"end":{"line":13,"column":77}}]},"84":{"type":"branch","line":13,"loc":{"start":{"line":13,"column":76},"end":{"line":15,"column":27}},"locations":[{"start":{"line":13,"column":76},"end":{"line":15,"column":27}}]},"85":{"type":"branch","line":14,"loc":{"start":{"line":14,"column":24},"end":{"line":15,"column":27}},"locations":[{"start":{"line":14,"column":24},"end":{"line":15,"column":27}}]},"86":{"type":"branch","line":15,"loc":{"start":{"line":15,"column":26},"end":{"line":17,"column":27}},"locations":[{"start":{"line":15,"column":26},"end":{"line":17,"column":27}}]},"87":{"type":"branch","line":17,"loc":{"start":{"line":17,"column":26},"end":{"line":19,"column":38}},"locations":[{"start":{"line":17,"column":26},"end":{"line":19,"column":38}}]},"88":{"type":"branch","line":19,"loc":{"start":{"line":19,"column":37},"end":{"line":19,"column":38}},"locations":[{"start":{"line":19,"column":37},"end":{"line":19,"column":38}}]},"89":{"type":"branch","line":19,"loc":{"start":{"line":19,"column":37},"end":{"line":19,"column":38}},"locations":[{"start":{"line":19,"column":37},"end":{"line":19,"column":38}}]},"90":{"type":"branch","line":21,"loc":{"start":{"line":21,"column":1},"end":{"line":21,"column":2}},"locations":[{"start":{"line":21,"column":1},"end":{"line":21,"column":2}}]}},"b":{"0":[3],"1":[0],"2":[0],"3":[0],"4":[0],"5":[0],"6":[0],"7":[2],"8":[39],"9":[2],"10":[0],"11":[0],"12":[7],"13":[1],"14":[6],"15":[18],"16":[4],"17":[2],"18":[4],"19":[0],"20":[0],"21":[7],"22":[0],"23":[4],"24":[3],"25":[1],"26":[0],"27":[2],"28":[6],"29":[2],"30":[4],"31":[2],"32":[4],"33":[1],"34":[2],"35":[0],"36":[5],"37":[4],"38":[2],"39":[3],"40":[0],"41":[0],"42":[0],"43":[3],"44":[0],"45":[2],"46":[0],"47":[2],"48":[0],"49":[1],"50":[0],"51":[0],"52":[0],"53":[0],"54":[1],"55":[4],"56":[8],"57":[4],"58":[0],"59":[0],"60":[0],"61":[0],"62":[0],"63":[0],"64":[0],"65":[0],"66":[4],"67":[0],"68":[0],"69":[0],"70":[1],"71":[0],"72":[4],"73":[0],"74":[2],"75":[3],"76":[2],"77":[2],"78":[4],"79":[3],"80":[2],"81":[7],"82":[8],"83":[2],"84":[2],"85":[1],"86":[1],"87":[1],"88":[0],"89":[2],"90":[2]},"fnMap":{"0":{"name":"_regeneratorRuntime","decl":{"start":{"line":2,"column":-1},"end":{"line":2,"column":58}},"loc":{"start":{"line":2,"column":-1},"end":{"line":2,"column":58}},"line":2},"1":{"name":"_regeneratorRuntime","decl":{"start":{"line":2,"column":0},"end":{"line":2,"column":58}},"loc":{"start":{"line":2,"column":0},"end":{"line":2,"column":58}},"line":2},"2":{"name":"o","decl":{"start":{"line":2,"column":0},"end":{"line":2,"column":58}},"loc":{"start":{"line":2,"column":0},"end":{"line":2,"column":58}},"line":2},"3":{"name":"define","decl":{"start":{"line":2,"column":0},"end":{"line":2,"column":58}},"loc":{"start":{"line":2,"column":0},"end":{"line":2,"column":58}},"line":2},"4":{"name":"define","decl":{"start":{"line":2,"column":0},"end":{"line":2,"column":58}},"loc":{"start":{"line":2,"column":0},"end":{"line":2,"column":58}},"line":2},"5":{"name":"wrap","decl":{"start":{"line":2,"column":0},"end":{"line":2,"column":58}},"loc":{"start":{"line":2,"column":0},"end":{"line":2,"column":58}},"line":2},"6":{"name":"tryCatch","decl":{"start":{"line":2,"column":0},"end":{"line":2,"column":58}},"loc":{"start":{"line":2,"column":0},"end":{"line":2,"column":58}},"line":2},"7":{"name":"Generator","decl":{"start":{"line":2,"column":0},"end":{"line":2,"column":58}},"loc":{"start":{"line":2,"column":0},"end":{"line":2,"column":58}},"line":2},"8":{"name":"GeneratorFunction","decl":{"start":{"line":2,"column":0},"end":{"line":2,"column":58}},"loc":{"start":{"line":2,"column":0},"end":{"line":2,"column":58}},"line":2},"9":{"name":"GeneratorFunctionPrototype","decl":{"start":{"line":2,"column":0},"end":{"line":2,"column":58}},"loc":{"start":{"line":2,"column":0},"end":{"line":2,"column":58}},"line":2},"10":{"name":"defineIteratorMethods","decl":{"start":{"line":2,"column":0},"end":{"line":2,"column":58}},"loc":{"start":{"line":2,"column":0},"end":{"line":2,"column":58}},"line":2},"11":{"name":"AsyncIterator","decl":{"start":{"line":2,"column":0},"end":{"line":2,"column":58}},"loc":{"start":{"line":2,"column":0},"end":{"line":2,"column":58}},"line":2},"12":{"name":"makeInvokeMethod","decl":{"start":{"line":2,"column":0},"end":{"line":2,"column":58}},"loc":{"start":{"line":2,"column":0},"end":{"line":2,"column":58}},"line":2},"13":{"name":"maybeInvokeDelegate","decl":{"start":{"line":2,"column":0},"end":{"line":2,"column":58}},"loc":{"start":{"line":2,"column":0},"end":{"line":2,"column":58}},"line":2},"14":{"name":"pushTryEntry","decl":{"start":{"line":2,"column":0},"end":{"line":2,"column":58}},"loc":{"start":{"line":2,"column":0},"end":{"line":2,"column":58}},"line":2},"15":{"name":"resetTryEntry","decl":{"start":{"line":2,"column":0},"end":{"line":2,"column":58}},"loc":{"start":{"line":2,"column":0},"end":{"line":2,"column":58}},"line":2},"16":{"name":"Context","decl":{"start":{"line":2,"column":0},"end":{"line":2,"column":58}},"loc":{"start":{"line":2,"column":0},"end":{"line":2,"column":58}},"line":2},"17":{"name":"values","decl":{"start":{"line":2,"column":0},"end":{"line":2,"column":58}},"loc":{"start":{"line":2,"column":0},"end":{"line":2,"column":58}},"line":2},"18":{"name":"next","decl":{"start":{"line":2,"column":0},"end":{"line":2,"column":58}},"loc":{"start":{"line":2,"column":0},"end":{"line":2,"column":58}},"line":2},"19":{"name":"e.isGeneratorFunction","decl":{"start":{"line":2,"column":0},"end":{"line":2,"column":58}},"loc":{"start":{"line":2,"column":0},"end":{"line":2,"column":58}},"line":2},"20":{"name":"e.mark","decl":{"start":{"line":2,"column":0},"end":{"line":2,"column":58}},"loc":{"start":{"line":2,"column":0},"end":{"line":2,"column":58}},"line":2},"21":{"name":"e.awrap","decl":{"start":{"line":2,"column":0},"end":{"line":2,"column":58}},"loc":{"start":{"line":2,"column":0},"end":{"line":2,"column":58}},"line":2},"22":{"name":"e.async","decl":{"start":{"line":2,"column":0},"end":{"line":2,"column":58}},"loc":{"start":{"line":2,"column":0},"end":{"line":2,"column":58}},"line":2},"23":{"name":"e.keys","decl":{"start":{"line":2,"column":0},"end":{"line":2,"column":58}},"loc":{"start":{"line":2,"column":0},"end":{"line":2,"column":58}},"line":2},"24":{"name":"reset","decl":{"start":{"line":2,"column":0},"end":{"line":2,"column":58}},"loc":{"start":{"line":2,"column":0},"end":{"line":2,"column":58}},"line":2},"25":{"name":"stop","decl":{"start":{"line":2,"column":0},"end":{"line":2,"column":58}},"loc":{"start":{"line":2,"column":0},"end":{"line":2,"column":58}},"line":2},"26":{"name":"dispatchException","decl":{"start":{"line":2,"column":0},"end":{"line":2,"column":58}},"loc":{"start":{"line":2,"column":0},"end":{"line":2,"column":58}},"line":2},"27":{"name":"handle","decl":{"start":{"line":2,"column":0},"end":{"line":2,"column":58}},"loc":{"start":{"line":2,"column":0},"end":{"line":2,"column":58}},"line":2},"28":{"name":"abrupt","decl":{"start":{"line":2,"column":0},"end":{"line":2,"column":58}},"loc":{"start":{"line":2,"column":0},"end":{"line":2,"column":58}},"line":2},"29":{"name":"complete","decl":{"start":{"line":2,"column":0},"end":{"line":2,"column":58}},"loc":{"start":{"line":2,"column":0},"end":{"line":2,"column":58}},"line":2},"30":{"name":"finish","decl":{"start":{"line":2,"column":0},"end":{"line":2,"column":58}},"loc":{"start":{"line":2,"column":0},"end":{"line":2,"column":58}},"line":2},"31":{"name":"_catch","decl":{"start":{"line":2,"column":0},"end":{"line":2,"column":58}},"loc":{"start":{"line":2,"column":0},"end":{"line":2,"column":58}},"line":2},"32":{"name":"delegateYield","decl":{"start":{"line":2,"column":0},"end":{"line":2,"column":58}},"loc":{"start":{"line":2,"column":0},"end":{"line":2,"column":58}},"line":2},"33":{"name":"asyncGeneratorStep","decl":{"start":{"line":2,"column":0},"end":{"line":2,"column":58}},"loc":{"start":{"line":2,"column":0},"end":{"line":2,"column":58}},"line":2},"34":{"name":"_asyncToGenerator","decl":{"start":{"line":2,"column":0},"end":{"line":2,"column":58}},"loc":{"start":{"line":2,"column":0},"end":{"line":2,"column":58}},"line":2},"35":{"name":"_next","decl":{"start":{"line":2,"column":0},"end":{"line":2,"column":58}},"loc":{"start":{"line":2,"column":0},"end":{"line":2,"column":58}},"line":2},"36":{"name":"_throw","decl":{"start":{"line":2,"column":0},"end":{"line":2,"column":58}},"loc":{"start":{"line":2,"column":0},"end":{"line":2,"column":58}},"line":2},"37":{"name":"_callee","decl":{"start":{"line":10,"column":30},"end":{"line":19,"column":38}},"loc":{"start":{"line":10,"column":30},"end":{"line":19,"column":38}},"line":10},"38":{"name":"_callee$","decl":{"start":{"line":10,"column":56},"end":{"line":19,"column":38}},"loc":{"start":{"line":10,"column":56},"end":{"line":19,"column":38}},"line":10}},"f":{"0":3,"1":2,"2":0,"3":39,"4":0,"5":2,"6":7,"7":0,"8":0,"9":0,"10":6,"11":0,"12":2,"13":0,"14":2,"15":5,"16":2,"17":3,"18":0,"19":0,"20":3,"21":0,"22":0,"23":0,"24":2,"25":2,"26":1,"27":1,"28":4,"29":4,"30":0,"31":1,"32":0,"33":4,"34":3,"35":4,"36":0,"37":2,"38":7}}
,"/home/dumat/projects/news-portal_1.1/src/Entities/Profile/model/services/updateProfileData/updateProfileData.ts": {"path":"/home/dumat/projects/news-portal_1.1/src/Entities/Profile/model/services/updateProfileData/updateProfileData.ts","all":false,"statementMap":{"0":{"start":{"line":1,"column":0},"end":{"line":1,"column":52}},"1":{"start":{"line":2,"column":0},"end":{"line":2,"column":58}},"2":{"start":{"line":3,"column":0},"end":{"line":3,"column":69}},"3":{"start":{"line":4,"column":0},"end":{"line":4,"column":79}},"4":{"start":{"line":5,"column":0},"end":{"line":5,"column":81}},"5":{"start":{"line":6,"column":0},"end":{"line":6,"column":0}},"6":{"start":{"line":7,"column":0},"end":{"line":7,"column":50}},"7":{"start":{"line":8,"column":0},"end":{"line":8,"column":11}},"8":{"start":{"line":9,"column":0},"end":{"line":9,"column":8}},"9":{"start":{"line":10,"column":0},"end":{"line":10,"column":39}},"10":{"start":{"line":11,"column":0},"end":{"line":11,"column":55}},"11":{"start":{"line":12,"column":0},"end":{"line":12,"column":57}},"12":{"start":{"line":13,"column":0},"end":{"line":13,"column":47}},"13":{"start":{"line":14,"column":0},"end":{"line":14,"column":48}},"14":{"start":{"line":15,"column":0},"end":{"line":15,"column":23}},"15":{"start":{"line":16,"column":0},"end":{"line":16,"column":37}},"16":{"start":{"line":17,"column":0},"end":{"line":17,"column":4}},"17":{"start":{"line":18,"column":0},"end":{"line":18,"column":8}},"18":{"start":{"line":19,"column":0},"end":{"line":19,"column":52}},"19":{"start":{"line":20,"column":0},"end":{"line":20,"column":36}},"20":{"start":{"line":21,"column":0},"end":{"line":21,"column":18}},"21":{"start":{"line":22,"column":0},"end":{"line":22,"column":8}},"22":{"start":{"line":23,"column":0},"end":{"line":23,"column":0}},"23":{"start":{"line":24,"column":0},"end":{"line":24,"column":27}},"24":{"start":{"line":25,"column":0},"end":{"line":25,"column":27}},"25":{"start":{"line":26,"column":0},"end":{"line":26,"column":7}},"26":{"start":{"line":27,"column":0},"end":{"line":27,"column":27}},"27":{"start":{"line":28,"column":0},"end":{"line":28,"column":16}},"28":{"start":{"line":29,"column":0},"end":{"line":29,"column":67}},"29":{"start":{"line":30,"column":0},"end":{"line":30,"column":4}},"30":{"start":{"line":31,"column":0},"end":{"line":31,"column":3}}},"s":{"0":1,"1":0,"2":1,"3":1,"4":1,"5":1,"6":1,"7":1,"8":1,"9":1,"10":1,"11":3,"12":3,"13":3,"14":3,"15":1,"16":2,"17":2,"18":2,"19":2,"20":2,"21":2,"22":2,"23":2,"24":1,"25":1,"26":1,"27":1,"28":1,"29":3,"30":1},"branchMap":{"0":{"type":"branch","line":2,"loc":{"start":{"line":2,"column":0},"end":{"line":2,"column":58}},"locations":[{"start":{"line":2,"column":0},"end":{"line":2,"column":58}}]},"1":{"type":"branch","line":2,"loc":{"start":{"line":2,"column":0},"end":{"line":2,"column":58}},"locations":[{"start":{"line":2,"column":0},"end":{"line":2,"column":58}}]},"2":{"type":"branch","line":2,"loc":{"start":{"line":2,"column":0},"end":{"line":2,"column":58}},"locations":[{"start":{"line":2,"column":0},"end":{"line":2,"column":58}}]},"3":{"type":"branch","line":2,"loc":{"start":{"line":2,"column":0},"end":{"line":2,"column":58}},"locations":[{"start":{"line":2,"column":0},"end":{"line":2,"column":58}}]},"4":{"type":"branch","line":2,"loc":{"start":{"line":2,"column":0},"end":{"line":2,"column":58}},"locations":[{"start":{"line":2,"column":0},"end":{"line":2,"column":58}}]},"5":{"type":"branch","line":2,"loc":{"start":{"line":2,"column":0},"end":{"line":2,"column":58}},"locations":[{"start":{"line":2,"column":0},"end":{"line":2,"column":58}}]},"6":{"type":"branch","line":2,"loc":{"start":{"line":2,"column":0},"end":{"line":2,"column":58}},"locations":[{"start":{"line":2,"column":0},"end":{"line":2,"column":58}}]},"7":{"type":"branch","line":2,"loc":{"start":{"line":2,"column":0},"end":{"line":2,"column":58}},"locations":[{"start":{"line":2,"column":0},"end":{"line":2,"column":58}}]},"8":{"type":"branch","line":11,"loc":{"start":{"line":11,"column":29},"end":{"line":31,"column":2}},"locations":[{"start":{"line":11,"column":29},"end":{"line":31,"column":2}}]},"9":{"type":"branch","line":11,"loc":{"start":{"line":11,"column":31},"end":{"line":29,"column":67}},"locations":[{"start":{"line":11,"column":31},"end":{"line":29,"column":67}}]},"10":{"type":"
[...]
,"/home/dumat/projects/news-portal_1.1/src/shared/ui/ThemeSwitcher/ui/ThemeSwitcher.tsx": {"path":"/home/dumat/projects/news-portal_1.1/src/shared/ui/ThemeSwitcher/ui/ThemeSwitcher.tsx","all":false,"statementMap":{"0":{"start":{"line":1,"column":0},"end":{"line":1,"column":62}},"1":{"start":{"line":2,"column":0},"end":{"line":2,"column":29}},"2":{"start":{"line":3,"column":0},"end":{"line":3,"column":62}},"3":{"start":{"line":4,"column":0},"end":{"line":4,"column":60}},"4":{"start":{"line":5,"column":0},"end":{"line":5,"column":58}},"5":{"start":{"line":6,"column":0},"end":{"line":6,"column":62}},"6":{"start":{"line":7,"column":0},"end":{"line":7,"column":0}},"7":{"start":{"line":8,"column":0},"end":{"line":8,"column":30}},"8":{"start":{"line":9,"column":0},"end":{"line":9,"column":21}},"9":{"start":{"line":10,"column":0},"end":{"line":10,"column":1}},"10":{"start":{"line":11,"column":0},"end":{"line":11,"column":0}},"11":{"start":{"line":12,"column":0},"end":{"line":12,"column":74}},"12":{"start":{"line":13,"column":0},"end":{"line":13,"column":44}},"13":{"start":{"line":14,"column":0},"end":{"line":14,"column":0}},"14":{"start":{"line":15,"column":0},"end":{"line":15,"column":10}},"15":{"start":{"line":16,"column":0},"end":{"line":16,"column":11}},"16":{"start":{"line":17,"column":0},"end":{"line":17,"column":31}},"17":{"start":{"line":18,"column":0},"end":{"line":18,"column":49}},"18":{"start":{"line":19,"column":0},"end":{"line":19,"column":27}},"19":{"start":{"line":20,"column":0},"end":{"line":20,"column":5}},"20":{"start":{"line":21,"column":0},"end":{"line":21,"column":59}},"21":{"start":{"line":22,"column":0},"end":{"line":22,"column":13}},"22":{"start":{"line":23,"column":0},"end":{"line":23,"column":4}},"23":{"start":{"line":24,"column":0},"end":{"line":24,"column":3}}},"s":{"0":1,"1":1,"2":1,"3":1,"4":1,"5":1,"6":1,"7":1,"8":1,"9":1,"10":1,"11":1,"12":3,"13":3,"14":3,"15":3,"16":3,"17":3,"18":3,"19":3,"20":3,"21":3,"22":3,"23":1},"branchMap":{"0":{"type":"branch","line":12,"loc":{"start":{"line":12,"column":34},"end":{"line":24,"column":2}},"locations":[{"start":{"line":12,"column":34},"end":{"line":24,"column":2}}]},"1":{"type":"branch","line":21,"loc":{"start":{"line":21,"column":27},"end":{"line":21,"column":42}},"locations":[{"start":{"line":21,"column":27},"end":{"line":21,"column":42}}]}},"b":{"0":[3],"1":[0]},"fnMap":{},"f":{}}
,"/home/dumat/projects/news-portal_1.1/src/shared/ui/select/Select.tsx": {"path":"/home/dumat/projects/news-portal_1.1/src/shared/ui/select/Select.tsx","all":false,"statementMap":{"0":{"start":{"line":1,"column":0},"end":{"line":1,"column":68}},"1":{"start":{"line":2,"column":0},"end":{"line":2,"column":51}},"2":{"start":{"line":3,"column":0},"end":{"line":3,"column":45}},"3":{"start":{"line":4,"column":0},"end":{"line":4,"column":39}},"4":{"start":{"line":5,"column":0},"end":{"line":5,"column":0}},"5":{"start":{"line":6,"column":0},"end":{"line":6,"column":31}},"6":{"start":{"line":7,"column":0},"end":{"line":7,"column":17}},"7":{"start":{"line":8,"column":0},"end":{"line":8,"column":19}},"8":{"start":{"line":9,"column":0},"end":{"line":9,"column":1}},"9":{"start":{"line":10,"column":0},"end":{"line":10,"column":0}},"10":{"start":{"line":11,"column":0},"end":{"line":11,"column":23}},"11":{"start":{"line":12,"column":0},"end":{"line":12,"column":22}},"12":{"start":{"line":13,"column":0},"end":{"line":13,"column":18}},"13":{"start":{"line":14,"column":0},"end":{"line":14,"column":28}},"14":{"start":{"line":15,"column":0},"end":{"line":15,"column":18}},"15":{"start":{"line":16,"column":0},"end":{"line":16,"column":38}},"16":{"start":{"line":17,"column":0},"end":{"line":17,"column":22}},"17":{"start":{"line":18,"column":0},"end":{"line":18,"column":1}},"18":{"start":{"line":19,"column":0},"end":{"line":19,"column":0}},"19":{"start":{"line":20,"column":0},"end":{"line":20,"column":52}},"20":{"start":{"line":21,"column":0},"end":{"line":21,"column":74}},"21":{"start":{"line":22,"column":0},"end":{"line":22,"column":0}},"22":{"start":{"line":23,"column":0},"end":{"line":23,"column":25}},"23":{"start":{"line":24,"column":0},"end":{"line":24,"column":0}},"24":{"start":{"line":25,"column":0},"end":{"line":25,"column":67}},"25":{"start":{"line":26,"column":0},"end":{"line":26,"column":21}},"26":{"start":{"line":27,"column":0},"end":{"line":27,"column":34}},"27":{"start":{"line":28,"column":0},"end":{"line":28,"column":7}},"28":{"start":{"line":29,"column":0},"end":{"line":29,"column":5}},"29":{"start":{"line":30,"column":0},"end":{"line":30,"column":0}},"30":{"start":{"line":31,"column":0},"end":{"line":31,"column":31}},"31":{"start":{"line":32,"column":0},"end":{"line":32,"column":11}},"32":{"start":{"line":33,"column":0},"end":{"line":33,"column":32}},"33":{"start":{"line":34,"column":0},"end":{"line":34,"column":77}},"34":{"start":{"line":35,"column":0},"end":{"line":35,"column":28}},"35":{"start":{"line":36,"column":0},"end":{"line":36,"column":21}},"36":{"start":{"line":37,"column":0},"end":{"line":37,"column":12}},"37":{"start":{"line":38,"column":0},"end":{"line":38,"column":16}},"38":{"start":{"line":39,"column":0},"end":{"line":39,"column":5}},"39":{"start":{"line":40,"column":0},"end":{"line":40,"column":0}},"40":{"start":{"line":41,"column":0},"end":{"line":41,"column":11}},"41":{"start":{"line":42,"column":0},"end":{"line":42,"column":66}},"42":{"start":{"line":43,"column":0},"end":{"line":43,"column":68}},"43":{"start":{"line":44,"column":0},"end":{"line":44,"column":16}},"44":{"start":{"line":45,"column":0},"end":{"line":45,"column":31}},"45":{"start":{"line":46,"column":0},"end":{"line":46,"column":34}},"46":{"start":{"line":47,"column":0},"end":{"line":47,"column":25}},"47":{"start":{"line":48,"column":0},"end":{"line":48,"column":38}},"48":{"start":{"line":49,"column":0},"end":{"line":49,"column":10}},"49":{"start":{"line":50,"column":0},"end":{"line":50,"column":25}},"50":{"start":{"line":51,"column":0},"end":{"line":51,"column":18}},"51":{"start":{"line":52,"column":0},"end":{"line":52,"column":12}},"52":{"start":{"line":53,"column":0},"end":{"line":53,"column":5}},"53":{"start":{"line":54,"column":0},"end":{"line":54,"column":3}}},"s":{"0":1,"1":1,"2":1,"3":1,"4":1,"5":1,"6":1,"7":1,"8":1,"9":1,"10":1,"11":1,"12":1,"13":1,"14":1,"15":1,"16":1,"17":1,"18":1,"19":1,"20":0,"21":0,"22":0,"23":0,"24":0,"25":0,"26":0,"27":0,"28":0,"29":0,"30":0,"31":0,"32":0,"33":0,"34":0,"35":0,"36":0,"37":0,"38":0,"39":0,"40":0,"41":0,"42":0,"43":0,"44":0,"45":0,"46":0,"47":0,"48":0,"49":0,"50":0,"51":0,"52":0,"53":1},"branchMap":{},"b":{},"fnMap":{},"f":{}}
,"/home/dumat/projects/news-portal_1.1/src/widgets/Sidebar/model/selectors/getSidebarItems.ts": {"path":"/home/dumat/projects/news-portal_1.1/src/widgets/Sidebar/model/selectors/getSidebarItems.ts","all":false,"statementMap":{"0":{"start":{"line":1,"column":0},"end":{"line":1,"column":50}},"1":{"start":{"line":2,"column":0},"end":{"line":2,"column":48}},"2":{"start":{"line":3,"column":0},"end":{"line":3,"column":66}},"3":{"start":{"line":4,"column":0},"end":{"line":4,"column":58}},"4":{"start":{"line":5,"column":0},"end":{"line":5,"column":60}},"5":{"start":{"line":6,"column":0},"end":{"line":6,"column":64}},"6":{"start":{"line":7,"column":0},"end":{"line":7,"column":64}},"7":{"start":{"line":8,"column":0},"end":{"line":8,"column":51}},"8":{"start":{"line":9,"column":0},"end":{"line":9,"column":0}},"9":{"start":{"line":10,"column":0},"end":{"line":10,"column":78}},"10":{"start":{"line":11,"column":0},"end":{"line":11,"column":48}},"11":{"start":{"line":12,"column":0},"end":{"line":12,"column":7}},"12":{"start":{"line":13,"column":0},"end":{"line":13,"column":30}},"13":{"start":{"line":14,"column":0},"end":{"line":14,"column":24}},"14":{"start":{"line":15,"column":0},"end":{"line":15,"column":25}},"15":{"start":{"line":16,"column":0},"end":{"line":16,"column":8}},"16":{"start":{"line":17,"column":0},"end":{"line":17,"column":7}},"17":{"start":{"line":18,"column":0},"end":{"line":18,"column":31}},"18":{"start":{"line":19,"column":0},"end":{"line":19,"column":25}},"19":{"start":{"line":20,"column":0},"end":{"line":20,"column":25}},"20":{"start":{"line":21,"column":0},"end":{"line":21,"column":8}},"21":{"start":{"line":22,"column":0},"end":{"line":22,"column":5}},"22":{"start":{"line":23,"column":0},"end":{"line":23,"column":18}},"23":{"start":{"line":24,"column":0},"end":{"line":24,"column":28}},"24":{"start":{"line":25,"column":0},"end":{"line":25,"column":10}},"25":{"start":{"line":26,"column":0},"end":{"line":26,"column":56}},"26":{"start":{"line":27,"column":0},"end":{"line":27,"column":30}},"27":{"start":{"line":28,"column":0},"end":{"line":28,"column":28}},"28":{"start":{"line":29,"column":0},"end":{"line":29,"column":27}},"29":{"start":{"line":30,"column":0},"end":{"line":30,"column":11}},"30":{"start":{"line":31,"column":0},"end":{"line":31,"column":10}},"31":{"start":{"line":32,"column":0},"end":{"line":32,"column":37}},"32":{"start":{"line":33,"column":0},"end":{"line":33,"column":30}},"33":{"start":{"line":34,"column":0},"end":{"line":34,"column":27}},"34":{"start":{"line":35,"column":0},"end":{"line":35,"column":27}},"35":{"start":{"line":36,"column":0},"end":{"line":36,"column":11}},"36":{"start":{"line":37,"column":0},"end":{"line":37,"column":8}},"37":{"start":{"line":38,"column":0},"end":{"line":38,"column":4}},"38":{"start":{"line":39,"column":0},"end":{"line":39,"column":27}},"39":{"start":{"line":40,"column":0},"end":{"line":40,"column":3}}},"s":{"0":1,"1":1,"2":1,"3":1,"4":1,"5":1,"6":1,"7":1,"8":1,"9":1,"10":1,"11":1,"12":1,"13":1,"14":1,"15":1,"16":1,"17":1,"18":1,"19":1,"20":1,"21":1,"22":1,"23":0,"24":0,"25":0,"26":0,"27":0,"28":0,"29":0,"30":0,"31":0,"32":0,"33":0,"34":0,"35":0,"36":0,"37":0,"38":1,"39":1},"branchMap":{"0":{"type":"branch","line":10,"loc":{"start":{"line":10,"column":63},"end":{"line":40,"column":2}},"locations":[{"start":{"line":10,"column":63},"end":{"line":40,"column":2}}]},"1":{"type":"branch","line":23,"loc":{"start":{"line":23,"column":17},"end":{"line":38,"column":4}},"locations":[{"start":{"line":23,"column":17},"end":{"line":38,"column":4}}]}},"b":{"0":[1],"1":[0]},"fnMap":{},"f":{}}
,"/home/dumat/projects/news-portal_1.1/src/widgets/Sidebar/ui/Sidebar/Sidebar/Sidebar.tsx": {"path":"/home/dumat/projects/news-portal_1.1/src/widgets/Sidebar/ui/Sidebar/Sidebar/Sidebar.tsx","all":false,"statementMap":{"0":{"start":{"line":1,"column":0},"end":{"line":1,"column":62}},"1":{"start":{"line":2,"column":0},"end":{"line":2,"column":48}},"2":{"start":{"line":3,"column":0},"end":{"line":3,"column":56}},"3":{"start":{"line":4,"column":0},"end":{"line":4,"column":67}},"4":{"start":{"line":5,"column":0},"end":{"line":5,"column":74}},"5":{"start":{"line":6,"column":0},"end":{"line":6,"column":82}},"6":{"start":{"line":7,"column":0},"end":{"line":7,"column":42}},"7":{"start":{"line":8,"column":0},"end":{"line":8,"column":40}},"8":{"start":{"line":9,"column":0},"end":{"line":9,"column":0}},"9":{"start":{"line":10,"column":0},"end":{"line":10,"column":57}},"10":{"start":{"line":11,"column":0},"end":{"line":11,"column":0}},"11":{"start":{"line":12,"column":0},"end":{"line":12,"column":24}},"12":{"start":{"line":13,"column":0},"end":{"line":13,"column":22}},"13":{"start":{"line":14,"column":0},"end":{"line":14,"column":1}},"14":{"start":{"line":15,"column":0},"end":{"line":15,"column":0}},"15":{"start":{"line":16,"column":0},"end":{"line":16,"column":62}},"16":{"start":{"line":17,"column":0},"end":{"line":17,"column":53}},"17":{"start":{"line":18,"column":0},"end":{"line":18,"column":57}},"18":{"start":{"line":19,"column":0},"end":{"line":19,"column":0}},"19":{"start":{"line":20,"column":0},"end":{"line":20,"column":27}},"20":{"start":{"line":21,"column":0},"end":{"line":21,"column":36}},"21":{"start":{"line":22,"column":0},"end":{"line":22,"column":5}},"22":{"start":{"line":23,"column":0},"end":{"line":23,"column":0}},"23":{"start":{"line":24,"column":0},"end":{"line":24,"column":29}},"24":{"start":{"line":25,"column":0},"end":{"line":25,"column":11}},"25":{"start":{"line":26,"column":0},"end":{"line":26,"column":41}},"26":{"start":{"line":27,"column":0},"end":{"line":27,"column":77}},"27":{"start":{"line":28,"column":0},"end":{"line":28,"column":12}},"28":{"start":{"line":29,"column":0},"end":{"line":29,"column":36}},"29":{"start":{"line":30,"column":0},"end":{"line":30,"column":5}},"30":{"start":{"line":31,"column":0},"end":{"line":31,"column":0}},"31":{"start":{"line":32,"column":0},"end":{"line":32,"column":11}},"32":{"start":{"line":33,"column":0},"end":{"line":33,"column":10}},"33":{"start":{"line":34,"column":0},"end":{"line":34,"column":30}},"34":{"start":{"line":35,"column":0},"end":{"line":35,"column":77}},"35":{"start":{"line":36,"column":0},"end":{"line":36,"column":22}},"36":{"start":{"line":37,"column":0},"end":{"line":37,"column":12}},"37":{"start":{"line":38,"column":0},"end":{"line":38,"column":7}},"38":{"start":{"line":39,"column":0},"end":{"line":39,"column":16}},"39":{"start":{"line":40,"column":0},"end":{"line":40,"column":40}},"40":{"start":{"line":41,"column":0},"end":{"line":41,"column":30}},"41":{"start":{"line":42,"column":0},"end":{"line":42,"column":39}},"42":{"start":{"line":43,"column":0},"end":{"line":43,"column":51}},"43":{"start":{"line":44,"column":0},"end":{"line":44,"column":18}},"44":{"start":{"line":45,"column":0},"end":{"line":45,"column":31}},"45":{"start":{"line":46,"column":0},"end":{"line":46,"column":10}},"46":{"start":{"line":47,"column":0},"end":{"line":47,"column":35}},"47":{"start":{"line":48,"column":0},"end":{"line":48,"column":18}},"48":{"start":{"line":49,"column":0},"end":{"line":49,"column":53}},"49":{"start":{"line":50,"column":0},"end":{"line":50,"column":40}},"50":{"start":{"line":51,"column":0},"end":{"line":51,"column":29}},"51":{"start":{"line":52,"column":0},"end":{"line":52,"column":67}},"52":{"start":{"line":53,"column":0},"end":{"line":53,"column":15}},"53":{"start":{"line":54,"column":0},"end":{"line":54,"column":12}},"54":{"start":{"line":55,"column":0},"end":{"line":55,"column":5}},"55":{"start":{"line":56,"column":0},"end":{"line":56,"column":3}}},"s":{"0":1,"1":1,"2":1,"3":1,"4":1,"5":1,"6":1,"7":1,"8":1,"9":1,"10":1,"11":1,"12":1,"13":1,"14":1,"15":1,"16":4,"17":4,"18":4,"19":4,"20":1,"21":4,"22":4,"23":4,"24":4,"25":4,"26":8,"27":4,"28":4,"29":4,"30":4,"31":4,"32":4,"33":4,"34":4,"35":4,"36":4,"37":4,"38":4,"39":4,"40":4,"41":4,"42":4,"43":4,"44":4,"45":4,"46":4,"47":4,"48":4,"49":4,"50":4,"51":4,"52":4,"53":4,"54":4,"55":1},"branchMap":{"0":{"type":"branch","line":16,"loc":{"start":{"line":16,"column":28},"end":{"line":56,"column":2}},"locations":[{"start":{"line":16,"column":28},"end":{"line":56,"column":2}}]},"1":{"type":"branch","line":47,"loc":{"start":{"line":47,"column":22},"end":{"line":47,"column":28}},"locations":[{"start":{"line":47,"column":22},"end":{"line":47,"column":28}}]},"2":{"type":"branch","line":47,"loc":{"start":{"line":47,"column":28},"end":{"line":47,"column":34}},"locations":[{"start":{"line":47,"column":28},"end":{"line":47,"column":34}}]},"3":{"type":"branch","line":20,"loc":{"start":{"line":20,"column":20},"end":{"line":22,"column":4}},"locations":[{"start":{"line":20,"column":20},"end":{"line":22,"column":4}}]},"4":{"type":"branch","line":21,"loc":{"start":{"line":21,"column":19},"end":{"line":21,"column":35}},"locations":[{"start":{"line":21,"column":19},"end":{"line":21,"column":35}}]},"5":{"type":"branch","line":25,"loc":{"start":{"line":25,"column":6},"end":{"line":28,"column":12}},"locations":[{"start":{"line":25,"column":6},"end":{"line":28,"column":12}}]},"6":{"type":"branch","line":26,"loc":{"start":{"line":26,"column":30},"end":{"line":27,"column":77}},"locations":[{"start":{"line":26,"column":30},"end":{"line":27,"column":77}}]}},"b":{"0":[4],"1":[1],"2":[3],"3":[1],"4":[1],"5":[4],"6":[8]},"fnMap":{"0":{"name":"onToggle","decl":{"start":{"line":20,"column":20},"end":{"line":22,"column":4}},"loc":{"start":{"line":20,"column":20},"end":{"line":22,"column":4}},"line":20}},"f":{"0":1}}
,"/home/dumat/projects/news-portal_1.1/src/widgets/Sidebar/ui/Sidebar/SidebarItem/SidebarItem.tsx": {"path":"/home/dumat/projects/news-portal_1.1/src/widgets/Sidebar/ui/Sidebar/SidebarItem/SidebarItem.tsx","all":false,"statementMap":{"0":{"start":{"line":1,"column":0},"end":{"line":1,"column":62}},"1":{"start":{"line":2,"column":0},"end":{"line":2,"column":66}},"2":{"start":{"line":3,"column":0},"end":{"line":3,"column":47}},"3":{"start":{"line":4,"column":0},"end":{"line":4,"column":70}},"4":{"start":{"line":5,"column":0},"end":{"line":5,"column":29}},"5":{"start":{"line":6,"column":0},"end":{"line":6,"column":42}},"6":{"start":{"line":7,"column":0},"end":{"line":7,"column":48}},"7":{"start":{"line":8,"column":0},"end":{"line":8,"column":44}},"8":{"start":{"line":9,"column":0},"end":{"line":9,"column":0}},"9":{"start":{"line":10,"column":0},"end":{"line":10,"column":28}},"10":{"start":{"line":11,"column":0},"end":{"line":11,"column":25}},"11":{"start":{"line":12,"column":0},"end":{"line":12,"column":22}},"12":{"start":{"line":13,"column":0},"end":{"line":13,"column":1}},"13":{"start":{"line":14,"column":0},"end":{"line":14,"column":0}},"14":{"start":{"line":15,"column":0},"end":{"line":15,"column":62}},"15":{"start":{"line":16,"column":0},"end":{"line":16,"column":37}},"16":{"start":{"line":17,"column":0},"end":{"line":17,"column":34}},"17":{"start":{"line":18,"column":0},"end":{"line":18,"column":47}},"18":{"start":{"line":19,"column":0},"end":{"line":19,"column":0}},"19":{"start":{"line":20,"column":0},"end":{"line":20,"column":34}},"20":{"start":{"line":21,"column":0},"end":{"line":21,"column":18}},"21":{"start":{"line":22,"column":0},"end":{"line":22,"column":4}},"22":{"start":{"line":23,"column":0},"end":{"line":23,"column":0}},"23":{"start":{"line":24,"column":0},"end":{"line":24,"column":11}},"24":{"start":{"line":25,"column":0},"end":{"line":25,"column":76}},"25":{"start":{"line":26,"column":0},"end":{"line":26,"column":17}},"26":{"start":{"line":27,"column":0},"end":{"line":27,"column":42}},"27":{"start":{"line":28,"column":0},"end":{"line":28,"column":26}},"28":{"start":{"line":29,"column":0},"end":{"line":29,"column":32}},"29":{"start":{"line":30,"column":0},"end":{"line":30,"column":10}},"30":{"start":{"line":31,"column":0},"end":{"line":31,"column":46}},"31":{"start":{"line":32,"column":0},"end":{"line":32,"column":60}},"32":{"start":{"line":33,"column":0},"end":{"line":33,"column":19}},"33":{"start":{"line":34,"column":0},"end":{"line":34,"column":12}},"34":{"start":{"line":35,"column":0},"end":{"line":35,"column":5}},"35":{"start":{"line":36,"column":0},"end":{"line":36,"column":3}}},"s":{"0":1,"1":1,"2":1,"3":1,"4":1,"5":1,"6":1,"7":1,"8":1,"9":1,"10":1,"11":1,"12":1,"13":1,"14":1,"15":8,"16":8,"17":8,"18":8,"19":8,"20":0,"21":0,"22":8,"23":8,"24":8,"25":8,"26":8,"27":8,"28":8,"29":8,"30":8,"31":8,"32":8,"33":8,"34":8,"35":1},"branchMap":{"0":{"type":"branch","line":15,"loc":{"start":{"line":15,"column":32},"end":{"line":36,"column":2}},"locations":[{"start":{"line":15,"column":32},"end":{"line":36,"column":2}}]},"1":{"type":"branch","line":20,"loc":{"start":{"line":20,"column":20},"end":{"line":20,"column":31}},"locations":[{"start":{"line":20,"column":20},"end":{"line":20,"column":31}}]},"2":{"type":"branch","line":20,"loc":{"start":{"line":20,"column":33},"end":{"line":22,"column":4}},"locations":[{"start":{"line":20,"column":33},"end":{"line":22,"column":4}}]}},"b":{"0":[8],"1":[0],"2":[0]},"fnMap":{},"f":{}}
}
