{"/home/stil/projects/frontend/news-portal_1.1/config/jest/jestEmptyComponent.tsx": {"path":"/home/stil/projects/frontend/news-portal_1.1/config/jest/jestEmptyComponent.tsx","all":false,"statementMap":{"0":{"start":{"line":1,"column":0},"end":{"line":1,"column":25}},"1":{"start":{"line":2,"column":0},"end":{"line":2,"column":0}},"2":{"start":{"line":3,"column":0},"end":{"line":3,"column":40}},"3":{"start":{"line":4,"column":0},"end":{"line":4,"column":18}},"4":{"start":{"line":5,"column":0},"end":{"line":5,"column":1}},"5":{"start":{"line":6,"column":0},"end":{"line":6,"column":0}},"6":{"start":{"line":7,"column":0},"end":{"line":7,"column":33}}},"s":{"0":1,"1":1,"2":1,"3":15,"4":15,"5":1,"6":1},"branchMap":{"0":{"type":"branch","line":3,"loc":{"start":{"line":3,"column":27},"end":{"line":5,"column":1}},"locations":[{"start":{"line":3,"column":27},"end":{"line":5,"column":1}}]}},"b":{"0":[15]},"fnMap":{"0":{"name":"jestEmptyComponent","decl":{"start":{"line":3,"column":27},"end":{"line":5,"column":1}},"loc":{"start":{"line":3,"column":27},"end":{"line":5,"column":1}},"line":3}},"f":{"0":15}}
,"/home/stil/projects/frontend/news-portal_1.1/src/Entities/User/index.ts": {"path":"/home/stil/projects/frontend/news-portal_1.1/src/Entities/User/index.ts","all":false,"statementMap":{"0":{"start":{"line":1,"column":0},"end":{"line":1,"column":67}},"1":{"start":{"line":2,"column":0},"end":{"line":2,"column":54}},"2":{"start":{"line":3,"column":0},"end":{"line":3,"column":84}},"3":{"start":{"line":4,"column":0},"end":{"line":4,"column":0}},"4":{"start":{"line":5,"column":0},"end":{"line":5,"column":71}}},"s":{"0":1,"1":1,"2":1,"3":1,"4":1},"branchMap":{},"b":{},"fnMap":{},"f":{}}
,"/home/stil/projects/frontend/news-portal_1.1/src/Entities/User/model/selecrors/getUserAuthData/getUserAuthData.ts": {"path":"/home/stil/projects/frontend/news-portal_1.1/src/Entities/User/model/selecrors/getUserAuthData/getUserAuthData.ts","all":false,"statementMap":{"0":{"start":{"line":1,"column":0},"end":{"line":1,"column":58}},"1":{"start":{"line":2,"column":0},"end":{"line":2,"column":0}},"2":{"start":{"line":3,"column":0},"end":{"line":3,"column":74}}},"s":{"0":1,"1":1,"2":1},"branchMap":{},"b":{},"fnMap":{"0":{"name":"getUserAuthData","decl":{"start":{"line":3,"column":31},"end":{"line":3,"column":74}},"loc":{"start":{"line":3,"column":31},"end":{"line":3,"column":74}},"line":3}},"f":{"0":0}}
,"/home/stil/projects/frontend/news-portal_1.1/src/Entities/User/model/slice/userSlice.ts": {"path":"/home/stil/projects/frontend/news-portal_1.1/src/Entities/User/model/slice/userSlice.ts","all":false,"statementMap":{"0":{"start":{"line":1,"column":0},"end":{"line":1,"column":62}},"1":{"start":{"line":2,"column":0},"end":{"line":2,"column":66}},"2":{"start":{"line":3,"column":0},"end":{"line":3,"column":49}},"3":{"start":{"line":4,"column":0},"end":{"line":4,"column":0}},"4":{"start":{"line":5,"column":0},"end":{"line":5,"column":36}},"5":{"start":{"line":6,"column":0},"end":{"line":6,"column":0}},"6":{"start":{"line":7,"column":0},"end":{"line":7,"column":38}},"7":{"start":{"line":8,"column":0},"end":{"line":8,"column":15}},"8":{"start":{"line":9,"column":0},"end":{"line":9,"column":15}},"9":{"start":{"line":10,"column":0},"end":{"line":10,"column":13}},"10":{"start":{"line":11,"column":0},"end":{"line":11,"column":58}},"11":{"start":{"line":12,"column":0},"end":{"line":12,"column":38}},"12":{"start":{"line":13,"column":0},"end":{"line":13,"column":6}},"13":{"start":{"line":14,"column":0},"end":{"line":14,"column":30}},"14":{"start":{"line":15,"column":0},"end":{"line":15,"column":63}},"15":{"start":{"line":16,"column":0},"end":{"line":16,"column":17}},"16":{"start":{"line":17,"column":0},"end":{"line":17,"column":42}},"17":{"start":{"line":18,"column":0},"end":{"line":18,"column":7}},"18":{"start":{"line":19,"column":0},"end":{"line":19,"column":6}},"19":{"start":{"line":20,"column":0},"end":{"line":20,"column":24}},"20":{"start":{"line":21,"column":0},"end":{"line":21,"column":32}},"21":{"start":{"line":22,"column":0},"end":{"line":22,"column":52}},"22":{"start":{"line":23,"column":0},"end":{"line":23,"column":5}},"23":{"start":{"line":24,"column":0},"end":{"line":24,"column":4}},"24":{"start":{"line":25,"column":0},"end":{"line":25,"column":3}},"25":{"start":{"line":26,"column":0},"end":{"line":26,"column":0}},"26":{"start":{"line":27,"column":0},"end":{"line":27,"column":50}},"27":{"start":{"line":28,"column":0},"end":{"line":28,"column":50}}},"s":{"0":1,"1":1,"2":1,"3":1,"4":1,"5":1,"6":1,"7":1,"8":1,"9":1,"10":1,"11":0,"12":1,"13":1,"14":0,"15":0,"16":0,"17":0,"18":1,"19":1,"20":0,"21":0,"22":0,"23":1,"24":1,"25":1,"26":1,"27":1},"branchMap":{},"b":{},"fnMap":{"0":{"name":"setAuthData","decl":{"start":{"line":11,"column":17},"end":{"line":13,"column":5}},"loc":{"start":{"line":11,"column":17},"end":{"line":13,"column":5}},"line":11},"1":{"name":"initAuthData","decl":{"start":{"line":14,"column":18},"end":{"line":19,"column":5}},"loc":{"start":{"line":14,"column":18},"end":{"line":19,"column":5}},"line":14},"2":{"name":"logout","decl":{"start":{"line":20,"column":12},"end":{"line":23,"column":5}},"loc":{"start":{"line":20,"column":12},"end":{"line":23,"column":5}},"line":20}},"f":{"0":0,"1":0,"2":0}}
,"/home/stil/projects/frontend/news-portal_1.1/src/Entities/User/model/types/user.ts": {"path":"/home/stil/projects/frontend/news-portal_1.1/src/Entities/User/model/types/user.ts","all":false,"statementMap":{"0":{"start":{"line":1,"column":0},"end":{"line":1,"column":23}},"1":{"start":{"line":2,"column":0},"end":{"line":2,"column":13}},"2":{"start":{"line":3,"column":0},"end":{"line":3,"column":19}},"3":{"start":{"line":4,"column":0},"end":{"line":4,"column":1}},"4":{"start":{"line":5,"column":0},"end":{"line":5,"column":0}},"5":{"start":{"line":6,"column":0},"end":{"line":6,"column":29}},"6":{"start":{"line":7,"column":0},"end":{"line":7,"column":18}},"7":{"start":{"line":8,"column":0},"end":{"line":8,"column":1}}},"s":{"0":1,"1":1,"2":1,"3":1,"4":1,"5":1,"6":1,"7":1},"branchMap":{},"b":{},"fnMap":{},"f":{}}
,"/home/stil/projects/frontend/news-portal_1.1/src/app/providers/StoreProvider/index.ts": {"path":"/home/stil/projects/frontend/news-portal_1.1/src/app/providers/StoreProvider/index.ts","all":false,"statementMap":{"0":{"start":{"line":1,"column":0},"end":{"line":1,"column":51}},"1":{"start":{"line":2,"column":0},"end":{"line":2,"column":63}},"2":{"start":{"line":3,"column":0},"end":{"line":3,"column":13}},"3":{"start":{"line":4,"column":0},"end":{"line":4,"column":15}},"4":{"start":{"line":5,"column":0},"end":{"line":5,"column":25}},"5":{"start":{"line":6,"column":0},"end":{"line":6,"column":17}},"6":{"start":{"line":7,"column":0},"end":{"line":7,"column":15}},"7":{"start":{"line":8,"column":0},"end":{"line":8,"column":30}},"8":{"start":{"line":9,"column":0},"end":{"line":9,"column":0}},"9":{"start":{"line":10,"column":0},"end":{"line":10,"column":8}},"10":{"start":{"line":11,"column":0},"end":{"line":11,"column":17}},"11":{"start":{"line":12,"column":0},"end":{"line":12,"column":20}},"12":{"start":{"line":13,"column":0},"end":{"line":13,"column":15}},"13":{"start":{"line":14,"column":0},"end":{"line":14,"column":25}},"14":{"start":{"line":15,"column":0},"end":{"line":15,"column":15}},"15":{"start":{"line":16,"column":0},"end":{"line":16,"column":17}},"16":{"start":{"line":17,"column":0},"end":{"line":17,"column":15}},"17":{"start":{"line":18,"column":0},"end":{"line":18,"column":2}}},"s":{"0":1,"1":1,"2":1,"3":1,"4":1,"5":1,"6":1,"7":1,"8":1,"9":1,"10":1,"11":1,"12":1,"13":1,"14":1,"15":1,"16":1,"17":1},"branchMap":{},"b":{},"fnMap":{},"f":{}}
,"/home/stil/projects/frontend/news-portal_1.1/src/app/providers/StoreProvider/config/reducerManager.ts": {"path":"/home/stil/projects/frontend/news-portal_1.1/src/app/providers/StoreProvider/config/reducerManager.ts","all":false,"statementMap":{"0":{"start":{"line":1,"column":0},"end":{"line":1,"column":8}},"1":{"start":{"line":2,"column":0},"end":{"line":2,"column":9}},"2":{"start":{"line":3,"column":0},"end":{"line":3,"column":10}},"3":{"start":{"line":4,"column":0},"end":{"line":4,"column":20}},"4":{"start":{"line":5,"column":0},"end":{"line":5,"column":18}},"5":{"start":{"line":6,"column":0},"end":{"line":6,"column":26}},"6":{"start":{"line":7,"column":0},"end":{"line":7,"column":76}},"7":{"start":{"line":8,"column":0},"end":{"line":8,"column":0}},"8":{"start":{"line":9,"column":0},"end":{"line":9,"column":0}},"9":{"start":{"line":10,"column":0},"end":{"line":10,"column":37}},"10":{"start":{"line":11,"column":0},"end":{"line":11,"column":50}},"11":{"start":{"line":12,"column":0},"end":{"line":12,"column":19}},"12":{"start":{"line":13,"column":0},"end":{"line":13,"column":42}},"13":{"start":{"line":14,"column":0},"end":{"line":14,"column":0}},"14":{"start":{"line":15,"column":0},"end":{"line":15,"column":50}},"15":{"start":{"line":16,"column":0},"end":{"line":16,"column":0}},"16":{"start":{"line":17,"column":0},"end":{"line":17,"column":47}},"17":{"start":{"line":18,"column":0},"end":{"line":18,"column":0}},"18":{"start":{"line":19,"column":0},"end":{"line":19,"column":10}},"19":{"start":{"line":20,"column":0},"end":{"line":20,"column":34}},"20":{"start":{"line":21,"column":0},"end":{"line":21,"column":0}},"21":{"start":{"line":22,"column":0},"end":{"line":22,"column":53}},"22":{"start":{"line":23,"column":0},"end":{"line":23,"column":36}},"23":{"start":{"line":24,"column":0},"end":{"line":24,"column":29}},"24":{"start":{"line":25,"column":0},"end":{"line":25,"column":39}},"25":{"start":{"line":26,"column":0},"end":{"line":26,"column":28}},"26":{"start":{"line":27,"column":0},"end":{"line":27,"column":11}},"27":{"start":{"line":28,"column":0},"end":{"line":28,"column":0}},"28":{"start":{"line":29,"column":0},"end":{"line":29,"column":26}},"29":{"start":{"line":30,"column":0},"end":{"line":30,"column":7}},"30":{"start":{"line":31,"column":0},"end":{"line":31,"column":0}},"31":{"start":{"line":32,"column":0},"end":{"line":32,"column":44}},"32":{"start":{"line":33,"column":0},"end":{"line":33,"column":6}},"33":{"start":{"line":34,"column":0},"end":{"line":34,"column":0}},"34":{"start":{"line":35,"column":0},"end":{"line":35,"column":53}},"35":{"start":{"line":36,"column":0},"end":{"line":36,"column":34}},"36":{"start":{"line":37,"column":0},"end":{"line":37,"column":15}},"37":{"start":{"line":38,"column":0},"end":{"line":38,"column":7}},"38":{"start":{"line":39,"column":0},"end":{"line":39,"column":0}},"39":{"start":{"line":40,"column":0},"end":{"line":40,"column":30}},"40":{"start":{"line":41,"column":0},"end":{"line":41,"column":0}},"41":{"start":{"line":42,"column":0},"end":{"line":42,"column":50}},"42":{"start":{"line":43,"column":0},"end":{"line":43,"column":6}},"43":{"start":{"line":44,"column":0},"end":{"line":44,"column":0}},"44":{"start":{"line":45,"column":0},"end":{"line":45,"column":38}},"45":{"start":{"line":46,"column":0},"end":{"line":46,"column":35}},"46":{"start":{"line":47,"column":0},"end":{"line":47,"column":15}},"47":{"start":{"line":48,"column":0},"end":{"line":48,"column":7}},"48":{"start":{"line":49,"column":0},"end":{"line":49,"column":0}},"49":{"start":{"line":50,"column":0},"end":{"line":50,"column":27}},"50":{"start":{"line":51,"column":0},"end":{"line":51,"column":29}},"51":{"start":{"line":52,"column":0},"end":{"line":52,"column":50}},"52":{"start":{"line":53,"column":0},"end":{"line":53,"column":6}},"53":{"start":{"line":54,"column":0},"end":{"line":54,"column":4}},"54":{"start":{"line":55,"column":0},"end":{"line":55,"column":1}}},"s":{"0":1,"1":1,"2":1,"3":1,"4":1,"5":1,"6":1,"7":1,"8":1,"9":1,"10":3,"11":3,"12":3,"13":3,"14":3,"15":3,"16":3,"17":3,"18":3,"19":3,"20":3,"21":3,"22":3,"23":0,"24":0,"25":0,"26":0,"27":0,"28":0,"29":0,"30":3,"31":3,"32":3,"33":3,"34":3,"35":0,"36":0,"37":0,"38":0,"39":0,"40":0,"41":0,"42":3,"43":3,"44":3,"45":0,"46":0,"47":0,"48":0,"49":0,"50":0,"51":0,"52":0,"53":3,"54":3},"branchMap":{"0":{"type":"branch","line":10,"loc":{"start":{"line":10,"column":7},"end":{"line":55,"column":1}},"locations":[{"start":{"line":10,"column":7},"end":{"line":55,"column":1}}]},"1":{"type":"branch","line":22,"loc":{"start":{"line":22,"column":12},"end":{"line":33,"column":5}},"locations":[{"start":{"line":22,"column":12},"end":{"line":33,"column":5}}]},"2":{"type":"branch","line":23,"loc":{"start":{"line":23,"column":35},"end":{"line":30,"column":7}},"locations":[{"start":{"line":23,"column":35},"end":{"line":30,"column":7}}]}},"b":{"0":[3],"1":[3],"2":[0]},"fnMap":{"0":{"name":"createReducerManager","decl":{"start":{"line":10,"column":7},"end":{"line":55,"column":1}},"loc":{"start":{"line":10,"column":7},"end":{"line":55,"column":1}},"line":10},"1":{"name":"getReducerMap","decl":{"start":{"line":20,"column":19},"end":{"line":20,"column":34}},"loc":{"start":{"line":20,"column":19},"end":{"line":20,"column":34}},"line":20},"2":{"name":"reduce","decl":{"start":{"line":22,"column":12},"end":{"line":33,"column":5}},"loc":{"start":{"line":22,"column":12},"end":{"line":33,"column":5}},"line":22},"3":{"name":"add","decl":{"start":{"line":35,"column":9},"end":{"line":43,"column":5}},"loc":{"start":{"line":35,"column":9},"end":{"line":43,"column":5}},"line":35},"4":{"name":"remove","decl":{"start":{"line":45,"column":12},"end":{"line":53,"column":6}},"loc":{"start":{"line":45,"column":12},"end":{"line":53,"column":6}},"line":45}},"f":{"0":3,"1":0,"2":3,"3":0,"4":0}}
,"/home/stil/projects/frontend/news-portal_1.1/src/app/providers/StoreProvider/config/store.ts": {"path":"/home/stil/projects/frontend/news-portal_1.1/src/app/providers/StoreProvider/config/store.ts","all":false,"statementMap":{"0":{"start":{"line":1,"column":0},"end":{"line":1,"column":69}},"1":{"start":{"line":2,"column":0},"end":{"line":2,"column":44}},"2":{"start":{"line":3,"column":0},"end":{"line":3,"column":38}},"3":{"start":{"line":4,"column":0},"end":{"line":4,"column":55}},"4":{"start":{"line":5,"column":0},"end":{"line":5,"column":44}},"5":{"start":{"line":6,"column":0},"end":{"line":6,"column":56}},"6":{"start":{"line":7,"column":0},"end":{"line":7,"column":0}},"7":{"start":{"line":8,"column":0},"end":{"line":8,"column":33}},"8":{"start":{"line":9,"column":0},"end":{"line":9,"column":30}},"9":{"start":{"line":10,"column":0},"end":{"line":10,"column":58}},"10":{"start":{"line":11,"column":0},"end":{"line":11,"column":3}},"11":{"start":{"line":12,"column":0},"end":{"line":12,"column":56}},"12":{"start":{"line":13,"column":0},"end":{"line":13,"column":24}},"13":{"start":{"line":14,"column":0},"end":{"line":14,"column":5}},"14":{"start":{"line":15,"column":0},"end":{"line":15,"column":0}},"15":{"start":{"line":16,"column":0},"end":{"line":16,"column":60}},"16":{"start":{"line":17,"column":0},"end":{"line":17,"column":0}},"17":{"start":{"line":18,"column":0},"end":{"line":18,"column":46}},"18":{"start":{"line":19,"column":0},"end":{"line":19,"column":76}},"19":{"start":{"line":20,"column":0},"end":{"line":20,"column":27}},"20":{"start":{"line":21,"column":0},"end":{"line":21,"column":35}},"21":{"start":{"line":22,"column":0},"end":{"line":22,"column":43}},"22":{"start":{"line":23,"column":0},"end":{"line":23,"column":31}},"23":{"start":{"line":24,"column":0},"end":{"line":24,"column":20}},"24":{"start":{"line":25,"column":0},"end":{"line":25,"column":31}},"25":{"start":{"line":26,"column":0},"end":{"line":26,"column":28}},"26":{"start":{"line":27,"column":0},"end":{"line":27,"column":27}},"27":{"start":{"line":28,"column":0},"end":{"line":28,"column":17}},"28":{"start":{"line":29,"column":0},"end":{"line":29,"column":14}},"29":{"start":{"line":30,"column":0},"end":{"line":30,"column":12}},"30":{"start":{"line":31,"column":0},"end":{"line":31,"column":6}},"31":{"start":{"line":32,"column":0},"end":{"line":32,"column":0}},"32":{"start":{"line":33,"column":0},"end":{"line":33,"column":16}},"33":{"start":{"line":34,"column":0},"end":{"line":34,"column":41}},"34":{"start":{"line":35,"column":0},"end":{"line":35,"column":0}},"35":{"start":{"line":36,"column":0},"end":{"line":36,"column":16}},"36":{"start":{"line":37,"column":0},"end":{"line":37,"column":1}},"37":{"start":{"line":38,"column":0},"end":{"line":38,"column":0}},"38":{"start":{"line":39,"column":0},"end":{"line":39,"column":74}}},"s":{"0":1,"1":1,"2":1,"3":1,"4":1,"5":1,"6":1,"7":1,"8":3,"9":3,"10":3,"11":3,"12":3,"13":3,"14":3,"15":3,"16":3,"17":3,"18":3,"19":3,"20":3,"21":3,"22":3,"23":3,"24":3,"25":3,"26":3,"27":3,"28":3,"29":3,"30":3,"31":3,"32":3,"33":3,"34":3,"35":3,"36":3,"37":1,"38":1},"branchMap":{"0":{"type":"branch","line":8,"loc":{"start":{"line":8,"column":7},"end":{"line":37,"column":1}},"locations":[{"start":{"line":8,"column":7},"end":{"line":37,"column":1}}]},"1":{"type":"branch","line":22,"loc":{"start":{"line":22,"column":18},"end":{"line":30,"column":12}},"locations":[{"start":{"line":22,"column":18},"end":{"line":30,"column":12}}]}},"b":{"0":[3],"1":[3]},"fnMap":{"0":{"name":"createReduxStore","decl":{"start":{"line":8,"column":7},"end":{"line":37,"column":1}},"loc":{"start":{"line":8,"column":7},"end":{"line":37,"column":1}},"line":8},"1":{"name":"middleware","decl":{"start":{"line":22,"column":18},"end":{"line":30,"column":12}},"loc":{"start":{"line":22,"column":18},"end":{"line":30,"column":12}},"line":22}},"f":{"0":3,"1":3}}
,"/home/stil/projects/frontend/news-portal_1.1/src/app/providers/StoreProvider/ui/StoreProvider.tsx": {"path":"/home/stil/projects/frontend/news-portal_1.1/src/app/providers/StoreProvider/ui/StoreProvider.tsx","all":false,"statementMap":{"0":{"start":{"line":1,"column":0},"end":{"line":1,"column":41}},"1":{"start":{"line":2,"column":0},"end":{"line":2,"column":39}},"2":{"start":{"line":3,"column":0},"end":{"line":3,"column":47}},"3":{"start":{"line":4,"column":0},"end":{"line":4,"column":53}},"4":{"start":{"line":5,"column":0},"end":{"line":5,"column":51}},"5":{"start":{"line":6,"column":0},"end":{"line":6,"column":52}},"6":{"start":{"line":7,"column":0},"end":{"line":7,"column":0}},"7":{"start":{"line":8,"column":0},"end":{"line":8,"column":30}},"8":{"start":{"line":9,"column":0},"end":{"line":9,"column":24}},"9":{"start":{"line":10,"column":0},"end":{"line":10,"column":43}},"10":{"start":{"line":11,"column":0},"end":{"line":11,"column":63}},"11":{"start":{"line":12,"column":0},"end":{"line":12,"column":1}},"12":{"start":{"line":13,"column":0},"end":{"line":13,"column":0}},"13":{"start":{"line":14,"column":0},"end":{"line":14,"column":61}},"14":{"start":{"line":15,"column":0},"end":{"line":15,"column":59}},"15":{"start":{"line":16,"column":0},"end":{"line":16,"column":34}},"16":{"start":{"line":17,"column":0},"end":{"line":17,"column":0}},"17":{"start":{"line":18,"column":0},"end":{"line":18,"column":34}},"18":{"start":{"line":19,"column":0},"end":{"line":19,"column":34}},"19":{"start":{"line":20,"column":0},"end":{"line":20,"column":54}},"20":{"start":{"line":21,"column":0},"end":{"line":21,"column":15}},"21":{"start":{"line":22,"column":0},"end":{"line":22,"column":5}},"22":{"start":{"line":23,"column":0},"end":{"line":23,"column":0}},"23":{"start":{"line":24,"column":0},"end":{"line":24,"column":56}},"24":{"start":{"line":25,"column":0},"end":{"line":25,"column":2}}},"s":{"0":1,"1":1,"2":1,"3":1,"4":1,"5":1,"6":1,"7":1,"8":1,"9":1,"10":1,"11":1,"12":1,"13":1,"14":3,"15":3,"16":3,"17":3,"18":3,"19":3,"20":3,"21":3,"22":3,"23":3,"24":3},"branchMap":{"0":{"type":"branch","line":14,"loc":{"start":{"line":14,"column":29},"end":{"line":25,"column":2}},"locations":[{"start":{"line":14,"column":29},"end":{"line":25,"column":2}}]}},"b":{"0":[3]},"fnMap":{"0":{"name":"StoreProvider","decl":{"start":{"line":14,"column":29},"end":{"line":25,"column":2}},"loc":{"start":{"line":14,"column":29},"end":{"line":25,"column":2}},"line":14}},"f":{"0":3}}
,"/home/stil/projects/frontend/news-portal_1.1/src/app/providers/ThemeProvider/index.ts": {"path":"/home/stil/projects/frontend/news-portal_1.1/src/app/providers/ThemeProvider/index.ts","all":false,"statementMap":{"0":{"start":{"line":1,"column":0},"end":{"line":1,"column":47}},"1":{"start":{"line":2,"column":0},"end":{"line":2,"column":42}},"2":{"start":{"line":3,"column":0},"end":{"line":3,"column":43}},"3":{"start":{"line":4,"column":0},"end":{"line":4,"column":0}},"4":{"start":{"line":5,"column":0},"end":{"line":5,"column":8}},"5":{"start":{"line":6,"column":0},"end":{"line":6,"column":18}},"6":{"start":{"line":7,"column":0},"end":{"line":7,"column":13}},"7":{"start":{"line":8,"column":0},"end":{"line":8,"column":10}},"8":{"start":{"line":9,"column":0},"end":{"line":9,"column":2}}},"s":{"0":1,"1":1,"2":1,"3":1,"4":1,"5":1,"6":1,"7":1,"8":1},"branchMap":{},"b":{},"fnMap":{},"f":{}}
,"/home/stil/projects/frontend/news-portal_1.1/src/app/providers/ThemeProvider/lib/ThemeContext.ts": {"path":"/home/stil/projects/frontend/news-portal_1.1/src/app/providers/ThemeProvider/lib/ThemeContext.ts","all":false,"statementMap":{"0":{"start":{"line":1,"column":0},"end":{"line":1,"column":45}},"1":{"start":{"line":2,"column":0},"end":{"line":2,"column":0}},"2":{"start":{"line":3,"column":0},"end":{"line":3,"column":19}},"3":{"start":{"line":4,"column":0},"end":{"line":4,"column":30}},"4":{"start":{"line":5,"column":0},"end":{"line":5,"column":28}},"5":{"start":{"line":6,"column":0},"end":{"line":6,"column":1}},"6":{"start":{"line":7,"column":0},"end":{"line":7,"column":0}},"7":{"start":{"line":8,"column":0},"end":{"line":8,"column":36}},"8":{"start":{"line":9,"column":0},"end":{"line":9,"column":18}},"9":{"start":{"line":10,"column":0},"end":{"line":10,"column":38}},"10":{"start":{"line":11,"column":0},"end":{"line":11,"column":30}},"11":{"start":{"line":12,"column":0},"end":{"line":12,"column":0}},"12":{"start":{"line":13,"column":0},"end":{"line":13,"column":1}},"13":{"start":{"line":14,"column":0},"end":{"line":14,"column":0}},"14":{"start":{"line":15,"column":0},"end":{"line":15,"column":65}},"15":{"start":{"line":16,"column":0},"end":{"line":16,"column":0}},"16":{"start":{"line":17,"column":0},"end":{"line":17,"column":47}}},"s":{"0":1,"1":1,"2":1,"3":1,"4":1,"5":1,"6":1,"7":1,"8":1,"9":1,"10":1,"11":1,"12":1,"13":1,"14":1,"15":1,"16":1},"branchMap":{"0":{"type":"branch","line":3,"loc":{"start":{"line":3,"column":17},"end":{"line":3,"column":19}},"locations":[{"start":{"line":3,"column":17},"end":{"line":3,"column":19}}]}},"b":{"0":[1]},"fnMap":{},"f":{}}
,"/home/stil/projects/frontend/news-portal_1.1/src/app/providers/ThemeProvider/lib/useTheme.ts": {"path":"/home/stil/projects/frontend/news-portal_1.1/src/app/providers/ThemeProvider/lib/useTheme.ts","all":false,"statementMap":{"0":{"start":{"line":1,"column":0},"end":{"line":1,"column":35}},"1":{"start":{"line":2,"column":0},"end":{"line":2,"column":78}},"2":{"start":{"line":3,"column":0},"end":{"line":3,"column":0}},"3":{"start":{"line":4,"column":0},"end":{"line":4,"column":26}},"4":{"start":{"line":5,"column":0},"end":{"line":5,"column":27}},"5":{"start":{"line":6,"column":0},"end":{"line":6,"column":16}},"6":{"start":{"line":7,"column":0},"end":{"line":7,"column":1}},"7":{"start":{"line":8,"column":0},"end":{"line":8,"column":0}},"8":{"start":{"line":9,"column":0},"end":{"line":9,"column":44}},"9":{"start":{"line":10,"column":0},"end":{"line":10,"column":56}},"10":{"start":{"line":11,"column":0},"end":{"line":11,"column":0}},"11":{"start":{"line":12,"column":0},"end":{"line":12,"column":30}},"12":{"start":{"line":13,"column":0},"end":{"line":13,"column":71}},"13":{"start":{"line":14,"column":0},"end":{"line":14,"column":27}},"14":{"start":{"line":15,"column":0},"end":{"line":15,"column":41}},"15":{"start":{"line":16,"column":0},"end":{"line":16,"column":62}},"16":{"start":{"line":17,"column":0},"end":{"line":17,"column":5}},"17":{"start":{"line":18,"column":0},"end":{"line":18,"column":0}},"18":{"start":{"line":19,"column":0},"end":{"line":19,"column":11}},"19":{"start":{"line":20,"column":0},"end":{"line":20,"column":34}},"20":{"start":{"line":21,"column":0},"end":{"line":21,"column":18}},"21":{"start":{"line":22,"column":0},"end":{"line":22,"column":5}},"22":{"start":{"line":23,"column":0},"end":{"line":23,"column":1}}},"s":{"0":1,"1":1,"2":1,"3":1,"4":1,"5":1,"6":1,"7":1,"8":1,"9":3,"10":3,"11":3,"12":0,"13":0,"14":0,"15":0,"16":3,"17":3,"18":3,"19":3,"20":3,"21":3,"22":3},"branchMap":{"0":{"type":"branch","line":9,"loc":{"start":{"line":9,"column":7},"end":{"line":23,"column":1}},"locations":[{"start":{"line":9,"column":7},"end":{"line":23,"column":1}}]}},"b":{"0":[3]},"fnMap":{"0":{"name":"useTheme","decl":{"start":{"line":9,"column":7},"end":{"line":23,"column":1}},"loc":{"start":{"line":9,"column":7},"end":{"line":23,"column":1}},"line":9},"1":{"name":"toggleTheme","decl":{"start":{"line":12,"column":23},"end":{"line":17,"column":4}},"loc":{"start":{"line":12,"column":23},"end":{"line":17,"column":4}},"line":12}},"f":{"0":3,"1":0}}
,"/home/stil/projects/frontend/news-portal_1.1/src/app/providers/ThemeProvider/ui/ThemeProvider.tsx": {"path":"/home/stil/projects/frontend/news-portal_1.1/src/app/providers/ThemeProvider/ui/ThemeProvider.tsx","all":false,"statementMap":{"0":{"start":{"line":1,"column":0},"end":{"line":1,"column":53}},"1":{"start":{"line":2,"column":0},"end":{"line":2,"column":102}},"2":{"start":{"line":3,"column":0},"end":{"line":3,"column":0}},"3":{"start":{"line":4,"column":0},"end":{"line":4,"column":91}},"4":{"start":{"line":5,"column":0},"end":{"line":5,"column":0}},"5":{"start":{"line":6,"column":0},"end":{"line":6,"column":37}},"6":{"start":{"line":7,"column":0},"end":{"line":7,"column":23}},"7":{"start":{"line":8,"column":0},"end":{"line":8,"column":30}},"8":{"start":{"line":9,"column":0},"end":{"line":9,"column":1}},"9":{"start":{"line":10,"column":0},"end":{"line":10,"column":0}},"10":{"start":{"line":11,"column":0},"end":{"line":11,"column":73}},"11":{"start":{"line":12,"column":0},"end":{"line":12,"column":74}},"12":{"start":{"line":13,"column":0},"end":{"line":13,"column":0}},"13":{"start":{"line":14,"column":0},"end":{"line":14,"column":41}},"14":{"start":{"line":15,"column":0},"end":{"line":15,"column":14}},"15":{"start":{"line":16,"column":0},"end":{"line":16,"column":17}},"16":{"start":{"line":17,"column":0},"end":{"line":17,"column":17}},"17":{"start":{"line":18,"column":0},"end":{"line":18,"column":0}},"18":{"start":{"line":19,"column":0},"end":{"line":19,"column":12}},"19":{"start":{"line":20,"column":0},"end":{"line":20,"column":52}},"20":{"start":{"line":21,"column":0},"end":{"line":21,"column":22}},"21":{"start":{"line":22,"column":0},"end":{"line":22,"column":32}},"22":{"start":{"line":23,"column":0},"end":{"line":23,"column":6}},"23":{"start":{"line":24,"column":0},"end":{"line":24,"column":2}},"24":{"start":{"line":25,"column":0},"end":{"line":25,"column":0}},"25":{"start":{"line":26,"column":0},"end":{"line":26,"column":29}}},"s":{"0":1,"1":1,"2":1,"3":1,"4":1,"5":1,"6":1,"7":1,"8":1,"9":1,"10":1,"11":0,"12":0,"13":0,"14":0,"15":0,"16":0,"17":0,"18":0,"19":0,"20":0,"21":0,"22":0,"23":0,"24":1,"25":1},"branchMap":{},"b":{},"fnMap":{"0":{"name":"ThemeProvider","decl":{"start":{"line":11,"column":22},"end":{"line":24,"column":2}},"loc":{"start":{"line":11,"column":22},"end":{"line":24,"column":2}},"line":11}},"f":{"0":0}}
,"/home/stil/projects/frontend/news-portal_1.1/src/features/AuthByUsername/model/selectors/getLoginError/getLoginError.ts": {"path":"/home/stil/projects/frontend/news-portal_1.1/src/features/AuthByUsername/model/selectors/getLoginError/getLoginError.ts","all":false,"statementMap":{"0":{"start":{"line":1,"column":0},"end":{"line":1,"column":58}},"1":{"start":{"line":2,"column":0},"end":{"line":2,"column":0}},"2":{"start":{"line":3,"column":0},"end":{"line":3,"column":75}}},"s":{"0":1,"1":1,"2":1},"branchMap":{"0":{"type":"branch","line":3,"loc":{"start":{"line":3,"column":29},"end":{"line":3,"column":75}},"locations":[{"start":{"line":3,"column":29},"end":{"line":3,"column":75}}]},"1":{"type":"branch","line":3,"loc":{"start":{"line":3,"column":68},"end":{"line":3,"column":70}},"locations":[{"start":{"line":3,"column":68},"end":{"line":3,"column":70}}]},"2":{"type":"branch","line":3,"loc":{"start":{"line":3,"column":68},"end":{"line":3,"column":75}},"locations":[{"start":{"line":3,"column":68},"end":{"line":3,"column":75}}]}},"b":{"0":[2],"1":[1],"2":[1]},"fnMap":{"0":{"name":"getLoginError","decl":{"start":{"line":3,"column":29},"end":{"line":3,"column":75}},"loc":{"start":{"line":3,"column":29},"end":{"line":3,"column":75}},"line":3}},"f":{"0":2}}
,"/home/stil/projects/frontend/news-portal_1.1/src/features/AuthByUsername/model/selectors/getLoginIsLoading/getLoginIsLoading.ts": {"path":"/home/stil/projects/frontend/news-portal_1.1/src/features/AuthByUsername/model/selectors/getLoginIsLoading/getLoginIsLoading.ts","all":false,"statementMap":{"0":{"start":{"line":1,"column":0},"end":{"line":1,"column":58}},"1":{"start":{"line":2,"column":0},"end":{"line":2,"column":0}},"2":{"start":{"line":3,"column":0},"end":{"line":3,"column":92}}},"s":{"0":1,"1":1,"2":1},"branchMap":{"0":{"type":"branch","line":3,"loc":{"start":{"line":3,"column":33},"end":{"line":3,"column":92}},"locations":[{"start":{"line":3,"column":33},"end":{"line":3,"column":92}}]},"1":{"type":"branch","line":3,"loc":{"start":{"line":3,"column":72},"end":{"line":3,"column":74}},"locations":[{"start":{"line":3,"column":72},"end":{"line":3,"column":74}}]},"2":{"type":"branch","line":3,"loc":{"start":{"line":3,"column":83},"end":{"line":3,"column":92}},"locations":[{"start":{"line":3,"column":83},"end":{"line":3,"column":92}}]}},"b":{"0":[2],"1":[0],"2":[1]},"fnMap":{"0":{"name":"getLoginIsLoading","decl":{"start":{"line":3,"column":33},"end":{"line":3,"column":92}},"loc":{"start":{"line":3,"column":33},"end":{"line":3,"column":92}},"line":3}},"f":{"0":2}}
,"/home/stil/projects/frontend/news-portal_1.1/src/features/AuthByUsername/model/selectors/getLoginPassword/getLoginPassword.ts": {"path":"/home/stil/projects/frontend/news-portal_1.1/src/features/AuthByUsername/model/selectors/getLoginPassword/getLoginPassword.ts","all":false,"statementMap":{"0":{"start":{"line":1,"column":0},"end":{"line":1,"column":58}},"1":{"start":{"line":2,"column":0},"end":{"line":2,"column":0}},"2":{"start":{"line":3,"column":0},"end":{"line":3,"column":87}}},"s":{"0":1,"1":1,"2":1},"branchMap":{"0":{"type":"branch","line":3,"loc":{"start":{"line":3,"column":32},"end":{"line":3,"column":87}},"locations":[{"start":{"line":3,"column":32},"end":{"line":3,"column":87}}]},"1":{"type":"branch","line":3,"loc":{"start":{"line":3,"column":71},"end":{"line":3,"column":73}},"locations":[{"start":{"line":3,"column":71},"end":{"line":3,"column":73}}]},"2":{"type":"branch","line":3,"loc":{"start":{"line":3,"column":71},"end":{"line":3,"column":81}},"locations":[{"start":{"line":3,"column":71},"end":{"line":3,"column":81}}]},"3":{"type":"branch","line":3,"loc":{"start":{"line":3,"column":81},"end":{"line":3,"column":87}},"locations":[{"start":{"line":3,"column":81},"end":{"line":3,"column":87}}]}},"b":{"0":[2],"1":[1],"2":[1],"3":[1]},"fnMap":{"0":{"name":"getLoginPassword","decl":{"start":{"line":3,"column":32},"end":{"line":3,"column":87}},"loc":{"start":{"line":3,"column":32},"end":{"line":3,"column":87}},"line":3}},"f":{"0":2}}
,"/home/stil/projects/frontend/news-portal_1.1/src/features/AuthByUsername/model/selectors/getLoginUsername/getLoginUsername.ts": {"path":"/home/stil/projects/frontend/news-portal_1.1/src/features/AuthByUsername/model/selectors/getLoginUsername/getLoginUsername.ts","all":false,"statementMap":{"0":{"start":{"line":1,"column":0},"end":{"line":1,"column":58}},"1":{"start":{"line":2,"column":0},"end":{"line":2,"column":0}},"2":{"start":{"line":3,"column":0},"end":{"line":3,"column":87}}},"s":{"0":1,"1":1,"2":1},"branchMap":{"0":{"type":"branch","line":3,"loc":{"start":{"line":3,"column":32},"end":{"line":3,"column":87}},"locations":[{"start":{"line":3,"column":32},"end":{"line":3,"column":87}}]},"1":{"type":"branch","line":3,"loc":{"start":{"line":3,"column":71},"end":{"line":3,"column":73}},"locations":[{"start":{"line":3,"column":71},"end":{"line":3,"column":73}}]},"2":{"type":"branch","line":3,"loc":{"start":{"line":3,"column":71},"end":{"line":3,"column":81}},"locations":[{"start":{"line":3,"column":71},"end":{"line":3,"column":81}}]},"3":{"type":"branch","line":3,"loc":{"start":{"line":3,"column":81},"end":{"line":3,"column":87}},"locations":[{"start":{"line":3,"column":81},"end":{"line":3,"column":87}}]}},"b":{"0":[2],"1":[1],"2":[1],"3":[1]},"fnMap":{"0":{"name":"getLoginUsername","decl":{"start":{"line":3,"column":32},"end":{"line":3,"column":87}},"loc":{"start":{"line":3,"column":32},"end":{"line":3,"column":87}},"line":3}},"f":{"0":2}}
,"/home/stil/projects/frontend/news-portal_1.1/src/features/AuthByUsername/model/services/loginByUsername/loginByUsername.ts": {"path":"/home/stil/projects/frontend/news-portal_1.1/src/features/AuthByUsername/model/services/loginByUsername/loginByUsername.ts","all":false,"statementMap":{"0":{"start":{"line":1,"column":0},"end":{"line":1,"column":52}},"1":{"start":{"line":2,"column":0},"end":{"line":2,"column":50}},"2":{"start":{"line":3,"column":0},"end":{"line":3,"column":58}},"3":{"start":{"line":4,"column":0},"end":{"line":4,"column":0}},"4":{"start":{"line":5,"column":0},"end":{"line":5,"column":66}},"5":{"start":{"line":6,"column":0},"end":{"line":6,"column":0}},"6":{"start":{"line":7,"column":0},"end":{"line":7,"column":32}},"7":{"start":{"line":8,"column":0},"end":{"line":8,"column":20}},"8":{"start":{"line":9,"column":0},"end":{"line":9,"column":20}},"9":{"start":{"line":10,"column":0},"end":{"line":10,"column":1}},"10":{"start":{"line":11,"column":0},"end":{"line":11,"column":0}},"11":{"start":{"line":12,"column":0},"end":{"line":12,"column":48}},"12":{"start":{"line":13,"column":0},"end":{"line":13,"column":8}},"13":{"start":{"line":14,"column":0},"end":{"line":14,"column":24}},"14":{"start":{"line":15,"column":0},"end":{"line":15,"column":22}},"15":{"start":{"line":16,"column":0},"end":{"line":16,"column":58}},"16":{"start":{"line":17,"column":0},"end":{"line":17,"column":57}},"17":{"start":{"line":18,"column":0},"end":{"line":18,"column":8}},"18":{"start":{"line":19,"column":0},"end":{"line":19,"column":70}},"19":{"start":{"line":20,"column":0},"end":{"line":20,"column":0}},"20":{"start":{"line":21,"column":0},"end":{"line":21,"column":27}},"21":{"start":{"line":22,"column":0},"end":{"line":22,"column":27}},"22":{"start":{"line":23,"column":0},"end":{"line":23,"column":7}},"23":{"start":{"line":24,"column":0},"end":{"line":24,"column":27}},"24":{"start":{"line":25,"column":0},"end":{"line":25,"column":31}},"25":{"start":{"line":26,"column":0},"end":{"line":26,"column":39}},"26":{"start":{"line":27,"column":0},"end":{"line":27,"column":8}},"27":{"start":{"line":28,"column":0},"end":{"line":28,"column":55}},"28":{"start":{"line":29,"column":0},"end":{"line":29,"column":0}},"29":{"start":{"line":30,"column":0},"end":{"line":30,"column":33}},"30":{"start":{"line":31,"column":0},"end":{"line":31,"column":27}},"31":{"start":{"line":32,"column":0},"end":{"line":32,"column":16}},"32":{"start":{"line":33,"column":0},"end":{"line":33,"column":21}},"33":{"start":{"line":34,"column":0},"end":{"line":34,"column":38}},"34":{"start":{"line":35,"column":0},"end":{"line":35,"column":4}},"35":{"start":{"line":36,"column":0},"end":{"line":36,"column":3}}},"s":{"0":1,"1":0,"2":1,"3":1,"4":1,"5":1,"6":1,"7":1,"8":1,"9":1,"10":1,"11":1,"12":1,"13":1,"14":1,"15":1,"16":2,"17":2,"18":2,"19":2,"20":2,"21":1,"22":1,"23":1,"24":1,"25":1,"26":1,"27":1,"28":1,"29":1,"30":1,"31":1,"32":1,"33":1,"34":2,"35":1},"branchMap":{"0":{"type":"branch","line":2,"loc":{"start":{"line":2,"column":0},"end":{"line":2,"column":50}},"locations":[{"start":{"line":2,"column":0},"end":{"line":2,"column":50}}]},"1":{"type":"branch","line":2,"loc":{"start":{"line":2,"column":0},"end":{"line":2,"column":50}},"locations":[{"start":{"line":2,"column":0},"end":{"line":2,"column":50}}]},"2":{"type":"branch","line":2,"loc":{"start":{"line":2,"column":0},"end":{"line":2,"column":50}},"locations":[{"start":{"line":2,"column":0},"end":{"line":2,"column":50}}]},"3":{"type":"branch","line":2,"loc":{"start":{"line":2,"column":0},"end":{"line":2,"column":50}},"locations":[{"start":{"line":2,"column":0},"end":{"line":2,"column":50}}]},"4":{"type":"branch","line":2,"loc":{"start":{"line":2,"column":0},"end":{"line":2,"column":50}},"locations":[{"start":{"line":2,"column":0},"end":{"line":2,"column":50}}]},"5":{"type":"branch","line":2,"loc":{"start":{"line":2,"column":0},"end":{"line":2,"column":50}},"locations":[{"start":{"line":2,"column":0},"end":{"line":2,"column":50}}]},"6":{"type":"branch","line":2,"loc":{"start":{"line":2,"column":0},"end":{"line":2,"column":50}},"locations":[{"start":{"line":2,"column":0},"end":{"line":2,"column":50}}]},"7":{"type":"branch","line":16,"loc":{"start":{"line":16,"column":25},"end":{"line":36,"column":2}},"locations":[{"start":{"line":16,"column":25},"end":{"line":36,"column":2}}]},"8":{"type":"branch","line":16,"loc":{"start":{"line":16,"column":27},"end":{"line":34,"column":38}},"locations":[{"start":{"line":16,"column":27},"end":{"line":34,"column":38}}]},"9":{"type":"branch","line":16,"loc":{"start":{"line":16,"column":52},"end":{"line":34,"column":38}},"locations":[{"start":{"line":16,"column":52},"end":{"line":34,"column":38}}]},"10":{"type":"branch","line":16,"loc":{"start":{"line":16,"column":52},"end":{"line":34,"column":38}},"locations":[{"start":{"line":16,"column":52},"end":{"line":34,"column":38}}]},"11":{"type":"branch","line":16,"loc":{"start":{"line":16,"column":52},"end":{"line":19,"column":70}},"locations":[{"start":{"line":16,"column":52},"end":{"line":19,"column":70}}]},"12":{"type":"branch","line":19,"loc":{"start":{"line":19,"column":69},"end":{"line":22,"column":27}},"locations":[{"start":{"line":19,"column":69},"end":{"line":22,"column":27}}]},"13":{"type":"branch","line":21,"loc":{"start":{"line":21,"column":24},"end":{"line":22,"column":27}},"locations":[{"start":{"line":21,"column":24},"end":{"line":22,"column":27}}]},"14":{"type":"branch","line":22,"loc":{"start":{"line":22,"column":26},"end":{"line":31,"column":27}},"locations":[{"start":{"line":22,"column":26},"end":{"line":31,"column":27}}]},"15":{"type":"branch","line":31,"loc":{"start":{"line":31,"column":26},"end":{"line":34,"column":38}},"locations":[{"start":{"line":31,"column":26},"end":{"line":34,"column":38}}]},"16":{"type":"branch","line":34,"loc":{"start":{"line":34,"column":37},"end":{"line":34,"column":38}},"locations":[{"start":{"line":34,"column":37},"end":{"line":34,"column":38}}]},"17":{"type":"branch","line":34,"loc":{"start":{"line":34,"column":37},"end":{"line":34,"column":38}},"locations":[{"start":{"line":34,"column":37},"end":{"line":34,"column":38}}]},"18":{"type":"branch","line":36,"loc":{"start":{"line":36,"column":1},"end":{"line":36,"column":2}},"locations":[{"start":{"line":36,"column":1},"end":{"line":36,"column":2}}]}},"b":{"0":[4],"1":[0],"2":[2],"3":[2],"4":[2],"5":[2],"6":[4],"7":[2],"8":[2],"9":[7],"10":[8],"11":[2],"12":[2],"13":[1],"14":[1],"15":[1],"16":[0],"17":[2],"18":[2]},"fnMap":{"0":{"name":"asyncGeneratorStep","decl":{"start":{"line":2,"column":0},"end":{"line":2,"column":50}},"loc":{"start":{"line":2,"column":0},"end":{"line":2,"column":50}},"line":2},"1":{"name":"_asyncToGenerator","decl":{"start":{"line":2,"column":0},"end":{"line":2,"column":50}},"loc":{"start":{"line":2,"column":0},"end":{"line":2,"column":50}},"line":2},"2":{"name":"_next","decl":{"start":{"line":2,"column":0},"end":{"line":2,"column":50}},"loc":{"start":{"line":2,"column":0},"end":{"line":2,"column":50}},"line":2},"3":{"name":"_throw","decl":{"start":{"line":2,"column":0},"end":{"line":2,"column":50}},"loc":{"start":{"line":2,"column":0},"end":{"line":2,"column":50}},"line":2},"4":{"name":"_callee","decl":{"start":{"line":16,"column":27},"end":{"line":34,"column":38}},"loc":{"start":{"line":16,"column":27},"end":{"line":34,"column":38}},"line":16},"5":{"name":"_callee$","decl":{"start":{"line":16,"column":52},"end":{"line":34,"column":38}},"loc":{"start":{"line":16,"column":52},"end":{"line":34,"column":38}},"line":16}},"f":{"0":4,"1":2,"2":4,"3":0,"4":2,"5":7}}
,"/home/stil/projects/frontend/news-portal_1.1/src/features/AuthByUsername/model/slice/loginSlice.ts": {"path":"/home/stil/projects/frontend/news-portal_1.1/src/features/AuthByUsername/model/slice/loginSlice.ts","all":false,"statementMap":{"0":{"start":{"line":1,"column":0},"end":{"line":1,"column":62}},"1":{"start":{"line":2,"column":0},"end":{"line":2,"column":51}},"2":{"start":{"line":3,"column":0},"end":{"line":3,"column":78}},"3":{"start":{"line":4,"column":0},"end":{"line":4,"column":0}},"4":{"start":{"line":5,"column":0},"end":{"line":5,"column":35}},"5":{"start":{"line":6,"column":0},"end":{"line":6,"column":19}},"6":{"start":{"line":7,"column":0},"end":{"line":7,"column":15}},"7":{"start":{"line":8,"column":0},"end":{"line":8,"column":15}},"8":{"start":{"line":9,"column":0},"end":{"line":9,"column":2}},"9":{"start":{"line":10,"column":0},"end":{"line":10,"column":0}},"10":{"start":{"line":11,"column":0},"end":{"line":11,"column":39}},"11":{"start":{"line":12,"column":0},"end":{"line":12,"column":16}},"12":{"start":{"line":13,"column":0},"end":{"line":13,"column":15}},"13":{"start":{"line":14,"column":0},"end":{"line":14,"column":13}},"14":{"start":{"line":15,"column":0},"end":{"line":15,"column":60}},"15":{"start":{"line":16,"column":0},"end":{"line":16,"column":38}},"16":{"start":{"line":17,"column":0},"end":{"line":17,"column":6}},"17":{"start":{"line":18,"column":0},"end":{"line":18,"column":60}},"18":{"start":{"line":19,"column":0},"end":{"line":19,"column":38}},"19":{"start":{"line":20,"column":0},"end":{"line":20,"column":6}},"20":{"start":{"line":21,"column":0},"end":{"line":21,"column":4}},"21":{"start":{"line":22,"column":0},"end":{"line":22,"column":31}},"22":{"start":{"line":23,"column":0},"end":{"line":23,"column":11}},"23":{"start":{"line":24,"column":0},"end":{"line":24,"column":52}},"24":{"start":{"line":25,"column":0},"end":{"line":25,"column":32}},"25":{"start":{"line":26,"column":0},"end":{"line":26,"column":31}},"26":{"start":{"line":27,"column":0},"end":{"line":27,"column":8}},"27":{"start":{"line":28,"column":0},"end":{"line":28,"column":54}},"28":{"start":{"line":29,"column":0},"end":{"line":29,"column":32}},"29":{"start":{"line":30,"column":0},"end":{"line":30,"column":8}},"30":{"start":{"line":31,"column":0},"end":{"line":31,"column":61}},"31":{"start":{"line":32,"column":0},"end":{"line":32,"column":37}},"32":{"start":{"line":33,"column":0},"end":{"line":33,"column":32}},"33":{"start":{"line":34,"column":0},"end":{"line":34,"column":9}},"34":{"start":{"line":35,"column":0},"end":{"line":35,"column":4}},"35":{"start":{"line":36,"column":0},"end":{"line":36,"column":3}},"36":{"start":{"line":37,"column":0},"end":{"line":37,"column":0}},"37":{"start":{"line":38,"column":0},"end":{"line":38,"column":52}},"38":{"start":{"line":39,"column":0},"end":{"line":39,"column":52}}},"s":{"0":1,"1":1,"2":1,"3":1,"4":1,"5":1,"6":1,"7":1,"8":1,"9":1,"10":1,"11":1,"12":1,"13":1,"14":1,"15":1,"16":1,"17":1,"18":1,"19":1,"20":1,"21":1,"22":1,"23":1,"24":0,"25":0,"26":1,"27":1,"28":0,"29":1,"30":1,"31":0,"32":0,"33":1,"34":1,"35":1,"36":1,"37":1,"38":1},"branchMap":{"0":{"type":"branch","line":15,"loc":{"start":{"line":15,"column":17},"end":{"line":17,"column":5}},"locations":[{"start":{"line":15,"column":17},"end":{"line":17,"column":5}}]},"1":{"type":"branch","line":18,"loc":{"start":{"line":18,"column":17},"end":{"line":20,"column":6}},"locations":[{"start":{"line":18,"column":17},"end":{"line":20,"column":6}}]},"2":{"type":"branch","line":22,"loc":{"start":{"line":22,"column":17},"end":{"line":35,"column":4}},"locations":[{"start":{"line":22,"column":17},"end":{"line":35,"column":4}}]}},"b":{"0":[1],"1":[1],"2":[1]},"fnMap":{"0":{"name":"setUsername","decl":{"start":{"line":15,"column":17},"end":{"line":17,"column":5}},"loc":{"start":{"line":15,"column":17},"end":{"line":17,"column":5}},"line":15},"1":{"name":"setPassword","decl":{"start":{"line":18,"column":17},"end":{"line":20,"column":6}},"loc":{"start":{"line":18,"column":17},"end":{"line":20,"column":6}},"line":18},"2":{"name":"extraReducers","decl":{"start":{"line":22,"column":17},"end":{"line":35,"column":4}},"loc":{"start":{"line":22,"column":17},"end":{"line":35,"column":4}},"line":22}},"f":{"0":1,"1":1,"2":1}}
,"/home/stil/projects/frontend/news-portal_1.1/src/pages/AboutPage/index.ts": {"path":"/home/stil/projects/frontend/news-portal_1.1/src/pages/AboutPage/index.ts","all":false,"statementMap":{"0":{"start":{"line":1,"column":0},"end":{"line":1,"column":54}},"1":{"start":{"line":2,"column":0},"end":{"line":2,"column":0}},"2":{"start":{"line":3,"column":0},"end":{"line":3,"column":39}}},"s":{"0":1,"1":1,"2":1},"branchMap":{},"b":{},"fnMap":{},"f":{}}
,"/home/stil/projects/frontend/news-portal_1.1/src/pages/AboutPage/ui/AboutPage.async.tsx": {"path":"/home/stil/projects/frontend/news-portal_1.1/src/pages/AboutPage/ui/AboutPage.async.tsx","all":false,"statementMap":{"0":{"start":{"line":1,"column":0},"end":{"line":1,"column":29}},"1":{"start":{"line":2,"column":0},"end":{"line":2,"column":0}},"2":{"start":{"line":3,"column":0},"end":{"line":3,"column":35}},"3":{"start":{"line":4,"column":0},"end":{"line":4,"column":9}},"4":{"start":{"line":5,"column":0},"end":{"line":5,"column":34}},"5":{"start":{"line":6,"column":0},"end":{"line":6,"column":25}},"6":{"start":{"line":7,"column":0},"end":{"line":7,"column":71}},"7":{"start":{"line":8,"column":0},"end":{"line":8,"column":67}},"8":{"start":{"line":9,"column":0},"end":{"line":9,"column":11}},"9":{"start":{"line":10,"column":0},"end":{"line":10,"column":2}}},"s":{"0":1,"1":1,"2":1,"3":1,"4":0,"5":0,"6":0,"7":0,"8":0,"9":1},"branchMap":{},"b":{},"fnMap":{},"f":{}}
,"/home/stil/projects/frontend/news-portal_1.1/src/pages/MainPage/index.ts": {"path":"/home/stil/projects/frontend/news-portal_1.1/src/pages/MainPage/index.ts","all":false,"statementMap":{"0":{"start":{"line":1,"column":0},"end":{"line":1,"column":52}},"1":{"start":{"line":2,"column":0},"end":{"line":2,"column":0}},"2":{"start":{"line":3,"column":0},"end":{"line":3,"column":37}}},"s":{"0":1,"1":1,"2":1},"branchMap":{},"b":{},"fnMap":{},"f":{}}
,"/home/stil/projects/frontend/news-portal_1.1/src/pages/MainPage/ui/MainPage.async.tsx": {"path":"/home/stil/projects/frontend/news-portal_1.1/src/pages/MainPage/ui/MainPage.async.tsx","all":false,"statementMap":{"0":{"start":{"line":1,"column":0},"end":{"line":1,"column":29}},"1":{"start":{"line":2,"column":0},"end":{"line":2,"column":0}},"2":{"start":{"line":3,"column":0},"end":{"line":3,"column":34}},"3":{"start":{"line":4,"column":0},"end":{"line":4,"column":9}},"4":{"start":{"line":5,"column":0},"end":{"line":5,"column":34}},"5":{"start":{"line":6,"column":0},"end":{"line":6,"column":25}},"6":{"start":{"line":7,"column":0},"end":{"line":7,"column":71}},"7":{"start":{"line":8,"column":0},"end":{"line":8,"column":66}},"8":{"start":{"line":9,"column":0},"end":{"line":9,"column":11}},"9":{"start":{"line":10,"column":0},"end":{"line":10,"column":2}}},"s":{"0":1,"1":1,"2":1,"3":1,"4":0,"5":0,"6":0,"7":0,"8":0,"9":1},"branchMap":{},"b":{},"fnMap":{},"f":{}}
,"/home/stil/projects/frontend/news-portal_1.1/src/pages/NotFoundPage/index.ts": {"path":"/home/stil/projects/frontend/news-portal_1.1/src/pages/NotFoundPage/index.ts","all":false,"statementMap":{"0":{"start":{"line":1,"column":0},"end":{"line":1,"column":49}},"1":{"start":{"line":2,"column":0},"end":{"line":2,"column":0}},"2":{"start":{"line":3,"column":0},"end":{"line":3,"column":24}}},"s":{"0":1,"1":1,"2":1},"branchMap":{},"b":{},"fnMap":{},"f":{}}
,"/home/stil/projects/frontend/news-portal_1.1/src/pages/NotFoundPage/ui/NotFoundPage.tsx": {"path":"/home/stil/projects/frontend/news-portal_1.1/src/pages/NotFoundPage/ui/NotFoundPage.tsx","all":false,"statementMap":{"0":{"start":{"line":1,"column":0},"end":{"line":1,"column":36}},"1":{"start":{"line":2,"column":0},"end":{"line":2,"column":62}},"2":{"start":{"line":3,"column":0},"end":{"line":3,"column":47}},"3":{"start":{"line":4,"column":0},"end":{"line":4,"column":45}},"4":{"start":{"line":5,"column":0},"end":{"line":5,"column":0}},"5":{"start":{"line":6,"column":0},"end":{"line":6,"column":29}},"6":{"start":{"line":7,"column":0},"end":{"line":7,"column":21}},"7":{"start":{"line":8,"column":0},"end":{"line":8,"column":1}},"8":{"start":{"line":9,"column":0},"end":{"line":9,"column":0}},"9":{"start":{"line":10,"column":0},"end":{"line":10,"column":72}},"10":{"start":{"line":11,"column":0},"end":{"line":11,"column":33}},"11":{"start":{"line":12,"column":0},"end":{"line":12,"column":10}},"12":{"start":{"line":13,"column":0},"end":{"line":13,"column":58}},"13":{"start":{"line":14,"column":0},"end":{"line":14,"column":32}},"14":{"start":{"line":15,"column":0},"end":{"line":15,"column":10}},"15":{"start":{"line":16,"column":0},"end":{"line":16,"column":4}},"16":{"start":{"line":17,"column":0},"end":{"line":17,"column":3}}},"s":{"0":1,"1":1,"2":1,"3":1,"4":1,"5":1,"6":1,"7":1,"8":1,"9":1,"10":0,"11":0,"12":0,"13":0,"14":0,"15":0,"16":1},"branchMap":{},"b":{},"fnMap":{},"f":{}}
,"/home/stil/projects/frontend/news-portal_1.1/src/pages/ProfilePage/index.ts": {"path":"/home/stil/projects/frontend/news-portal_1.1/src/pages/ProfilePage/index.ts","all":false,"statementMap":{"0":{"start":{"line":1,"column":0},"end":{"line":1,"column":73}},"1":{"start":{"line":2,"column":0},"end":{"line":2,"column":0}},"2":{"start":{"line":3,"column":0},"end":{"line":3,"column":20}}},"s":{"0":1,"1":1,"2":1},"branchMap":{},"b":{},"fnMap":{},"f":{}}
,"/home/stil/projects/frontend/news-portal_1.1/src/pages/ProfilePage/ui/ProfilePage.async.tsx": {"path":"/home/stil/projects/frontend/news-portal_1.1/src/pages/ProfilePage/ui/ProfilePage.async.tsx","all":false,"statementMap":{"0":{"start":{"line":1,"column":0},"end":{"line":1,"column":29}},"1":{"start":{"line":2,"column":0},"end":{"line":2,"column":0}},"2":{"start":{"line":3,"column":0},"end":{"line":3,"column":37}},"3":{"start":{"line":4,"column":0},"end":{"line":4,"column":9}},"4":{"start":{"line":5,"column":0},"end":{"line":5,"column":34}},"5":{"start":{"line":6,"column":0},"end":{"line":6,"column":25}},"6":{"start":{"line":7,"column":0},"end":{"line":7,"column":71}},"7":{"start":{"line":8,"column":0},"end":{"line":8,"column":69}},"8":{"start":{"line":9,"column":0},"end":{"line":9,"column":11}},"9":{"start":{"line":10,"column":0},"end":{"line":10,"column":2}}},"s":{"0":1,"1":1,"2":1,"3":1,"4":0,"5":0,"6":0,"7":0,"8":0,"9":1},"branchMap":{},"b":{},"fnMap":{},"f":{}}
,"/home/stil/projects/frontend/news-portal_1.1/src/shared/api/api.ts": {"path":"/home/stil/projects/frontend/news-portal_1.1/src/shared/api/api.ts","all":false,"statementMap":{"0":{"start":{"line":1,"column":0},"end":{"line":1,"column":26}},"1":{"start":{"line":2,"column":0},"end":{"line":2,"column":66}},"2":{"start":{"line":3,"column":0},"end":{"line":3,"column":0}},"3":{"start":{"line":4,"column":0},"end":{"line":4,"column":34}},"4":{"start":{"line":5,"column":0},"end":{"line":5,"column":20}},"5":{"start":{"line":6,"column":0},"end":{"line":6,"column":13}},"6":{"start":{"line":7,"column":0},"end":{"line":7,"column":71}},"7":{"start":{"line":8,"column":0},"end":{"line":8,"column":5}},"8":{"start":{"line":9,"column":0},"end":{"line":9,"column":3}}},"s":{"0":1,"1":1,"2":1,"3":1,"4":1,"5":1,"6":1,"7":1,"8":1},"branchMap":{},"b":{},"fnMap":{},"f":{}}
,"/home/stil/projects/frontend/news-portal_1.1/src/shared/config/i18n/i18nForTests.ts": {"path":"/home/stil/projects/frontend/news-portal_1.1/src/shared/config/i18n/i18nForTests.ts","all":false,"statementMap":{"0":{"start":{"line":1,"column":0},"end":{"line":1,"column":27}},"1":{"start":{"line":2,"column":0},"end":{"line":2,"column":49}},"2":{"start":{"line":3,"column":0},"end":{"line":3,"column":0}},"3":{"start":{"line":4,"column":0},"end":{"line":4,"column":4}},"4":{"start":{"line":5,"column":0},"end":{"line":5,"column":26}},"5":{"start":{"line":6,"column":0},"end":{"line":6,"column":11}},"6":{"start":{"line":7,"column":0},"end":{"line":7,"column":18}},"7":{"start":{"line":8,"column":0},"end":{"line":8,"column":26}},"8":{"start":{"line":9,"column":0},"end":{"line":9,"column":21}},"9":{"start":{"line":10,"column":0},"end":{"line":10,"column":0}},"10":{"start":{"line":11,"column":0},"end":{"line":11,"column":24}},"11":{"start":{"line":12,"column":0},"end":{"line":12,"column":57}},"12":{"start":{"line":13,"column":0},"end":{"line":13,"column":10}},"13":{"start":{"line":14,"column":0},"end":{"line":14,"column":48}},"14":{"start":{"line":15,"column":0},"end":{"line":15,"column":7}},"15":{"start":{"line":16,"column":0},"end":{"line":16,"column":0}},"16":{"start":{"line":17,"column":0},"end":{"line":17,"column":20}}},"s":{"0":1,"1":1,"2":1,"3":1,"4":1,"5":1,"6":1,"7":1,"8":1,"9":1,"10":1,"11":1,"12":1,"13":1,"14":1,"15":1,"16":1},"branchMap":{},"b":{},"fnMap":{},"f":{}}
,"/home/stil/projects/frontend/news-portal_1.1/src/shared/config/routeConfig/routeConfig.tsx": {"path":"/home/stil/projects/frontend/news-portal_1.1/src/shared/config/routeConfig/routeConfig.tsx","all":false,"statementMap":{"0":{"start":{"line":1,"column":0},"end":{"line":1,"column":39}},"1":{"start":{"line":2,"column":0},"end":{"line":2,"column":46}},"2":{"start":{"line":3,"column":0},"end":{"line":3,"column":42}},"3":{"start":{"line":4,"column":0},"end":{"line":4,"column":44}},"4":{"start":{"line":5,"column":0},"end":{"line":5,"column":50}},"5":{"start":{"line":6,"column":0},"end":{"line":6,"column":48}},"6":{"start":{"line":7,"column":0},"end":{"line":7,"column":0}},"7":{"start":{"line":8,"column":0},"end":{"line":8,"column":0}},"8":{"start":{"line":9,"column":0},"end":{"line":9,"column":23}},"9":{"start":{"line":10,"column":0},"end":{"line":10,"column":18}},"10":{"start":{"line":11,"column":0},"end":{"line":11,"column":20}},"11":{"start":{"line":12,"column":0},"end":{"line":12,"column":28}},"12":{"start":{"line":13,"column":0},"end":{"line":13,"column":23}},"13":{"start":{"line":14,"column":0},"end":{"line":14,"column":1}},"14":{"start":{"line":15,"column":0},"end":{"line":15,"column":0}},"15":{"start":{"line":16,"column":0},"end":{"line":16,"column":53}},"16":{"start":{"line":17,"column":0},"end":{"line":17,"column":26}},"17":{"start":{"line":18,"column":0},"end":{"line":18,"column":32}},"18":{"start":{"line":19,"column":0},"end":{"line":19,"column":36}},"19":{"start":{"line":20,"column":0},"end":{"line":20,"column":0}},"20":{"start":{"line":21,"column":0},"end":{"line":21,"column":11}},"21":{"start":{"line":22,"column":0},"end":{"line":22,"column":30}},"22":{"start":{"line":23,"column":0},"end":{"line":23,"column":2}},"23":{"start":{"line":24,"column":0},"end":{"line":24,"column":0}},"24":{"start":{"line":25,"column":0},"end":{"line":25,"column":59}},"25":{"start":{"line":26,"column":0},"end":{"line":26,"column":23}},"26":{"start":{"line":27,"column":0},"end":{"line":27,"column":29}},"27":{"start":{"line":28,"column":0},"end":{"line":28,"column":30}},"28":{"start":{"line":29,"column":0},"end":{"line":29,"column":6}},"29":{"start":{"line":30,"column":0},"end":{"line":30,"column":24}},"30":{"start":{"line":31,"column":0},"end":{"line":31,"column":30}},"31":{"start":{"line":32,"column":0},"end":{"line":32,"column":31}},"32":{"start":{"line":33,"column":0},"end":{"line":33,"column":6}},"33":{"start":{"line":34,"column":0},"end":{"line":34,"column":26}},"34":{"start":{"line":35,"column":0},"end":{"line":35,"column":32}},"35":{"start":{"line":36,"column":0},"end":{"line":36,"column":32}},"36":{"start":{"line":37,"column":0},"end":{"line":37,"column":6}},"37":{"start":{"line":38,"column":0},"end":{"line":38,"column":0}},"38":{"start":{"line":39,"column":0},"end":{"line":39,"column":11}},"39":{"start":{"line":40,"column":0},"end":{"line":40,"column":28}},"40":{"start":{"line":41,"column":0},"end":{"line":41,"column":34}},"41":{"start":{"line":42,"column":0},"end":{"line":42,"column":33}},"42":{"start":{"line":43,"column":0},"end":{"line":43,"column":5}},"43":{"start":{"line":44,"column":0},"end":{"line":44,"column":2}}},"s":{"0":1,"1":1,"2":1,"3":1,"4":1,"5":1,"6":1,"7":1,"8":1,"9":1,"10":1,"11":1,"12":1,"13":1,"14":1,"15":1,"16":1,"17":1,"18":1,"19":1,"20":1,"21":1,"22":1,"23":1,"24":1,"25":1,"26":1,"27":1,"28":1,"29":1,"30":1,"31":1,"32":1,"33":1,"34":1,"35":1,"36":1,"37":1,"38":1,"39":1,"40":1,"41":1,"42":1,"43":1},"branchMap":{"0":{"type":"branch","line":9,"loc":{"start":{"line":9,"column":21},"end":{"line":9,"column":23}},"locations":[{"start":{"line":9,"column":21},"end":{"line":9,"column":23}}]}},"b":{"0":[1]},"fnMap":{},"f":{}}
,"/home/stil/projects/frontend/news-portal_1.1/src/shared/const/localstorage.ts": {"path":"/home/stil/projects/frontend/news-portal_1.1/src/shared/const/localstorage.ts","all":false,"statementMap":{"0":{"start":{"line":1,"column":0},"end":{"line":1,"column":43}}},"s":{"0":1},"branchMap":{},"b":{},"fnMap":{},"f":{}}
,"/home/stil/projects/frontend/news-portal_1.1/src/shared/lib/classNames/classNames.ts": {"path":"/home/stil/projects/frontend/news-portal_1.1/src/shared/lib/classNames/classNames.ts","all":false,"statementMap":{"0":{"start":{"line":1,"column":0},"end":{"line":1,"column":64}},"1":{"start":{"line":2,"column":0},"end":{"line":2,"column":0}},"2":{"start":{"line":3,"column":0},"end":{"line":3,"column":27}},"3":{"start":{"line":4,"column":0},"end":{"line":4,"column":15}},"4":{"start":{"line":5,"column":0},"end":{"line":5,"column":19}},"5":{"start":{"line":6,"column":0},"end":{"line":6,"column":46}},"6":{"start":{"line":7,"column":0},"end":{"line":7,"column":11}},"7":{"start":{"line":8,"column":0},"end":{"line":8,"column":11}},"8":{"start":{"line":9,"column":0},"end":{"line":9,"column":10}},"9":{"start":{"line":10,"column":0},"end":{"line":10,"column":36}},"10":{"start":{"line":11,"column":0},"end":{"line":11,"column":29}},"11":{"start":{"line":12,"column":0},"end":{"line":12,"column":48}},"12":{"start":{"line":13,"column":0},"end":{"line":13,"column":42}},"13":{"start":{"line":14,"column":0},"end":{"line":14,"column":15}},"14":{"start":{"line":15,"column":0},"end":{"line":15,"column":1}}},"s":{"0":1,"1":1,"2":1,"3":51,"4":51,"5":51,"6":51,"7":51,"8":51,"9":51,"10":51,"11":51,"12":51,"13":51,"14":51},"branchMap":{"0":{"type":"branch","line":3,"loc":{"start":{"line":3,"column":7},"end":{"line":15,"column":1}},"locations":[{"start":{"line":3,"column":7},"end":{"line":15,"column":1}}]},"1":{"type":"branch","line":5,"loc":{"start":{"line":5,"column":13},"end":{"line":5,"column":16}},"locations":[{"start":{"line":5,"column":13},"end":{"line":5,"column":16}}]},"2":{"type":"branch","line":5,"loc":{"start":{"line":5,"column":13},"end":{"line":5,"column":16}},"locations":[{"start":{"line":5,"column":13},"end":{"line":5,"column":16}}]},"3":{"type":"branch","line":5,"loc":{"start":{"line":5,"column":13},"end":{"line":5,"column":18}},"locations":[{"start":{"line":5,"column":13},"end":{"line":5,"column":18}}]},"4":{"type":"branch","line":6,"loc":{"start":{"line":6,"column":40},"end":{"line":6,"column":43}},"locations":[{"start":{"line":6,"column":40},"end":{"line":6,"column":43}}]},"5":{"type":"branch","line":6,"loc":{"start":{"line":6,"column":40},"end":{"line":6,"column":43}},"locations":[{"start":{"line":6,"column":40},"end":{"line":6,"column":43}}]},"6":{"type":"branch","line":6,"loc":{"start":{"line":6,"column":40},"end":{"line":6,"column":45}},"locations":[{"start":{"line":6,"column":40},"end":{"line":6,"column":45}}]},"7":{"type":"branch","line":12,"loc":{"start":{"line":12,"column":17},"end":{"line":12,"column":48}},"locations":[{"start":{"line":12,"column":17},"end":{"line":12,"column":48}}]},"8":{"type":"branch","line":13,"loc":{"start":{"line":13,"column":14},"end":{"line":13,"column":41}},"locations":[{"start":{"line":13,"column":14},"end":{"line":13,"column":41}}]}},"b":{"0":[51],"1":[50],"2":[50],"3":[1],"4":[38],"5":[38],"6":[13],"7":[78],"8":[46]},"fnMap":{"0":{"name":"classNames","decl":{"start":{"line":3,"column":7},"end":{"line":15,"column":1}},"loc":{"start":{"line":3,"column":7},"end":{"line":15,"column":1}},"line":3}},"f":{"0":51}}
,"/home/stil/projects/frontend/news-portal_1.1/src/shared/lib/tests/TestAsyncThunk/TestAsyncThunk.ts": {"path":"/home/stil/projects/frontend/news-portal_1.1/src/shared/lib/tests/TestAsyncThunk/TestAsyncThunk.ts","all":false,"statementMap":{"0":{"start":{"line":1,"column":0},"end":{"line":1,"column":58}},"1":{"start":{"line":2,"column":0},"end":{"line":2,"column":52}},"2":{"start":{"line":3,"column":0},"end":{"line":3,"column":42}},"3":{"start":{"line":4,"column":0},"end":{"line":4,"column":0}},"4":{"start":{"line":5,"column":0},"end":{"line":5,"column":50}},"5":{"start":{"line":6,"column":0},"end":{"line":6,"column":82}},"6":{"start":{"line":7,"column":0},"end":{"line":7,"column":0}},"7":{"start":{"line":8,"column":0},"end":{"line":8,"column":0}},"8":{"start":{"line":9,"column":0},"end":{"line":9,"column":23}},"9":{"start":{"line":10,"column":0},"end":{"line":10,"column":0}},"10":{"start":{"line":11,"column":0},"end":{"line":11,"column":13}},"11":{"start":{"line":12,"column":0},"end":{"line":12,"column":45}},"12":{"start":{"line":13,"column":0},"end":{"line":13,"column":0}},"13":{"start":{"line":14,"column":0},"end":{"line":14,"column":57}},"14":{"start":{"line":15,"column":0},"end":{"line":15,"column":33}},"15":{"start":{"line":16,"column":0},"end":{"line":16,"column":0}},"16":{"start":{"line":17,"column":0},"end":{"line":17,"column":32}},"17":{"start":{"line":18,"column":0},"end":{"line":18,"column":0}},"18":{"start":{"line":19,"column":0},"end":{"line":19,"column":65}},"19":{"start":{"line":20,"column":0},"end":{"line":20,"column":0}},"20":{"start":{"line":21,"column":0},"end":{"line":21,"column":0}},"21":{"start":{"line":22,"column":0},"end":{"line":22,"column":46}},"22":{"start":{"line":23,"column":0},"end":{"line":23,"column":32}},"23":{"start":{"line":24,"column":0},"end":{"line":24,"column":0}},"24":{"start":{"line":25,"column":0},"end":{"line":25,"column":79}},"25":{"start":{"line":26,"column":0},"end":{"line":26,"column":43}},"26":{"start":{"line":27,"column":0},"end":{"line":27,"column":34}},"27":{"start":{"line":28,"column":0},"end":{"line":28,"column":34}},"28":{"start":{"line":29,"column":0},"end":{"line":29,"column":0}},"29":{"start":{"line":30,"column":0},"end":{"line":30,"column":30}},"30":{"start":{"line":31,"column":0},"end":{"line":31,"column":33}},"31":{"start":{"line":32,"column":0},"end":{"line":32,"column":5}},"32":{"start":{"line":33,"column":0},"end":{"line":33,"column":0}},"33":{"start":{"line":34,"column":0},"end":{"line":34,"column":31}},"34":{"start":{"line":35,"column":0},"end":{"line":35,"column":47}},"35":{"start":{"line":36,"column":0},"end":{"line":36,"column":108}},"36":{"start":{"line":37,"column":0},"end":{"line":37,"column":0}},"37":{"start":{"line":38,"column":0},"end":{"line":38,"column":22}},"38":{"start":{"line":39,"column":0},"end":{"line":39,"column":5}},"39":{"start":{"line":40,"column":0},"end":{"line":40,"column":1}}},"s":{"0":1,"1":0,"2":1,"3":1,"4":1,"5":1,"6":1,"7":1,"8":1,"9":1,"10":0,"11":1,"12":1,"13":1,"14":1,"15":1,"16":1,"17":1,"18":1,"19":1,"20":1,"21":1,"22":1,"23":1,"24":1,"25":2,"26":2,"27":2,"28":2,"29":2,"30":2,"31":2,"32":1,"33":1,"34":2,"35":2,"36":2,"37":2,"38":1,"39":1},"branchMap":{"0":{"type":"branch","line":11,"loc":{"start":{"line":11,"column":0},"end":{"line":11,"column":13}},"locations":[{"start":{"line":11,"column":0},"end":{"line":11,"column":13}}]},"1":{"type":"branch","line":11,"loc":{"start":{"line":11,"column":0},"end":{"line":11,"column":13}},"locations":[{"start":{"line":11,"column":0},"end":{"line":11,"column":13}}]},"2":{"type":"branch","line":11,"loc":{"start":{"line":11,"column":0},"end":{"line":11,"column":13}},"locations":[{"start":{"line":11,"column":0},"end":{"line":11,"column":13}}]},"3":{"type":"branch","line":2,"loc":{"start":{"line":2,"column":0},"end":{"line":2,"column":52}},"locations":[{"start":{"line":2,"column":0},"end":{"line":2,"column":52}}]},"4":{"type":"branch","line":2,"loc":{"start":{"line":2,"column":0},"end":{"line":2,"column":52}},"locations":[{"start":{"line":2,"column":0},"end":{"line":2,"column":52}}]},"5":{"type":"branch","line":2,"loc":{"start":{"line":2,"column":0},"end":{"line":2,"column":52}},"locations":[{"start":{"line":2,"column":0},"end":{"line":2,"column":52}}]},"6":{"type":"branch","line":2,"loc":{"start":{"line":2,"column":0},"end":{"line":2,"column":52}},"locations":[{"start":{"line":2,"column":0},"end":{"line":2,"column":52}}]},"7":{"type":"branch","line":2,"loc":{"start":{"line":2,"column":0},"end":{"line":2,"column":52}},"locations":[{"start":{"line":2,"column":0},"end":{"line":2,"column":52}}]},"8":{"type":"branch","line":2,"loc":{"start":{"line":2,"column":0},"end":{"line":2,"column":52}},"locations":[{"start":{"line":2,"column":0},"end":{"line":2,"column":52}}]},"9":{"type":"branch","line":2,"loc":{"start":{"line":2,"column":0},"end":{"line":2,"column":52}},"locations":[{"start":{"line":2,"column":0},"end":{"line":2,"column":52}}]},"10":{"type":"branch","line":2,"loc":{"start":{"line":2,"column":0},"end":{"line":2,"column":52}},"locations":[{"start":{"line":2,"column":0},"end":{"line":2,"column":52}}]},"11":{"type":"branch","line":2,"loc":{"start":{"line":2,"column":0},"end":{"line":2,"column":52}},"locations":[{"start":{"line":2,"column":0},"end":{"line":2,"column":52}}]},"12":{"type":"branch","line":2,"loc":{"start":{"line":2,"column":0},"end":{"line":2,"column":52}},"locations":[{"start":{"line":2,"column":0},"end":{"line":2,"column":52}}]},"13":{"type":"branch","line":2,"loc":{"start":{"line":2,"column":0},"end":{"line":2,"column":52}},"locations":[{"start":{"line":2,"column":0},"end":{"line":2,"column":52}}]},"14":{"type":"branch","line":2,"loc":{"start":{"line":2,"column":0},"end":{"line":2,"column":52}},"locations":[{"start":{"line":2,"column":0},"end":{"line":2,"column":52}}]},"15":{"type":"branch","line":2,"loc":{"start":{"line":2,"column":0},"end":{"line":2,"column":52}},"locations":[{"start":{"line":2,"column":0},"end":{"line":2,"column":52}}]},"16":{"type":"branch","line":2,"loc":{"start":{"line":2,"column":0},"end":{"line":2,"column":52}},"locations":[{"start":{"line":2,"column":0},"end":{"line":2,"column":52}}]},"17":{"type":"branch","line":2,"loc":{"start":{"line":2,"column":0},"end":{"line":2,"column":52}},"locations":[{"start":{"line":2,"column":0},"end":{"line":2,"column":52}}]},"18":{"type":"branch","line":2,"loc":{"start":{"line":2,"column":0},"end":{"line":2,"column":52}},"locations":[{"start":{"line":2,"column":0},"end":{"line":2,"column":52}}]},"19":{"type":"branch","line":2,"loc":{"start":{"line":2,"column":0},"end":{"line":2,"column":52}},"locations":[{"start":{"line":2,"column":0},"end":{"line":2,"column":52}}]},"20":{"type":"branch","line":2,"loc":{"start":{"line":2,"column":0},"end":{"line":2,"column":52}},"locations":[{"start":{"line":2,"column":0},"end":{"line":2,"column":52}}]},"21":{"type":"branch","line":2,"loc":{"start":{"line":2,"column":0},"end":{"line":2,"column":52}},"locations":[{"start":{"line":2,"column":0},"end":{"line":2,"column":52}}]},"22":{"type":"branch","line":14,"loc":{"start":{"line":14,"column":27},"end":{"line":39,"column":5}},"locations":[{"start":{"line":14,"column":27},"end":{"line":39,"column":5}}]},"23":{"type":"branch","line":25,"loc":{"start":{"line":25,"column":4},"end":{"line":32,"column":5}},"locations":[{"start":{"line":25,"column":4},"end":{"line":32,"column":5}}]},"24":{"type":"branch","line":33,"loc":{"start":{"line":33,"column":-1},"end":{"line":39,"column":5}},"locations":[{"start":{"line":33,"column":-1},"end":{"line":39,"column":5}}]},"25":{"type":"branch","line":34,"loc":{"start":{"line":34,"column":4},"end":{"line":38,"column":22}},"locations":[{"start":{"line":34,"column":4},"end":{"line":38,"column":22}}]},"26":{"type":"branch","line":34,"loc":{"start":{"line":34,"column":28},"end":{"line":38,"column":22}},"locations":[{"start":{"line":34,"column":28},"end":{"line":38,"column":22}}]},"27":{"type":"branch","line":34,"loc":{"start":{"line":34,"column":28},"end":{"line":36,"column":108}},"locations":[{"start":{"line":34,"column":28},"end":{"line":36,"column":108}}]},"28":{"type":"branch","line":36,"loc":{"start":{"line":36,"column":107},"end":{"line":38,"column":22}},"locations":[{"start":{"line":36,"column":107},"end":{"line":38,"column":22}}]},"29":{"type":"branch","line":38,"loc":{"start":{"line":38,"column":21},"end":{"line":38,"column":22}},"locations":[{"start":{"line":38,"column":21},"end":{"line":38,"column":22}}]},"30":{"type":"branch","line":38,"loc":{"start":{"line":38,"column":21},"end":{"line":38,"column":22}},"locations":[{"start":{"line":38,"column":21},"end":{"line":38,"column":22}}]}},"b":{"0":[1],"1":[0],"2":[2],"3":[4],"4":[0],"5":[2],"6":[1],"7":[2],"8":[2],"9":[4],"10":[2],"11":[0],"12":[1],"13":[1],"14":[0],"15":[1],"16":[0],"17":[1],"18":[0],"19":[0],"20":[0],"21":[1],"22":[1],"23":[2],"24":[1],"25":[2],"26":[6],"27":[2],"28":[2],"29":[0],"30":[2]},"fnMap":{"0":{"name":"_typeof","decl":{"start":{"line":11,"column":0},"end":{"line":11,"column":13}},"loc":{"start":{"line":11,"column":0},"end":{"line":11,"column":13}},"line":11},"1":{"name":"_typeof","decl":{"start":{"line":11,"column":0},"end":{"line":11,"column":13}},"loc":{"start":{"line":11,"column":0},"end":{"line":11,"column":13}},"line":11},"2":{"name":"_typeof","decl":{"start":{"line":11,"column":0},"end":{"line":11,"column":13}},"loc":{"start":{"line":11,"column":0},"end":{"line":11,"column":13}},"line":11},"3":{"name":"asyncGeneratorStep","decl":{"start":{"line":2,"column":0},"end":{"line":2,"column":52}},"loc":{"start":{"line":2,"column":0},"end":{"line":2,"column":52}},"line":2},"4":{"name":"_asyncToGenerator","decl":{"start":{"line":2,"column":0},"end":{"line":2,"column":52}},"loc":{"start":{"line":2,"column":0},"end":{"line":2,"column":52}},"line":2},"5":{"name":"_next","decl":{"start":{"line":2,"column":0},"end":{"line":2,"column":52}},"loc":{"start":{"line":2,"column":0},"end":{"line":2,"column":52}},"line":2},"6":{"name":"_throw","decl":{"start":{"line":2,"column":0},"end":{"line":2,"column":52}},"loc":{"start":{"line":2,"column":0},"end":{"line":2,"column":52}},"line":2},"7":{"name":"_classCallCheck","decl":{"start":{"line":2,"column":0},"end":{"line":2,"column":52}},"loc":{"start":{"line":2,"column":0},"end":{"line":2,"column":52}},"line":2},"8":{"name":"_defineProperties","decl":{"start":{"line":2,"column":0},"end":{"line":2,"column":52}},"loc":{"start":{"line":2,"column":0},"end":{"line":2,"column":52}},"line":2},"9":{"name":"_createClass","decl":{"start":{"line":2,"column":0},"end":{"line":2,"column":52}},"loc":{"start":{"line":2,"column":0},"end":{"line":2,"column":52}},"line":2},"10":{"name":"_toPropertyKey","decl":{"start":{"line":2,"column":0},"end":{"line":2,"column":52}},"loc":{"start":{"line":2,"column":0},"end":{"line":2,"column":52}},"line":2},"11":{"name":"_toPrimitive","decl":{"start":{"line":2,"column":0},"end":{"line":2,"column":52}},"loc":{"start":{"line":2,"column":0},"end":{"line":2,"column":52}},"line":2},"12":{"name":"_getJestObj","decl":{"start":{"line":2,"column":0},"end":{"line":2,"column":52}},"loc":{"start":{"line":2,"column":0},"end":{"line":2,"column":52}},"line":2},"13":{"name":"_getJestObj","decl":{"start":{"line":2,"column":0},"end":{"line":2,"column":52}},"loc":{"start":{"line":2,"column":0},"end":{"line":2,"column":52}},"line":2},"14":{"name":"TestAsyncThunk","decl":{"start":{"line":25,"column":4},"end":{"line":32,"column":5}},"loc":{"start":{"line":25,"column":4},"end":{"line":32,"column":5}},"line":25},"15":{"name":"_callee","decl":{"start":{"line":34,"column":4},"end":{"line":38,"column":22}},"loc":{"start":{"line":34,"column":4},"end":{"line":38,"column":22}},"line":34},"16":{"name":"_callee$","decl":{"start":{"line":34,"column":28},"end":{"line":38,"column":22}},"loc":{"start":{"line":34,"column":28},"end":{"line":38,"column":22}},"line":34}},"f":{"0":1,"1":2,"2":0,"3":4,"4":1,"5":4,"6":0,"7":2,"8":1,"9":1,"10":1,"11":1,"12":1,"13":0,"14":2,"15":2,"16":6}}
,"/home/stil/projects/frontend/news-portal_1.1/src/shared/lib/tests/componentRender/componentRender.tsx": {"path":"/home/stil/projects/frontend/news-portal_1.1/src/shared/lib/tests/componentRender/componentRender.tsx","all":false,"statementMap":{"0":{"start":{"line":1,"column":0},"end":{"line":1,"column":34}},"1":{"start":{"line":2,"column":0},"end":{"line":2,"column":48}},"2":{"start":{"line":3,"column":0},"end":{"line":3,"column":48}},"3":{"start":{"line":4,"column":0},"end":{"line":4,"column":59}},"4":{"start":{"line":5,"column":0},"end":{"line":5,"column":48}},"5":{"start":{"line":6,"column":0},"end":{"line":6,"column":73}},"6":{"start":{"line":7,"column":0},"end":{"line":7,"column":0}},"7":{"start":{"line":8,"column":0},"end":{"line":8,"column":41}},"8":{"start":{"line":9,"column":0},"end":{"line":9,"column":18}},"9":{"start":{"line":10,"column":0},"end":{"line":10,"column":30}},"10":{"start":{"line":11,"column":0},"end":{"line":11,"column":1}},"11":{"start":{"line":12,"column":0},"end":{"line":12,"column":0}},"12":{"start":{"line":13,"column":0},"end":{"line":13,"column":25}},"13":{"start":{"line":14,"column":0},"end":{"line":14,"column":24}},"14":{"start":{"line":15,"column":0},"end":{"line":15,"column":40}},"15":{"start":{"line":16,"column":0},"end":{"line":16,"column":3}},"16":{"start":{"line":17,"column":0},"end":{"line":17,"column":49}},"17":{"start":{"line":18,"column":0},"end":{"line":18,"column":17}},"18":{"start":{"line":19,"column":0},"end":{"line":19,"column":45}},"19":{"start":{"line":20,"column":0},"end":{"line":20,"column":52}},"20":{"start":{"line":21,"column":0},"end":{"line":21,"column":79}},"21":{"start":{"line":22,"column":0},"end":{"line":22,"column":25}},"22":{"start":{"line":23,"column":0},"end":{"line":23,"column":22}},"23":{"start":{"line":24,"column":0},"end":{"line":24,"column":5}},"24":{"start":{"line":25,"column":0},"end":{"line":25,"column":1}},"25":{"start":{"line":26,"column":0},"end":{"line":26,"column":0}},"26":{"start":{"line":27,"column":0},"end":{"line":27,"column":31}}},"s":{"0":1,"1":1,"2":1,"3":1,"4":1,"5":1,"6":1,"7":1,"8":1,"9":1,"10":1,"11":1,"12":3,"13":3,"14":3,"15":3,"16":3,"17":3,"18":3,"19":3,"20":3,"21":3,"22":3,"23":3,"24":3,"25":1,"26":1},"branchMap":{"0":{"type":"branch","line":13,"loc":{"start":{"line":13,"column":0},"end":{"line":25,"column":1}},"locations":[{"start":{"line":13,"column":0},"end":{"line":25,"column":1}}]},"1":{"type":"branch","line":15,"loc":{"start":{"line":15,"column":34},"end":{"line":15,"column":37}},"locations":[{"start":{"line":15,"column":34},"end":{"line":15,"column":37}}]},"2":{"type":"branch","line":15,"loc":{"start":{"line":15,"column":34},"end":{"line":15,"column":37}},"locations":[{"start":{"line":15,"column":34},"end":{"line":15,"column":37}}]},"3":{"type":"branch","line":17,"loc":{"start":{"line":17,"column":22},"end":{"line":17,"column":24}},"locations":[{"start":{"line":17,"column":22},"end":{"line":17,"column":24}}]}},"b":{"0":[3],"1":[0],"2":[0],"3":[0]},"fnMap":{"0":{"name":"componentRender","decl":{"start":{"line":13,"column":0},"end":{"line":25,"column":1}},"loc":{"start":{"line":13,"column":0},"end":{"line":25,"column":1}},"line":13}},"f":{"0":3}}
,"/home/stil/projects/frontend/news-portal_1.1/src/shared/ui/AppLink/AppLink.tsx": {"path":"/home/stil/projects/frontend/news-portal_1.1/src/shared/ui/AppLink/AppLink.tsx","all":false,"statementMap":{"0":{"start":{"line":1,"column":0},"end":{"line":1,"column":62}},"1":{"start":{"line":2,"column":0},"end":{"line":2,"column":51}},"2":{"start":{"line":3,"column":0},"end":{"line":3,"column":51}},"3":{"start":{"line":4,"column":0},"end":{"line":4,"column":40}},"4":{"start":{"line":5,"column":0},"end":{"line":5,"column":0}},"5":{"start":{"line":6,"column":0},"end":{"line":6,"column":26}},"6":{"start":{"line":7,"column":0},"end":{"line":7,"column":22}},"7":{"start":{"line":8,"column":0},"end":{"line":8,"column":26}},"8":{"start":{"line":9,"column":0},"end":{"line":9,"column":14}},"9":{"start":{"line":10,"column":0},"end":{"line":10,"column":1}},"10":{"start":{"line":11,"column":0},"end":{"line":11,"column":0}},"11":{"start":{"line":12,"column":0},"end":{"line":12,"column":42}},"12":{"start":{"line":13,"column":0},"end":{"line":13,"column":21}},"13":{"start":{"line":14,"column":0},"end":{"line":14,"column":23}},"14":{"start":{"line":15,"column":0},"end":{"line":15,"column":23}},"15":{"start":{"line":16,"column":0},"end":{"line":16,"column":1}},"16":{"start":{"line":17,"column":0},"end":{"line":17,"column":0}},"17":{"start":{"line":18,"column":0},"end":{"line":18,"column":54}},"18":{"start":{"line":19,"column":0},"end":{"line":19,"column":9}},"19":{"start":{"line":20,"column":0},"end":{"line":20,"column":7}},"20":{"start":{"line":21,"column":0},"end":{"line":21,"column":14}},"21":{"start":{"line":22,"column":0},"end":{"line":22,"column":13}},"22":{"start":{"line":23,"column":0},"end":{"line":23,"column":33}},"23":{"start":{"line":24,"column":0},"end":{"line":24,"column":17}},"24":{"start":{"line":25,"column":0},"end":{"line":25,"column":12}},"25":{"start":{"line":26,"column":0},"end":{"line":26,"column":0}},"26":{"start":{"line":27,"column":0},"end":{"line":27,"column":10}},"27":{"start":{"line":28,"column":0},"end":{"line":28,"column":9}},"28":{"start":{"line":29,"column":0},"end":{"line":29,"column":13}},"29":{"start":{"line":30,"column":0},"end":{"line":30,"column":78}},"30":{"start":{"line":31,"column":0},"end":{"line":31,"column":21}},"31":{"start":{"line":32,"column":0},"end":{"line":32,"column":5}},"32":{"start":{"line":33,"column":0},"end":{"line":33,"column":16}},"33":{"start":{"line":34,"column":0},"end":{"line":34,"column":11}},"34":{"start":{"line":35,"column":0},"end":{"line":35,"column":4}},"35":{"start":{"line":36,"column":0},"end":{"line":36,"column":3}}},"s":{"0":1,"1":1,"2":1,"3":1,"4":1,"5":1,"6":1,"7":1,"8":1,"9":1,"10":1,"11":1,"12":1,"13":1,"14":1,"15":1,"16":1,"17":1,"18":12,"19":12,"20":12,"21":12,"22":12,"23":12,"24":12,"25":12,"26":12,"27":12,"28":12,"29":12,"30":12,"31":12,"32":12,"33":12,"34":12,"35":1},"branchMap":{"0":{"type":"branch","line":6,"loc":{"start":{"line":6,"column":24},"end":{"line":6,"column":26}},"locations":[{"start":{"line":6,"column":24},"end":{"line":6,"column":26}}]},"1":{"type":"branch","line":18,"loc":{"start":{"line":18,"column":28},"end":{"line":36,"column":2}},"locations":[{"start":{"line":18,"column":28},"end":{"line":36,"column":2}}]},"2":{"type":"branch","line":23,"loc":{"start":{"line":23,"column":9},"end":{"line":23,"column":32}},"locations":[{"start":{"line":23,"column":9},"end":{"line":23,"column":32}}]}},"b":{"0":[1],"1":[12],"2":[0]},"fnMap":{},"f":{}}
[...]
"column":24}},"34":{"start":{"line":35,"column":0},"end":{"line":35,"column":17}},"35":{"start":{"line":36,"column":0},"end":{"line":36,"column":12}},"36":{"start":{"line":37,"column":0},"end":{"line":37,"column":22}},"37":{"start":{"line":38,"column":0},"end":{"line":38,"column":23}},"38":{"start":{"line":39,"column":0},"end":{"line":39,"column":25}},"39":{"start":{"line":40,"column":0},"end":{"line":40,"column":22}},"40":{"start":{"line":41,"column":0},"end":{"line":41,"column":29}},"41":{"start":{"line":42,"column":0},"end":{"line":42,"column":4}},"42":{"start":{"line":43,"column":0},"end":{"line":43,"column":0}},"43":{"start":{"line":44,"column":0},"end":{"line":44,"column":10}},"44":{"start":{"line":45,"column":0},"end":{"line":45,"column":11}},"45":{"start":{"line":46,"column":0},"end":{"line":46,"column":19}},"46":{"start":{"line":47,"column":0},"end":{"line":47,"column":59}},"47":{"start":{"line":48,"column":0},"end":{"line":48,"column":25}},"48":{"start":{"line":49,"column":0},"end":{"line":49,"column":21}},"49":{"start":{"line":50,"column":0},"end":{"line":50,"column":5}},"50":{"start":{"line":51,"column":0},"end":{"line":51,"column":16}},"51":{"start":{"line":52,"column":0},"end":{"line":52,"column":13}},"52":{"start":{"line":53,"column":0},"end":{"line":53,"column":4}},"53":{"start":{"line":54,"column":0},"end":{"line":54,"column":1}},"54":{"start":{"line":55,"column":0},"end":{"line":55,"column":1}}},"s":{"0":1,"1":1,"2":1,"3":1,"4":1,"5":1,"6":1,"7":1,"8":1,"9":1,"10":1,"11":1,"12":1,"13":1,"14":1,"15":1,"16":1,"17":1,"18":1,"19":1,"20":1,"21":1,"22":1,"23":1,"24":1,"25":1,"26":1,"27":11,"28":11,"29":11,"30":11,"31":11,"32":11,"33":11,"34":11,"35":11,"36":11,"37":11,"38":11,"39":11,"40":11,"41":11,"42":11,"43":11,"44":11,"45":11,"46":11,"47":11,"48":11,"49":11,"50":11,"51":11,"52":11,"53":11,"54":11},"branchMap":{"0":{"type":"branch","line":5,"loc":{"start":{"line":5,"column":23},"end":{"line":5,"column":25}},"locations":[{"start":{"line":5,"column":23},"end":{"line":5,"column":25}}]},"1":{"type":"branch","line":13,"loc":{"start":{"line":13,"column":22},"end":{"line":13,"column":24}},"locations":[{"start":{"line":13,"column":22},"end":{"line":13,"column":24}}]},"2":{"type":"branch","line":27,"loc":{"start":{"line":27,"column":27},"end":{"line":55,"column":1}},"locations":[{"start":{"line":27,"column":27},"end":{"line":55,"column":1}}]},"3":{"type":"branch","line":29,"loc":{"start":{"line":29,"column":13},"end":{"line":29,"column":18}},"locations":[{"start":{"line":29,"column":13},"end":{"line":29,"column":18}}]},"4":{"type":"branch","line":31,"loc":{"start":{"line":31,"column":9},"end":{"line":31,"column":31}},"locations":[{"start":{"line":31,"column":9},"end":{"line":31,"column":31}}]},"5":{"type":"branch","line":34,"loc":{"start":{"line":34,"column":8},"end":{"line":34,"column":23}},"locations":[{"start":{"line":34,"column":8},"end":{"line":34,"column":23}}]},"6":{"type":"branch","line":34,"loc":{"start":{"line":34,"column":23},"end":{"line":34,"column":24}},"locations":[{"start":{"line":34,"column":23},"end":{"line":34,"column":24}}]}},"b":{"0":[1],"1":[1],"2":[11],"3":[0],"4":[0],"5":[7],"6":[4]},"fnMap":{},"f":{}}
,"/home/stil/projects/frontend/news-portal_1.1/src/shared/ui/LangSwitcher/LangSwitcher.tsx": {"path":"/home/stil/projects/frontend/news-portal_1.1/src/shared/ui/LangSwitcher/LangSwitcher.tsx","all":false,"statementMap":{"0":{"start":{"line":1,"column":0},"end":{"line":1,"column":62}},"1":{"start":{"line":2,"column":0},"end":{"line":2,"column":47}},"2":{"start":{"line":3,"column":0},"end":{"line":3,"column":36}},"3":{"start":{"line":4,"column":0},"end":{"line":4,"column":62}},"4":{"start":{"line":5,"column":0},"end":{"line":5,"column":0}},"5":{"start":{"line":6,"column":0},"end":{"line":6,"column":29}},"6":{"start":{"line":7,"column":0},"end":{"line":7,"column":21}},"7":{"start":{"line":8,"column":0},"end":{"line":8,"column":18}},"8":{"start":{"line":9,"column":0},"end":{"line":9,"column":1}},"9":{"start":{"line":10,"column":0},"end":{"line":10,"column":0}},"10":{"start":{"line":11,"column":0},"end":{"line":11,"column":79}},"11":{"start":{"line":12,"column":0},"end":{"line":12,"column":39}},"12":{"start":{"line":13,"column":0},"end":{"line":13,"column":0}},"13":{"start":{"line":14,"column":0},"end":{"line":14,"column":30}},"14":{"start":{"line":15,"column":0},"end":{"line":15,"column":62}},"15":{"start":{"line":16,"column":0},"end":{"line":16,"column":4}},"16":{"start":{"line":17,"column":0},"end":{"line":17,"column":0}},"17":{"start":{"line":18,"column":0},"end":{"line":18,"column":10}},"18":{"start":{"line":19,"column":0},"end":{"line":19,"column":11}},"19":{"start":{"line":20,"column":0},"end":{"line":20,"column":49}},"20":{"start":{"line":21,"column":0},"end":{"line":21,"column":31}},"21":{"start":{"line":22,"column":0},"end":{"line":22,"column":22}},"22":{"start":{"line":23,"column":0},"end":{"line":23,"column":5}},"23":{"start":{"line":24,"column":0},"end":{"line":24,"column":43}},"24":{"start":{"line":25,"column":0},"end":{"line":25,"column":13}},"25":{"start":{"line":26,"column":0},"end":{"line":26,"column":4}},"26":{"start":{"line":27,"column":0},"end":{"line":27,"column":3}}},"s":{"0":1,"1":0,"2":1,"3":1,"4":1,"5":1,"6":1,"7":1,"8":1,"9":1,"10":1,"11":4,"12":4,"13":4,"14":0,"15":4,"16":4,"17":4,"18":4,"19":4,"20":4,"21":4,"22":4,"23":4,"24":4,"25":4,"26":1},"branchMap":{"0":{"type":"branch","line":2,"loc":{"start":{"line":2,"column":0},"end":{"line":2,"column":47}},"locations":[{"start":{"line":2,"column":0},"end":{"line":2,"column":47}}]},"1":{"type":"branch","line":11,"loc":{"start":{"line":11,"column":33},"end":{"line":27,"column":2}},"locations":[{"start":{"line":11,"column":33},"end":{"line":27,"column":2}}]},"2":{"type":"branch","line":24,"loc":{"start":{"line":24,"column":14},"end":{"line":24,"column":32}},"locations":[{"start":{"line":24,"column":14},"end":{"line":24,"column":32}}]},"3":{"type":"branch","line":24,"loc":{"start":{"line":24,"column":32},"end":{"line":24,"column":41}},"locations":[{"start":{"line":24,"column":32},"end":{"line":24,"column":41}}]},"4":{"type":"branch","line":14,"loc":{"start":{"line":14,"column":14},"end":{"line":14,"column":17}},"locations":[{"start":{"line":14,"column":14},"end":{"line":14,"column":17}}]}},"b":{"0":[4],"1":[4],"2":[1],"3":[3],"4":[4]},"fnMap":{"0":{"name":"asyncGeneratorStep","decl":{"start":{"line":2,"column":0},"end":{"line":2,"column":47}},"loc":{"start":{"line":2,"column":0},"end":{"line":2,"column":47}},"line":2},"1":{"name":"_asyncToGenerator","decl":{"start":{"line":2,"column":0},"end":{"line":2,"column":47}},"loc":{"start":{"line":2,"column":0},"end":{"line":2,"column":47}},"line":2},"2":{"name":"_callee","decl":{"start":{"line":14,"column":17},"end":{"line":15,"column":62}},"loc":{"start":{"line":14,"column":17},"end":{"line":15,"column":62}},"line":14}},"f":{"0":0,"1":4,"2":0}}
,"/home/stil/projects/frontend/news-portal_1.1/src/shared/ui/ThemeSwitcher/index.tsx": {"path":"/home/stil/projects/frontend/news-portal_1.1/src/shared/ui/ThemeSwitcher/index.tsx","all":false,"statementMap":{"0":{"start":{"line":1,"column":0},"end":{"line":1,"column":51}},"1":{"start":{"line":2,"column":0},"end":{"line":2,"column":0}},"2":{"start":{"line":3,"column":0},"end":{"line":3,"column":25}}},"s":{"0":1,"1":1,"2":1},"branchMap":{},"b":{},"fnMap":{},"f":{}}
,"/home/stil/projects/frontend/news-portal_1.1/src/shared/ui/ThemeSwitcher/ui/ThemeSwitcher.tsx": {"path":"/home/stil/projects/frontend/news-portal_1.1/src/shared/ui/ThemeSwitcher/ui/ThemeSwitcher.tsx","all":false,"statementMap":{"0":{"start":{"line":1,"column":0},"end":{"line":1,"column":62}},"1":{"start":{"line":2,"column":0},"end":{"line":2,"column":36}},"2":{"start":{"line":3,"column":0},"end":{"line":3,"column":62}},"3":{"start":{"line":4,"column":0},"end":{"line":4,"column":60}},"4":{"start":{"line":5,"column":0},"end":{"line":5,"column":58}},"5":{"start":{"line":6,"column":0},"end":{"line":6,"column":62}},"6":{"start":{"line":7,"column":0},"end":{"line":7,"column":0}},"7":{"start":{"line":8,"column":0},"end":{"line":8,"column":30}},"8":{"start":{"line":9,"column":0},"end":{"line":9,"column":21}},"9":{"start":{"line":10,"column":0},"end":{"line":10,"column":1}},"10":{"start":{"line":11,"column":0},"end":{"line":11,"column":0}},"11":{"start":{"line":12,"column":0},"end":{"line":12,"column":74}},"12":{"start":{"line":13,"column":0},"end":{"line":13,"column":44}},"13":{"start":{"line":14,"column":0},"end":{"line":14,"column":0}},"14":{"start":{"line":15,"column":0},"end":{"line":15,"column":10}},"15":{"start":{"line":16,"column":0},"end":{"line":16,"column":11}},"16":{"start":{"line":17,"column":0},"end":{"line":17,"column":31}},"17":{"start":{"line":18,"column":0},"end":{"line":18,"column":49}},"18":{"start":{"line":19,"column":0},"end":{"line":19,"column":27}},"19":{"start":{"line":20,"column":0},"end":{"line":20,"column":5}},"20":{"start":{"line":21,"column":0},"end":{"line":21,"column":59}},"21":{"start":{"line":22,"column":0},"end":{"line":22,"column":13}},"22":{"start":{"line":23,"column":0},"end":{"line":23,"column":4}},"23":{"start":{"line":24,"column":0},"end":{"line":24,"column":3}}},"s":{"0":1,"1":1,"2":1,"3":1,"4":1,"5":1,"6":1,"7":1,"8":1,"9":1,"10":1,"11":1,"12":3,"13":3,"14":3,"15":3,"16":3,"17":3,"18":3,"19":3,"20":3,"21":3,"22":3,"23":1},"branchMap":{"0":{"type":"branch","line":12,"loc":{"start":{"line":12,"column":34},"end":{"line":24,"column":2}},"locations":[{"start":{"line":12,"column":34},"end":{"line":24,"column":2}}]},"1":{"type":"branch","line":21,"loc":{"start":{"line":21,"column":27},"end":{"line":21,"column":42}},"locations":[{"start":{"line":21,"column":27},"end":{"line":21,"column":42}}]}},"b":{"0":[3],"1":[0]},"fnMap":{},"f":{}}
,"/home/stil/projects/frontend/news-portal_1.1/src/widgets/Sidebar/model/items.ts": {"path":"/home/stil/projects/frontend/news-portal_1.1/src/widgets/Sidebar/model/items.ts","all":false,"statementMap":{"0":{"start":{"line":1,"column":0},"end":{"line":1,"column":26}},"1":{"start":{"line":2,"column":0},"end":{"line":2,"column":66}},"2":{"start":{"line":3,"column":0},"end":{"line":3,"column":58}},"3":{"start":{"line":4,"column":0},"end":{"line":4,"column":60}},"4":{"start":{"line":5,"column":0},"end":{"line":5,"column":63}},"5":{"start":{"line":6,"column":0},"end":{"line":6,"column":0}},"6":{"start":{"line":7,"column":0},"end":{"line":7,"column":34}},"7":{"start":{"line":8,"column":0},"end":{"line":8,"column":15}},"8":{"start":{"line":9,"column":0},"end":{"line":9,"column":15}},"9":{"start":{"line":10,"column":0},"end":{"line":10,"column":49}},"10":{"start":{"line":11,"column":0},"end":{"line":11,"column":1}},"11":{"start":{"line":12,"column":0},"end":{"line":12,"column":0}},"12":{"start":{"line":13,"column":0},"end":{"line":13,"column":52}},"13":{"start":{"line":14,"column":0},"end":{"line":14,"column":3}},"14":{"start":{"line":15,"column":0},"end":{"line":15,"column":25}},"15":{"start":{"line":16,"column":0},"end":{"line":16,"column":19}},"16":{"start":{"line":17,"column":0},"end":{"line":17,"column":20}},"17":{"start":{"line":18,"column":0},"end":{"line":18,"column":4}},"18":{"start":{"line":19,"column":0},"end":{"line":19,"column":3}},"19":{"start":{"line":20,"column":0},"end":{"line":20,"column":26}},"20":{"start":{"line":21,"column":0},"end":{"line":21,"column":20}},"21":{"start":{"line":22,"column":0},"end":{"line":22,"column":20}},"22":{"start":{"line":23,"column":0},"end":{"line":23,"column":4}},"23":{"start":{"line":24,"column":0},"end":{"line":24,"column":3}},"24":{"start":{"line":25,"column":0},"end":{"line":25,"column":28}},"25":{"start":{"line":26,"column":0},"end":{"line":26,"column":22}},"26":{"start":{"line":27,"column":0},"end":{"line":27,"column":20}},"27":{"start":{"line":28,"column":0},"end":{"line":28,"column":4}},"28":{"start":{"line":29,"column":0},"end":{"line":29,"column":2}}},"s":{"0":1,"1":1,"2":1,"3":1,"4":1,"5":1,"6":1,"7":1,"8":1,"9":1,"10":1,"11":1,"12":1,"13":1,"14":1,"15":1,"16":1,"17":1,"18":1,"19":1,"20":1,"21":1,"22":1,"23":1,"24":1,"25":1,"26":1,"27":1,"28":1},"branchMap":{},"b":{},"fnMap":{},"f":{}}
,"/home/stil/projects/frontend/news-portal_1.1/src/widgets/Sidebar/ui/Sidebar/Sidebar/Sidebar.tsx": {"path":"/home/stil/projects/frontend/news-portal_1.1/src/widgets/Sidebar/ui/Sidebar/Sidebar/Sidebar.tsx","all":false,"statementMap":{"0":{"start":{"line":1,"column":0},"end":{"line":1,"column":62}},"1":{"start":{"line":2,"column":0},"end":{"line":2,"column":55}},"2":{"start":{"line":3,"column":0},"end":{"line":3,"column":56}},"3":{"start":{"line":4,"column":0},"end":{"line":4,"column":67}},"4":{"start":{"line":5,"column":0},"end":{"line":5,"column":74}},"5":{"start":{"line":6,"column":0},"end":{"line":6,"column":40}},"6":{"start":{"line":7,"column":0},"end":{"line":7,"column":56}},"7":{"start":{"line":8,"column":0},"end":{"line":8,"column":57}},"8":{"start":{"line":9,"column":0},"end":{"line":9,"column":0}},"9":{"start":{"line":10,"column":0},"end":{"line":10,"column":24}},"10":{"start":{"line":11,"column":0},"end":{"line":11,"column":21}},"11":{"start":{"line":12,"column":0},"end":{"line":12,"column":1}},"12":{"start":{"line":13,"column":0},"end":{"line":13,"column":0}},"13":{"start":{"line":14,"column":0},"end":{"line":14,"column":62}},"14":{"start":{"line":15,"column":0},"end":{"line":15,"column":52}},"15":{"start":{"line":16,"column":0},"end":{"line":16,"column":0}},"16":{"start":{"line":17,"column":0},"end":{"line":17,"column":26}},"17":{"start":{"line":18,"column":0},"end":{"line":18,"column":34}},"18":{"start":{"line":19,"column":0},"end":{"line":19,"column":4}},"19":{"start":{"line":20,"column":0},"end":{"line":20,"column":0}},"20":{"start":{"line":21,"column":0},"end":{"line":21,"column":10}},"21":{"start":{"line":22,"column":0},"end":{"line":22,"column":8}},"22":{"start":{"line":23,"column":0},"end":{"line":23,"column":27}},"23":{"start":{"line":24,"column":0},"end":{"line":24,"column":74}},"24":{"start":{"line":25,"column":0},"end":{"line":25,"column":18}},"25":{"start":{"line":26,"column":0},"end":{"line":26,"column":9}},"26":{"start":{"line":27,"column":0},"end":{"line":27,"column":5}},"27":{"start":{"line":28,"column":0},"end":{"line":28,"column":13}},"28":{"start":{"line":29,"column":0},"end":{"line":29,"column":36}},"29":{"start":{"line":30,"column":0},"end":{"line":30,"column":26}},"30":{"start":{"line":31,"column":0},"end":{"line":31,"column":35}},"31":{"start":{"line":32,"column":0},"end":{"line":32,"column":47}},"32":{"start":{"line":33,"column":0},"end":{"line":33,"column":14}},"33":{"start":{"line":34,"column":0},"end":{"line":34,"column":27}},"34":{"start":{"line":35,"column":0},"end":{"line":35,"column":7}},"35":{"start":{"line":36,"column":0},"end":{"line":36,"column":31}},"36":{"start":{"line":37,"column":0},"end":{"line":37,"column":15}},"37":{"start":{"line":38,"column":0},"end":{"line":38,"column":33}},"38":{"start":{"line":39,"column":0},"end":{"line":39,"column":41}},"39":{"start":{"line":40,"column":0},"end":{"line":40,"column":75}},"40":{"start":{"line":41,"column":0},"end":{"line":41,"column":11}},"41":{"start":{"line":42,"column":0},"end":{"line":42,"column":12}},"42":{"start":{"line":43,"column":0},"end":{"line":43,"column":37}},"43":{"start":{"line":44,"column":0},"end":{"line":44,"column":25}},"44":{"start":{"line":45,"column":0},"end":{"line":45,"column":63}},"45":{"start":{"line":46,"column":0},"end":{"line":46,"column":12}},"46":{"start":{"line":47,"column":0},"end":{"line":47,"column":10}},"47":{"start":{"line":48,"column":0},"end":{"line":48,"column":4}},"48":{"start":{"line":49,"column":0},"end":{"line":49,"column":3}}},"s":{"0":1,"1":1,"2":1,"3":1,"4":1,"5":1,"6":1,"7":1,"8":1,"9":1,"10":1,"11":1,"12":1,"13":1,"14":4,"15":4,"16":4,"17":1,"18":4,"19":4,"20":4,"21":4,"22":4,"23":4,"24":4,"25":4,"26":4,"27":4,"28":4,"29":4,"30":4,"31":4,"32":4,"33":4,"34":4,"35":4,"36":4,"37":4,"38":4,"39":12,"40":4,"41":4,"42":4,"43":4,"44":4,"45":4,"46":4,"47":4,"48":1},"branchMap":{"0":{"type":"branch","line":14,"loc":{"start":{"line":14,"column":28},"end":{"line":49,"column":2}},"locations":[{"start":{"line":14,"column":28},"end":{"line":49,"column":2}}]},"1":{"type":"branch","line":36,"loc":{"start":{"line":36,"column":18},"end":{"line":36,"column":24}},"locations":[{"start":{"line":36,"column":18},"end":{"line":36,"column":24}}]},"2":{"type":"branch","line":36,"loc":{"start":{"line":36,"column":24},"end":{"line":36,"column":30}},"locations":[{"start":{"line":36,"column":24},"end":{"line":36,"column":30}}]},"3":{"type":"branch","line":17,"loc":{"start":{"line":17,"column":19},"end":{"line":19,"column":3}},"locations":[{"start":{"line":17,"column":19},"end":{"line":19,"column":3}}]},"4":{"type":"branch","line":18,"loc":{"start":{"line":18,"column":17},"end":{"line":18,"column":33}},"locations":[{"start":{"line":18,"column":17},"end":{"line":18,"column":33}}]},"5":{"type":"branch","line":39,"loc":{"start":{"line":39,"column":30},"end":{"line":40,"column":75}},"locations":[{"start":{"line":39,"column":30},"end":{"line":40,"column":75}}]}},"b":{"0":[4],"1":[1],"2":[3],"3":[1],"4":[1],"5":[12]},"fnMap":{"0":{"name":"onToggle","decl":{"start":{"line":17,"column":19},"end":{"line":19,"column":3}},"loc":{"start":{"line":17,"column":19},"end":{"line":19,"column":3}},"line":17}},"f":{"0":1}}
,"/home/stil/projects/frontend/news-portal_1.1/src/widgets/Sidebar/ui/Sidebar/SidebarItem/SidebarItem.tsx": {"path":"/home/stil/projects/frontend/news-portal_1.1/src/widgets/Sidebar/ui/Sidebar/SidebarItem/SidebarItem.tsx","all":false,"statementMap":{"0":{"start":{"line":1,"column":0},"end":{"line":1,"column":62}},"1":{"start":{"line":2,"column":0},"end":{"line":2,"column":66}},"2":{"start":{"line":3,"column":0},"end":{"line":3,"column":47}},"3":{"start":{"line":4,"column":0},"end":{"line":4,"column":62}},"4":{"start":{"line":5,"column":0},"end":{"line":5,"column":29}},"5":{"start":{"line":6,"column":0},"end":{"line":6,"column":44}},"6":{"start":{"line":7,"column":0},"end":{"line":7,"column":0}},"7":{"start":{"line":8,"column":0},"end":{"line":8,"column":28}},"8":{"start":{"line":9,"column":0},"end":{"line":9,"column":24}},"9":{"start":{"line":10,"column":0},"end":{"line":10,"column":21}},"10":{"start":{"line":11,"column":0},"end":{"line":11,"column":1}},"11":{"start":{"line":12,"column":0},"end":{"line":12,"column":0}},"12":{"start":{"line":13,"column":0},"end":{"line":13,"column":62}},"13":{"start":{"line":14,"column":0},"end":{"line":14,"column":36}},"14":{"start":{"line":15,"column":0},"end":{"line":15,"column":33}},"15":{"start":{"line":16,"column":0},"end":{"line":16,"column":0}},"16":{"start":{"line":17,"column":0},"end":{"line":17,"column":10}},"17":{"start":{"line":18,"column":0},"end":{"line":18,"column":72}},"18":{"start":{"line":19,"column":0},"end":{"line":19,"column":14}},"19":{"start":{"line":20,"column":0},"end":{"line":20,"column":38}},"20":{"start":{"line":21,"column":0},"end":{"line":21,"column":22}},"21":{"start":{"line":22,"column":0},"end":{"line":22,"column":28}},"22":{"start":{"line":23,"column":0},"end":{"line":23,"column":7}},"23":{"start":{"line":24,"column":0},"end":{"line":24,"column":42}},"24":{"start":{"line":25,"column":0},"end":{"line":25,"column":56}},"25":{"start":{"line":26,"column":0},"end":{"line":26,"column":16}},"26":{"start":{"line":27,"column":0},"end":{"line":27,"column":10}},"27":{"start":{"line":28,"column":0},"end":{"line":28,"column":4}},"28":{"start":{"line":29,"column":0},"end":{"line":29,"column":2}}},"s":{"0":1,"1":1,"2":1,"3":1,"4":1,"5":1,"6":1,"7":1,"8":1,"9":1,"10":1,"11":1,"12":1,"13":12,"14":12,"15":12,"16":12,"17":12,"18":12,"19":12,"20":12,"21":12,"22":12,"23":12,"24":12,"25":12,"26":12,"27":12,"28":12},"branchMap":{"0":{"type":"branch","line":13,"loc":{"start":{"line":13,"column":32},"end":{"line":29,"column":2}},"locations":[{"start":{"line":13,"column":32},"end":{"line":29,"column":2}}]}},"b":{"0":[12]},"fnMap":{},"f":{}}
}
